[0.288s] Invoking command in '/home/alpha/Research/voxblox/build/vpp_interfaces': CMAKE_PREFIX_PATH=${CMAKE_PREFIX_PATH}:/home/alpha/Research/voxblox/install/zed_showvideo:/home/alpha/Research/voxblox/install/camera:/home/alpha/Research/voxblox/install/mask_rcnn_ros2:/opt/ros/humble CONDA_PROMPT_MODIFIER=(voxblox) /home/alpha/anaconda3/envs/voxblox/bin/cmake --build /home/alpha/Research/voxblox/build/vpp_interfaces -- -j22 -l22
[0.334s] [  4%] Built target vpp_interfaces__cpp
[0.335s] [ 12%] Built target vpp_interfaces__rosidl_generator_c
[0.335s] [ 12%] Built target ament_cmake_python_copy_vpp_interfaces
[0.347s] [ 23%] Built target vpp_interfaces__rosidl_typesupport_introspection_cpp
[0.349s] [ 34%] Built target vpp_interfaces__rosidl_typesupport_cpp
[0.353s] [ 44%] Built target vpp_interfaces__rosidl_typesupport_introspection_c
[0.356s] [ 55%] Built target vpp_interfaces__rosidl_typesupport_fastrtps_cpp
[0.357s] [ 65%] Built target vpp_interfaces__rosidl_typesupport_fastrtps_c
[0.359s] [ 76%] Built target vpp_interfaces__rosidl_typesupport_c
[0.369s] [ 76%] Built target vpp_interfaces
[0.384s] [ 78%] Built target vpp_interfaces__py
[0.403s] [ 87%] Built target vpp_interfaces__rosidl_generator_py
[0.418s] [ 95%] Built target vpp_interfaces__rosidl_typesupport_fastrtps_c__pyext
[0.418s] [ 95%] Built target vpp_interfaces__rosidl_typesupport_introspection_c__pyext
[0.418s] [100%] Built target vpp_interfaces__rosidl_typesupport_c__pyext
[0.445s] running egg_info
[0.451s] writing vpp_interfaces.egg-info/PKG-INFO
[0.451s] writing dependency_links to vpp_interfaces.egg-info/dependency_links.txt
[0.452s] writing top-level names to vpp_interfaces.egg-info/top_level.txt
[0.470s] reading manifest file 'vpp_interfaces.egg-info/SOURCES.txt'
[0.470s] writing manifest file 'vpp_interfaces.egg-info/SOURCES.txt'
[0.490s] [100%] Built target ament_cmake_python_build_vpp_interfaces_egg
[0.497s] Invoked command in '/home/alpha/Research/voxblox/build/vpp_interfaces' returned '0': CMAKE_PREFIX_PATH=${CMAKE_PREFIX_PATH}:/home/alpha/Research/voxblox/install/zed_showvideo:/home/alpha/Research/voxblox/install/camera:/home/alpha/Research/voxblox/install/mask_rcnn_ros2:/opt/ros/humble CONDA_PROMPT_MODIFIER=(voxblox) /home/alpha/anaconda3/envs/voxblox/bin/cmake --build /home/alpha/Research/voxblox/build/vpp_interfaces -- -j22 -l22
[0.607s] Invoking command in '/home/alpha/Research/voxblox/build/vpp_interfaces': CMAKE_PREFIX_PATH=${CMAKE_PREFIX_PATH}:/home/alpha/Research/voxblox/install/zed_showvideo:/home/alpha/Research/voxblox/install/camera:/home/alpha/Research/voxblox/install/mask_rcnn_ros2:/opt/ros/humble CONDA_PROMPT_MODIFIER=(voxblox) /home/alpha/anaconda3/envs/voxblox/bin/cmake --install /home/alpha/Research/voxblox/build/vpp_interfaces
[0.615s] -- Install configuration: ""
[0.616s] -- Up-to-date: /home/alpha/Research/voxblox/install/vpp_interfaces/share/ament_index/resource_index/rosidl_interfaces/vpp_interfaces
[0.616s] -- Up-to-date: /home/alpha/Research/voxblox/install/vpp_interfaces/include/vpp_interfaces/vpp_interfaces
[0.617s] -- Up-to-date: /home/alpha/Research/voxblox/install/vpp_interfaces/include/vpp_interfaces/vpp_interfaces/srv
[0.617s] -- Up-to-date: /home/alpha/Research/voxblox/install/vpp_interfaces/include/vpp_interfaces/vpp_interfaces/srv/predict_rgb.h
[0.617s] -- Up-to-date: /home/alpha/Research/voxblox/install/vpp_interfaces/include/vpp_interfaces/vpp_interfaces/srv/detail
[0.617s] -- Up-to-date: /home/alpha/Research/voxblox/install/vpp_interfaces/include/vpp_interfaces/vpp_interfaces/srv/detail/predict_depth__functions.c
[0.618s] -- Up-to-date: /home/alpha/Research/voxblox/install/vpp_interfaces/include/vpp_interfaces/vpp_interfaces/srv/detail/predict_rgb__struct.h
[0.618s] -- Up-to-date: /home/alpha/Research/voxblox/install/vpp_interfaces/include/vpp_interfaces/vpp_interfaces/srv/detail/predict_rgb__functions.h
[0.618s] -- Up-to-date: /home/alpha/Research/voxblox/install/vpp_interfaces/include/vpp_interfaces/vpp_interfaces/srv/detail/predict_rgb__functions.c
[0.618s] -- Up-to-date: /home/alpha/Research/voxblox/install/vpp_interfaces/include/vpp_interfaces/vpp_interfaces/srv/detail/predict_depth__functions.h
[0.619s] -- Up-to-date: /home/alpha/Research/voxblox/install/vpp_interfaces/include/vpp_interfaces/vpp_interfaces/srv/detail/predict_depth__type_support.h
[0.619s] -- Up-to-date: /home/alpha/Research/voxblox/install/vpp_interfaces/include/vpp_interfaces/vpp_interfaces/srv/detail/predict_depth__struct.h
[0.619s] -- Up-to-date: /home/alpha/Research/voxblox/install/vpp_interfaces/include/vpp_interfaces/vpp_interfaces/srv/detail/predict_rgb__type_support.h
[0.619s] -- Up-to-date: /home/alpha/Research/voxblox/install/vpp_interfaces/include/vpp_interfaces/vpp_interfaces/srv/predict_depth.h
[0.620s] -- Up-to-date: /home/alpha/Research/voxblox/install/vpp_interfaces/include/vpp_interfaces/vpp_interfaces/msg
[0.620s] -- Up-to-date: /home/alpha/Research/voxblox/install/vpp_interfaces/include/vpp_interfaces/vpp_interfaces/msg/detail
[0.620s] -- Up-to-date: /home/alpha/Research/voxblox/install/vpp_interfaces/include/vpp_interfaces/vpp_interfaces/msg/detail/result__functions.c
[0.620s] -- Up-to-date: /home/alpha/Research/voxblox/install/vpp_interfaces/include/vpp_interfaces/vpp_interfaces/msg/detail/result__type_support.h
[0.620s] -- Up-to-date: /home/alpha/Research/voxblox/install/vpp_interfaces/include/vpp_interfaces/vpp_interfaces/msg/detail/result__struct.h
[0.620s] -- Up-to-date: /home/alpha/Research/voxblox/install/vpp_interfaces/include/vpp_interfaces/vpp_interfaces/msg/detail/result__functions.h
[0.620s] -- Up-to-date: /home/alpha/Research/voxblox/install/vpp_interfaces/include/vpp_interfaces/vpp_interfaces/msg/rosidl_generator_c__visibility_control.h
[0.620s] -- Up-to-date: /home/alpha/Research/voxblox/install/vpp_interfaces/include/vpp_interfaces/vpp_interfaces/msg/result.h
[0.620s] -- Up-to-date: /home/alpha/Research/voxblox/install/vpp_interfaces/share/vpp_interfaces/environment/library_path.sh
[0.620s] -- Up-to-date: /home/alpha/Research/voxblox/install/vpp_interfaces/share/vpp_interfaces/environment/library_path.dsv
[0.620s] -- Up-to-date: /home/alpha/Research/voxblox/install/vpp_interfaces/lib/libvpp_interfaces__rosidl_generator_c.so
[0.621s] -- Up-to-date: /home/alpha/Research/voxblox/install/vpp_interfaces/include/vpp_interfaces/vpp_interfaces
[0.621s] -- Up-to-date: /home/alpha/Research/voxblox/install/vpp_interfaces/include/vpp_interfaces/vpp_interfaces/srv
[0.621s] -- Up-to-date: /home/alpha/Research/voxblox/install/vpp_interfaces/include/vpp_interfaces/vpp_interfaces/srv/detail
[0.621s] -- Up-to-date: /home/alpha/Research/voxblox/install/vpp_interfaces/include/vpp_interfaces/vpp_interfaces/srv/detail/predict_rgb__rosidl_typesupport_fastrtps_c.h
[0.621s] -- Up-to-date: /home/alpha/Research/voxblox/install/vpp_interfaces/include/vpp_interfaces/vpp_interfaces/srv/detail/predict_depth__rosidl_typesupport_fastrtps_c.h
[0.621s] -- Up-to-date: /home/alpha/Research/voxblox/install/vpp_interfaces/include/vpp_interfaces/vpp_interfaces/msg
[0.621s] -- Up-to-date: /home/alpha/Research/voxblox/install/vpp_interfaces/include/vpp_interfaces/vpp_interfaces/msg/detail
[0.621s] -- Up-to-date: /home/alpha/Research/voxblox/install/vpp_interfaces/include/vpp_interfaces/vpp_interfaces/msg/detail/result__rosidl_typesupport_fastrtps_c.h
[0.621s] -- Up-to-date: /home/alpha/Research/voxblox/install/vpp_interfaces/include/vpp_interfaces/vpp_interfaces/msg/rosidl_typesupport_fastrtps_c__visibility_control.h
[0.621s] -- Up-to-date: /home/alpha/Research/voxblox/install/vpp_interfaces/lib/libvpp_interfaces__rosidl_typesupport_fastrtps_c.so
[0.621s] -- Up-to-date: /home/alpha/Research/voxblox/install/vpp_interfaces/include/vpp_interfaces/vpp_interfaces
[0.621s] -- Up-to-date: /home/alpha/Research/voxblox/install/vpp_interfaces/include/vpp_interfaces/vpp_interfaces/srv
[0.621s] -- Up-to-date: /home/alpha/Research/voxblox/install/vpp_interfaces/include/vpp_interfaces/vpp_interfaces/srv/detail
[0.622s] -- Up-to-date: /home/alpha/Research/voxblox/install/vpp_interfaces/include/vpp_interfaces/vpp_interfaces/srv/detail/predict_rgb__traits.hpp
[0.622s] -- Up-to-date: /home/alpha/Research/voxblox/install/vpp_interfaces/include/vpp_interfaces/vpp_interfaces/srv/detail/predict_depth__traits.hpp
[0.622s] -- Up-to-date: /home/alpha/Research/voxblox/install/vpp_interfaces/include/vpp_interfaces/vpp_interfaces/srv/detail/predict_depth__struct.hpp
[0.622s] -- Up-to-date: /home/alpha/Research/voxblox/install/vpp_interfaces/include/vpp_interfaces/vpp_interfaces/srv/detail/predict_rgb__builder.hpp
[0.622s] -- Up-to-date: /home/alpha/Research/voxblox/install/vpp_interfaces/include/vpp_interfaces/vpp_interfaces/srv/detail/predict_depth__builder.hpp
[0.622s] -- Up-to-date: /home/alpha/Research/voxblox/install/vpp_interfaces/include/vpp_interfaces/vpp_interfaces/srv/detail/predict_rgb__struct.hpp
[0.622s] -- Up-to-date: /home/alpha/Research/voxblox/install/vpp_interfaces/include/vpp_interfaces/vpp_interfaces/srv/predict_depth.hpp
[0.622s] -- Up-to-date: /home/alpha/Research/voxblox/install/vpp_interfaces/include/vpp_interfaces/vpp_interfaces/srv/predict_rgb.hpp
[0.622s] -- Up-to-date: /home/alpha/Research/voxblox/install/vpp_interfaces/include/vpp_interfaces/vpp_interfaces/msg
[0.622s] -- Up-to-date: /home/alpha/Research/voxblox/install/vpp_interfaces/include/vpp_interfaces/vpp_interfaces/msg/result.hpp
[0.622s] -- Up-to-date: /home/alpha/Research/voxblox/install/vpp_interfaces/include/vpp_interfaces/vpp_interfaces/msg/detail
[0.622s] -- Up-to-date: /home/alpha/Research/voxblox/install/vpp_interfaces/include/vpp_interfaces/vpp_interfaces/msg/detail/result__struct.hpp
[0.622s] -- Up-to-date: /home/alpha/Research/voxblox/install/vpp_interfaces/include/vpp_interfaces/vpp_interfaces/msg/detail/result__builder.hpp
[0.623s] -- Up-to-date: /home/alpha/Research/voxblox/install/vpp_interfaces/include/vpp_interfaces/vpp_interfaces/msg/detail/result__traits.hpp
[0.623s] -- Up-to-date: /home/alpha/Research/voxblox/install/vpp_interfaces/include/vpp_interfaces/vpp_interfaces
[0.623s] -- Up-to-date: /home/alpha/Research/voxblox/install/vpp_interfaces/include/vpp_interfaces/vpp_interfaces/srv
[0.623s] -- Up-to-date: /home/alpha/Research/voxblox/install/vpp_interfaces/include/vpp_interfaces/vpp_interfaces/srv/detail
[0.623s] -- Up-to-date: /home/alpha/Research/voxblox/install/vpp_interfaces/include/vpp_interfaces/vpp_interfaces/srv/detail/dds_fastrtps
[0.623s] -- Up-to-date: /home/alpha/Research/voxblox/install/vpp_interfaces/include/vpp_interfaces/vpp_interfaces/srv/detail/predict_rgb__rosidl_typesupport_fastrtps_cpp.hpp
[0.623s] -- Up-to-date: /home/alpha/Research/voxblox/install/vpp_interfaces/include/vpp_interfaces/vpp_interfaces/srv/detail/predict_depth__rosidl_typesupport_fastrtps_cpp.hpp
[0.623s] -- Up-to-date: /home/alpha/Research/voxblox/install/vpp_interfaces/include/vpp_interfaces/vpp_interfaces/msg
[0.623s] -- Up-to-date: /home/alpha/Research/voxblox/install/vpp_interfaces/include/vpp_interfaces/vpp_interfaces/msg/detail
[0.623s] -- Up-to-date: /home/alpha/Research/voxblox/install/vpp_interfaces/include/vpp_interfaces/vpp_interfaces/msg/detail/dds_fastrtps
[0.623s] -- Up-to-date: /home/alpha/Research/voxblox/install/vpp_interfaces/include/vpp_interfaces/vpp_interfaces/msg/detail/result__rosidl_typesupport_fastrtps_cpp.hpp
[0.623s] -- Up-to-date: /home/alpha/Research/voxblox/install/vpp_interfaces/include/vpp_interfaces/vpp_interfaces/msg/rosidl_typesupport_fastrtps_cpp__visibility_control.h
[0.623s] -- Up-to-date: /home/alpha/Research/voxblox/install/vpp_interfaces/lib/libvpp_interfaces__rosidl_typesupport_fastrtps_cpp.so
[0.623s] -- Up-to-date: /home/alpha/Research/voxblox/install/vpp_interfaces/include/vpp_interfaces/vpp_interfaces
[0.624s] -- Up-to-date: /home/alpha/Research/voxblox/install/vpp_interfaces/include/vpp_interfaces/vpp_interfaces/srv
[0.624s] -- Up-to-date: /home/alpha/Research/voxblox/install/vpp_interfaces/include/vpp_interfaces/vpp_interfaces/srv/detail
[0.624s] -- Up-to-date: /home/alpha/Research/voxblox/install/vpp_interfaces/include/vpp_interfaces/vpp_interfaces/srv/detail/predict_rgb__rosidl_typesupport_introspection_c.h
[0.624s] -- Up-to-date: /home/alpha/Research/voxblox/install/vpp_interfaces/include/vpp_interfaces/vpp_interfaces/srv/detail/predict_rgb__type_support.c
[0.624s] -- Up-to-date: /home/alpha/Research/voxblox/install/vpp_interfaces/include/vpp_interfaces/vpp_interfaces/srv/detail/predict_depth__rosidl_typesupport_introspection_c.h
[0.624s] -- Up-to-date: /home/alpha/Research/voxblox/install/vpp_interfaces/include/vpp_interfaces/vpp_interfaces/srv/detail/predict_depth__type_support.c
[0.624s] -- Up-to-date: /home/alpha/Research/voxblox/install/vpp_interfaces/include/vpp_interfaces/vpp_interfaces/msg
[0.624s] -- Up-to-date: /home/alpha/Research/voxblox/install/vpp_interfaces/include/vpp_interfaces/vpp_interfaces/msg/rosidl_typesupport_introspection_c__visibility_control.h
[0.624s] -- Up-to-date: /home/alpha/Research/voxblox/install/vpp_interfaces/include/vpp_interfaces/vpp_interfaces/msg/detail
[0.624s] -- Up-to-date: /home/alpha/Research/voxblox/install/vpp_interfaces/include/vpp_interfaces/vpp_interfaces/msg/detail/result__type_support.c
[0.624s] -- Up-to-date: /home/alpha/Research/voxblox/install/vpp_interfaces/include/vpp_interfaces/vpp_interfaces/msg/detail/result__rosidl_typesupport_introspection_c.h
[0.624s] -- Up-to-date: /home/alpha/Research/voxblox/install/vpp_interfaces/lib/libvpp_interfaces__rosidl_typesupport_introspection_c.so
[0.624s] -- Up-to-date: /home/alpha/Research/voxblox/install/vpp_interfaces/lib/libvpp_interfaces__rosidl_typesupport_c.so
[0.624s] -- Up-to-date: /home/alpha/Research/voxblox/install/vpp_interfaces/include/vpp_interfaces/vpp_interfaces
[0.624s] -- Up-to-date: /home/alpha/Research/voxblox/install/vpp_interfaces/include/vpp_interfaces/vpp_interfaces/srv
[0.624s] -- Up-to-date: /home/alpha/Research/voxblox/install/vpp_interfaces/include/vpp_interfaces/vpp_interfaces/srv/detail
[0.625s] -- Up-to-date: /home/alpha/Research/voxblox/install/vpp_interfaces/include/vpp_interfaces/vpp_interfaces/srv/detail/predict_depth__type_support.cpp
[0.625s] -- Up-to-date: /home/alpha/Research/voxblox/install/vpp_interfaces/include/vpp_interfaces/vpp_interfaces/srv/detail/predict_rgb__rosidl_typesupport_introspection_cpp.hpp
[0.625s] -- Up-to-date: /home/alpha/Research/voxblox/install/vpp_interfaces/include/vpp_interfaces/vpp_interfaces/srv/detail/predict_rgb__type_support.cpp
[0.625s] -- Up-to-date: /home/alpha/Research/voxblox/install/vpp_interfaces/include/vpp_interfaces/vpp_interfaces/srv/detail/predict_depth__rosidl_typesupport_introspection_cpp.hpp
[0.625s] -- Up-to-date: /home/alpha/Research/voxblox/install/vpp_interfaces/include/vpp_interfaces/vpp_interfaces/msg
[0.625s] -- Up-to-date: /home/alpha/Research/voxblox/install/vpp_interfaces/include/vpp_interfaces/vpp_interfaces/msg/detail
[0.625s] -- Up-to-date: /home/alpha/Research/voxblox/install/vpp_interfaces/include/vpp_interfaces/vpp_interfaces/msg/detail/result__rosidl_typesupport_introspection_cpp.hpp
[0.625s] -- Up-to-date: /home/alpha/Research/voxblox/install/vpp_interfaces/include/vpp_interfaces/vpp_interfaces/msg/detail/result__type_support.cpp
[0.625s] -- Up-to-date: /home/alpha/Research/voxblox/install/vpp_interfaces/lib/libvpp_interfaces__rosidl_typesupport_introspection_cpp.so
[0.625s] -- Up-to-date: /home/alpha/Research/voxblox/install/vpp_interfaces/lib/libvpp_interfaces__rosidl_typesupport_cpp.so
[0.625s] -- Up-to-date: /home/alpha/Research/voxblox/install/vpp_interfaces/share/vpp_interfaces/environment/pythonpath.sh
[0.625s] -- Up-to-date: /home/alpha/Research/voxblox/install/vpp_interfaces/share/vpp_interfaces/environment/pythonpath.dsv
[0.625s] -- Up-to-date: /home/alpha/Research/voxblox/install/vpp_interfaces/lib/python3.10/site-packages/vpp_interfaces-0.0.0-py3.10.egg-info
[0.625s] -- Installing: /home/alpha/Research/voxblox/install/vpp_interfaces/lib/python3.10/site-packages/vpp_interfaces-0.0.0-py3.10.egg-info/SOURCES.txt
[0.625s] -- Installing: /home/alpha/Research/voxblox/install/vpp_interfaces/lib/python3.10/site-packages/vpp_interfaces-0.0.0-py3.10.egg-info/PKG-INFO
[0.625s] -- Installing: /home/alpha/Research/voxblox/install/vpp_interfaces/lib/python3.10/site-packages/vpp_interfaces-0.0.0-py3.10.egg-info/top_level.txt
[0.626s] -- Installing: /home/alpha/Research/voxblox/install/vpp_interfaces/lib/python3.10/site-packages/vpp_interfaces-0.0.0-py3.10.egg-info/dependency_links.txt
[0.626s] -- Up-to-date: /home/alpha/Research/voxblox/install/vpp_interfaces/lib/python3.10/site-packages/vpp_interfaces
[0.626s] -- Up-to-date: /home/alpha/Research/voxblox/install/vpp_interfaces/lib/python3.10/site-packages/vpp_interfaces/srv
[0.626s] -- Up-to-date: /home/alpha/Research/voxblox/install/vpp_interfaces/lib/python3.10/site-packages/vpp_interfaces/srv/__init__.py
[0.626s] -- Up-to-date: /home/alpha/Research/voxblox/install/vpp_interfaces/lib/python3.10/site-packages/vpp_interfaces/srv/_predict_rgb.py
[0.626s] -- Up-to-date: /home/alpha/Research/voxblox/install/vpp_interfaces/lib/python3.10/site-packages/vpp_interfaces/srv/_predict_depth.py
[0.626s] -- Up-to-date: /home/alpha/Research/voxblox/install/vpp_interfaces/lib/python3.10/site-packages/vpp_interfaces/srv/_predict_rgb_s.c
[0.626s] -- Up-to-date: /home/alpha/Research/voxblox/install/vpp_interfaces/lib/python3.10/site-packages/vpp_interfaces/srv/_predict_depth_s.c
[0.626s] -- Up-to-date: /home/alpha/Research/voxblox/install/vpp_interfaces/lib/python3.10/site-packages/vpp_interfaces/_vpp_interfaces_s.ep.rosidl_typesupport_c.c
[0.626s] -- Up-to-date: /home/alpha/Research/voxblox/install/vpp_interfaces/lib/python3.10/site-packages/vpp_interfaces/_vpp_interfaces_s.ep.rosidl_typesupport_introspection_c.c
[0.626s] -- Up-to-date: /home/alpha/Research/voxblox/install/vpp_interfaces/lib/python3.10/site-packages/vpp_interfaces/vpp_interfaces_s__rosidl_typesupport_introspection_c.cpython-310-x86_64-linux-gnu.so
[0.626s] -- Up-to-date: /home/alpha/Research/voxblox/install/vpp_interfaces/lib/python3.10/site-packages/vpp_interfaces/libvpp_interfaces__rosidl_generator_py.so
[0.626s] -- Up-to-date: /home/alpha/Research/voxblox/install/vpp_interfaces/lib/python3.10/site-packages/vpp_interfaces/__init__.py
[0.626s] -- Up-to-date: /home/alpha/Research/voxblox/install/vpp_interfaces/lib/python3.10/site-packages/vpp_interfaces/msg
[0.626s] -- Up-to-date: /home/alpha/Research/voxblox/install/vpp_interfaces/lib/python3.10/site-packages/vpp_interfaces/msg/__init__.py
[0.626s] -- Up-to-date: /home/alpha/Research/voxblox/install/vpp_interfaces/lib/python3.10/site-packages/vpp_interfaces/msg/_result.py
[0.627s] -- Up-to-date: /home/alpha/Research/voxblox/install/vpp_interfaces/lib/python3.10/site-packages/vpp_interfaces/msg/_result_s.c
[0.627s] -- Up-to-date: /home/alpha/Research/voxblox/install/vpp_interfaces/lib/python3.10/site-packages/vpp_interfaces/vpp_interfaces_s__rosidl_typesupport_fastrtps_c.cpython-310-x86_64-linux-gnu.so
[0.627s] -- Up-to-date: /home/alpha/Research/voxblox/install/vpp_interfaces/lib/python3.10/site-packages/vpp_interfaces/_vpp_interfaces_s.ep.rosidl_typesupport_fastrtps_c.c
[0.627s] -- Up-to-date: /home/alpha/Research/voxblox/install/vpp_interfaces/lib/python3.10/site-packages/vpp_interfaces/vpp_interfaces_s__rosidl_typesupport_c.cpython-310-x86_64-linux-gnu.so
[0.651s] Listing '/home/alpha/Research/voxblox/install/vpp_interfaces/lib/python3.10/site-packages/vpp_interfaces'...
[0.651s] Listing '/home/alpha/Research/voxblox/install/vpp_interfaces/lib/python3.10/site-packages/vpp_interfaces/msg'...
[0.651s] Listing '/home/alpha/Research/voxblox/install/vpp_interfaces/lib/python3.10/site-packages/vpp_interfaces/srv'...
[0.654s] -- Up-to-date: /home/alpha/Research/voxblox/install/vpp_interfaces/lib/python3.10/site-packages/vpp_interfaces/vpp_interfaces_s__rosidl_typesupport_fastrtps_c.cpython-310-x86_64-linux-gnu.so
[0.654s] -- Up-to-date: /home/alpha/Research/voxblox/install/vpp_interfaces/lib/python3.10/site-packages/vpp_interfaces/vpp_interfaces_s__rosidl_typesupport_introspection_c.cpython-310-x86_64-linux-gnu.so
[0.655s] -- Up-to-date: /home/alpha/Research/voxblox/install/vpp_interfaces/lib/python3.10/site-packages/vpp_interfaces/vpp_interfaces_s__rosidl_typesupport_c.cpython-310-x86_64-linux-gnu.so
[0.655s] -- Up-to-date: /home/alpha/Research/voxblox/install/vpp_interfaces/lib/libvpp_interfaces__rosidl_generator_py.so
[0.656s] -- Up-to-date: /home/alpha/Research/voxblox/install/vpp_interfaces/share/vpp_interfaces/msg/Result.idl
[0.656s] -- Up-to-date: /home/alpha/Research/voxblox/install/vpp_interfaces/share/vpp_interfaces/srv/PredictRGB.idl
[0.656s] -- Up-to-date: /home/alpha/Research/voxblox/install/vpp_interfaces/share/vpp_interfaces/srv/PredictDepth.idl
[0.656s] -- Up-to-date: /home/alpha/Research/voxblox/install/vpp_interfaces/share/vpp_interfaces/msg/Result.msg
[0.656s] -- Up-to-date: /home/alpha/Research/voxblox/install/vpp_interfaces/share/vpp_interfaces/srv/PredictRGB.srv
[0.656s] -- Up-to-date: /home/alpha/Research/voxblox/install/vpp_interfaces/share/vpp_interfaces/srv/PredictRGB_Request.msg
[0.656s] -- Up-to-date: /home/alpha/Research/voxblox/install/vpp_interfaces/share/vpp_interfaces/srv/PredictRGB_Response.msg
[0.656s] -- Up-to-date: /home/alpha/Research/voxblox/install/vpp_interfaces/share/vpp_interfaces/srv/PredictDepth.srv
[0.657s] -- Up-to-date: /home/alpha/Research/voxblox/install/vpp_interfaces/share/vpp_interfaces/srv/PredictDepth_Request.msg
[0.657s] -- Up-to-date: /home/alpha/Research/voxblox/install/vpp_interfaces/share/vpp_interfaces/srv/PredictDepth_Response.msg
[0.657s] -- Up-to-date: /home/alpha/Research/voxblox/install/vpp_interfaces/share/ament_index/resource_index/package_run_dependencies/vpp_interfaces
[0.657s] -- Up-to-date: /home/alpha/Research/voxblox/install/vpp_interfaces/share/ament_index/resource_index/parent_prefix_path/vpp_interfaces
[0.657s] -- Up-to-date: /home/alpha/Research/voxblox/install/vpp_interfaces/share/vpp_interfaces/environment/ament_prefix_path.sh
[0.657s] -- Up-to-date: /home/alpha/Research/voxblox/install/vpp_interfaces/share/vpp_interfaces/environment/ament_prefix_path.dsv
[0.658s] -- Up-to-date: /home/alpha/Research/voxblox/install/vpp_interfaces/share/vpp_interfaces/environment/path.sh
[0.658s] -- Up-to-date: /home/alpha/Research/voxblox/install/vpp_interfaces/share/vpp_interfaces/environment/path.dsv
[0.658s] -- Up-to-date: /home/alpha/Research/voxblox/install/vpp_interfaces/share/vpp_interfaces/local_setup.bash
[0.658s] -- Up-to-date: /home/alpha/Research/voxblox/install/vpp_interfaces/share/vpp_interfaces/local_setup.sh
[0.659s] -- Up-to-date: /home/alpha/Research/voxblox/install/vpp_interfaces/share/vpp_interfaces/local_setup.zsh
[0.659s] -- Up-to-date: /home/alpha/Research/voxblox/install/vpp_interfaces/share/vpp_interfaces/local_setup.dsv
[0.659s] -- Installing: /home/alpha/Research/voxblox/install/vpp_interfaces/share/vpp_interfaces/package.dsv
[0.659s] -- Up-to-date: /home/alpha/Research/voxblox/install/vpp_interfaces/share/ament_index/resource_index/packages/vpp_interfaces
[0.660s] -- Up-to-date: /home/alpha/Research/voxblox/install/vpp_interfaces/share/vpp_interfaces/cmake/export_vpp_interfaces__rosidl_generator_cExport.cmake
[0.660s] -- Up-to-date: /home/alpha/Research/voxblox/install/vpp_interfaces/share/vpp_interfaces/cmake/export_vpp_interfaces__rosidl_generator_cExport-noconfig.cmake
[0.660s] -- Up-to-date: /home/alpha/Research/voxblox/install/vpp_interfaces/share/vpp_interfaces/cmake/export_vpp_interfaces__rosidl_typesupport_fastrtps_cExport.cmake
[0.661s] -- Up-to-date: /home/alpha/Research/voxblox/install/vpp_interfaces/share/vpp_interfaces/cmake/export_vpp_interfaces__rosidl_typesupport_fastrtps_cExport-noconfig.cmake
[0.661s] -- Up-to-date: /home/alpha/Research/voxblox/install/vpp_interfaces/share/vpp_interfaces/cmake/export_vpp_interfaces__rosidl_generator_cppExport.cmake
[0.661s] -- Up-to-date: /home/alpha/Research/voxblox/install/vpp_interfaces/share/vpp_interfaces/cmake/export_vpp_interfaces__rosidl_typesupport_fastrtps_cppExport.cmake
[0.661s] -- Up-to-date: /home/alpha/Research/voxblox/install/vpp_interfaces/share/vpp_interfaces/cmake/export_vpp_interfaces__rosidl_typesupport_fastrtps_cppExport-noconfig.cmake
[0.661s] -- Up-to-date: /home/alpha/Research/voxblox/install/vpp_interfaces/share/vpp_interfaces/cmake/vpp_interfaces__rosidl_typesupport_introspection_cExport.cmake
[0.661s] -- Up-to-date: /home/alpha/Research/voxblox/install/vpp_interfaces/share/vpp_interfaces/cmake/vpp_interfaces__rosidl_typesupport_introspection_cExport-noconfig.cmake
[0.661s] -- Up-to-date: /home/alpha/Research/voxblox/install/vpp_interfaces/share/vpp_interfaces/cmake/vpp_interfaces__rosidl_typesupport_cExport.cmake
[0.662s] -- Up-to-date: /home/alpha/Research/voxblox/install/vpp_interfaces/share/vpp_interfaces/cmake/vpp_interfaces__rosidl_typesupport_cExport-noconfig.cmake
[0.662s] -- Up-to-date: /home/alpha/Research/voxblox/install/vpp_interfaces/share/vpp_interfaces/cmake/vpp_interfaces__rosidl_typesupport_introspection_cppExport.cmake
[0.662s] -- Up-to-date: /home/alpha/Research/voxblox/install/vpp_interfaces/share/vpp_interfaces/cmake/vpp_interfaces__rosidl_typesupport_introspection_cppExport-noconfig.cmake
[0.662s] -- Up-to-date: /home/alpha/Research/voxblox/install/vpp_interfaces/share/vpp_interfaces/cmake/vpp_interfaces__rosidl_typesupport_cppExport.cmake
[0.662s] -- Up-to-date: /home/alpha/Research/voxblox/install/vpp_interfaces/share/vpp_interfaces/cmake/vpp_interfaces__rosidl_typesupport_cppExport-noconfig.cmake
[0.662s] -- Up-to-date: /home/alpha/Research/voxblox/install/vpp_interfaces/share/vpp_interfaces/cmake/export_vpp_interfaces__rosidl_generator_pyExport.cmake
[0.662s] -- Up-to-date: /home/alpha/Research/voxblox/install/vpp_interfaces/share/vpp_interfaces/cmake/export_vpp_interfaces__rosidl_generator_pyExport-noconfig.cmake
[0.662s] -- Up-to-date: /home/alpha/Research/voxblox/install/vpp_interfaces/share/vpp_interfaces/cmake/rosidl_cmake-extras.cmake
[0.662s] -- Up-to-date: /home/alpha/Research/voxblox/install/vpp_interfaces/share/vpp_interfaces/cmake/ament_cmake_export_dependencies-extras.cmake
[0.662s] -- Up-to-date: /home/alpha/Research/voxblox/install/vpp_interfaces/share/vpp_interfaces/cmake/ament_cmake_export_include_directories-extras.cmake
[0.662s] -- Up-to-date: /home/alpha/Research/voxblox/install/vpp_interfaces/share/vpp_interfaces/cmake/ament_cmake_export_libraries-extras.cmake
[0.662s] -- Up-to-date: /home/alpha/Research/voxblox/install/vpp_interfaces/share/vpp_interfaces/cmake/ament_cmake_export_targets-extras.cmake
[0.662s] -- Up-to-date: /home/alpha/Research/voxblox/install/vpp_interfaces/share/vpp_interfaces/cmake/rosidl_cmake_export_typesupport_targets-extras.cmake
[0.663s] -- Up-to-date: /home/alpha/Research/voxblox/install/vpp_interfaces/share/vpp_interfaces/cmake/rosidl_cmake_export_typesupport_libraries-extras.cmake
[0.663s] -- Up-to-date: /home/alpha/Research/voxblox/install/vpp_interfaces/share/vpp_interfaces/cmake/vpp_interfacesConfig.cmake
[0.663s] -- Up-to-date: /home/alpha/Research/voxblox/install/vpp_interfaces/share/vpp_interfaces/cmake/vpp_interfacesConfig-version.cmake
[0.663s] -- Up-to-date: /home/alpha/Research/voxblox/install/vpp_interfaces/share/vpp_interfaces/package.xml
[0.663s] Invoked command in '/home/alpha/Research/voxblox/build/vpp_interfaces' returned '0': CMAKE_PREFIX_PATH=${CMAKE_PREFIX_PATH}:/home/alpha/Research/voxblox/install/zed_showvideo:/home/alpha/Research/voxblox/install/camera:/home/alpha/Research/voxblox/install/mask_rcnn_ros2:/opt/ros/humble CONDA_PROMPT_MODIFIER=(voxblox) /home/alpha/anaconda3/envs/voxblox/bin/cmake --install /home/alpha/Research/voxblox/build/vpp_interfaces
