running egg_info
writing ../../build/mask_rcnn_ros2/mask_rcnn_ros2.egg-info/PKG-INFO
writing dependency_links to ../../build/mask_rcnn_ros2/mask_rcnn_ros2.egg-info/dependency_links.txt
writing entry points to ../../build/mask_rcnn_ros2/mask_rcnn_ros2.egg-info/entry_points.txt
writing requirements to ../../build/mask_rcnn_ros2/mask_rcnn_ros2.egg-info/requires.txt
writing top-level names to ../../build/mask_rcnn_ros2/mask_rcnn_ros2.egg-info/top_level.txt
reading manifest file '../../build/mask_rcnn_ros2/mask_rcnn_ros2.egg-info/SOURCES.txt'
adding license file 'LICENSE'
writing manifest file '../../build/mask_rcnn_ros2/mask_rcnn_ros2.egg-info/SOURCES.txt'
running build
running build_py
copying mask_rcnn_ros2/__init__.py -> /home/alpha/Research/voxblox/build/mask_rcnn_ros2/build/lib/mask_rcnn_ros2
copying mask_rcnn_ros2/mask_rcnn_ros2_node.py -> /home/alpha/Research/voxblox/build/mask_rcnn_ros2/build/lib/mask_rcnn_ros2
copying mask_rcnn_ros2/predictor.py -> /home/alpha/Research/voxblox/build/mask_rcnn_ros2/build/lib/mask_rcnn_ros2
running install
running install_lib
copying /home/alpha/Research/voxblox/build/mask_rcnn_ros2/build/lib/mask_rcnn_ros2/mask_rcnn_ros2_node.py -> /home/alpha/Research/voxblox/install/mask_rcnn_ros2/lib/python3.10/site-packages/mask_rcnn_ros2
copying /home/alpha/Research/voxblox/build/mask_rcnn_ros2/build/lib/mask_rcnn_ros2/predictor.py -> /home/alpha/Research/voxblox/install/mask_rcnn_ros2/lib/python3.10/site-packages/mask_rcnn_ros2
byte-compiling /home/alpha/Research/voxblox/install/mask_rcnn_ros2/lib/python3.10/site-packages/mask_rcnn_ros2/mask_rcnn_ros2_node.py to mask_rcnn_ros2_node.cpython-310.pyc
byte-compiling /home/alpha/Research/voxblox/install/mask_rcnn_ros2/lib/python3.10/site-packages/mask_rcnn_ros2/predictor.py to predictor.cpython-310.pyc
running install_data
copying resource/mask_rcnn_ros2 -> /home/alpha/Research/voxblox/install/mask_rcnn_ros2/share/ament_index/resource_index/packages
copying package.xml -> /home/alpha/Research/voxblox/install/mask_rcnn_ros2/share/mask_rcnn_ros2
running install_egg_info
removing '/home/alpha/Research/voxblox/install/mask_rcnn_ros2/lib/python3.10/site-packages/mask_rcnn_ros2-0.0.0-py3.10.egg-info' (and everything under it)
Copying ../../build/mask_rcnn_ros2/mask_rcnn_ros2.egg-info to /home/alpha/Research/voxblox/install/mask_rcnn_ros2/lib/python3.10/site-packages/mask_rcnn_ros2-0.0.0-py3.10.egg-info
running install_scripts
Installing mask_rcnn script to /home/alpha/Research/voxblox/install/mask_rcnn_ros2/lib/mask_rcnn_ros2
Installing predictor script to /home/alpha/Research/voxblox/install/mask_rcnn_ros2/lib/mask_rcnn_ros2
writing list of installed files to '/home/alpha/Research/voxblox/build/mask_rcnn_ros2/install.log'
