-- The C compiler identification is GNU 11.4.0
-- The CXX compiler identification is GNU 11.4.0
-- Detecting C compiler ABI info
-- Detecting C compiler ABI info - done
-- Check for working C compiler: /usr/bin/cc - skipped
-- Detecting C compile features
-- Detecting C compile features - done
-- Detecting CXX compiler ABI info
-- Detecting CXX compiler ABI info - done
-- Check for working CXX compiler: /usr/bin/c++ - skipped
-- Detecting CXX compile features
-- Detecting CXX compile features - done
-- Found ament_cmake: 1.3.10 (/opt/ros/humble/share/ament_cmake/cmake)
-- Found Python3: /home/alpha/anaconda3/envs/voxblox/bin/python3 (found version "3.10.14") found components: Interpreter
-- Found sensor_msgs: 4.2.4 (/opt/ros/humble/share/sensor_msgs/cmake)
-- Found rosidl_generator_c: 3.1.5 (/opt/ros/humble/share/rosidl_generator_c/cmake)
-- Found rosidl_adapter: 3.1.5 (/opt/ros/humble/share/rosidl_adapter/cmake)
-- Found rosidl_generator_cpp: 3.1.5 (/opt/ros/humble/share/rosidl_generator_cpp/cmake)
-- Using all available rosidl_typesupport_c: rosidl_typesupport_fastrtps_c;rosidl_typesupport_introspection_c
-- Using all available rosidl_typesupport_cpp: rosidl_typesupport_fastrtps_cpp;rosidl_typesupport_introspection_cpp
-- Found rosidl_default_generators: 1.2.0 (/opt/ros/humble/share/rosidl_default_generators/cmake)
-- Found ament_cmake_ros: 0.10.0 (/opt/ros/humble/share/ament_cmake_ros/cmake)
-- Using all available rosidl_typesupport_c: rosidl_typesupport_fastrtps_c;rosidl_typesupport_introspection_c
-- Using all available rosidl_typesupport_cpp: rosidl_typesupport_fastrtps_cpp;rosidl_typesupport_introspection_cpp
[33mCMake Warning (dev) at /opt/ros/humble/share/rosidl_generator_py/cmake/rosidl_generator_py_generate_interfaces.cmake:20 (find_package):
  Policy CMP0148 is not set: The FindPythonInterp and FindPythonLibs modules
  are removed.  Run "cmake --help-policy CMP0148" for policy details.  Use
  the cmake_policy command to set the policy and suppress this warning.

Call Stack (most recent call first):
  /opt/ros/humble/share/ament_cmake_core/cmake/core/ament_execute_extensions.cmake:48 (include)
  /opt/ros/humble/share/rosidl_cmake/cmake/rosidl_generate_interfaces.cmake:286 (ament_execute_extensions)
  CMakeLists.txt:20 (rosidl_generate_interfaces)
This warning is for project developers.  Use -Wno-dev to suppress it.
[0m
-- Found PythonInterp: /home/alpha/anaconda3/envs/voxblox/bin/python3 (found suitable version "3.10.14", minimum required is "3.6")
-- Found python_cmake_module: 0.10.0 (/opt/ros/humble/share/python_cmake_module/cmake)
[33mCMake Warning (dev) at /opt/ros/humble/share/python_cmake_module/cmake/Modules/FindPythonExtra.cmake:52 (find_package):
  Policy CMP0148 is not set: The FindPythonInterp and FindPythonLibs modules
  are removed.  Run "cmake --help-policy CMP0148" for policy details.  Use
  the cmake_policy command to set the policy and suppress this warning.

Call Stack (most recent call first):
  /opt/ros/humble/share/rosidl_generator_py/cmake/rosidl_generator_py_generate_interfaces.cmake:23 (find_package)
  /opt/ros/humble/share/ament_cmake_core/cmake/core/ament_execute_extensions.cmake:48 (include)
  /opt/ros/humble/share/rosidl_cmake/cmake/rosidl_generate_interfaces.cmake:286 (ament_execute_extensions)
  CMakeLists.txt:20 (rosidl_generate_interfaces)
This warning is for project developers.  Use -Wno-dev to suppress it.
[0m
[33mCMake Warning (dev) at /opt/ros/humble/share/python_cmake_module/cmake/Modules/FindPythonExtra.cmake:140 (find_package):
  Policy CMP0148 is not set: The FindPythonInterp and FindPythonLibs modules
  are removed.  Run "cmake --help-policy CMP0148" for policy details.  Use
  the cmake_policy command to set the policy and suppress this warning.

Call Stack (most recent call first):
  /opt/ros/humble/share/rosidl_generator_py/cmake/rosidl_generator_py_generate_interfaces.cmake:23 (find_package)
  /opt/ros/humble/share/ament_cmake_core/cmake/core/ament_execute_extensions.cmake:48 (include)
  /opt/ros/humble/share/rosidl_cmake/cmake/rosidl_generate_interfaces.cmake:286 (ament_execute_extensions)
  CMakeLists.txt:20 (rosidl_generate_interfaces)
This warning is for project developers.  Use -Wno-dev to suppress it.
[0m
-- Found PythonLibs: /home/alpha/anaconda3/envs/voxblox/lib/libpython3.10.so (found suitable version "3.10.14", minimum required is "3.5")
-- Using PYTHON_EXECUTABLE: /home/alpha/anaconda3/envs/voxblox/bin/python3
-- Using PYTHON_INCLUDE_DIRS: /home/alpha/anaconda3/envs/voxblox/include/python3.10
-- Using PYTHON_LIBRARIES: /home/alpha/anaconda3/envs/voxblox/lib/libpython3.10.so
-- Found PythonExtra: .so
-- Using numpy include directory: /home/alpha/.local/lib/python3.10/site-packages/numpy/core/include
-- Found ament_lint_auto: 0.12.11 (/opt/ros/humble/share/ament_lint_auto/cmake)
-- Added test 'lint_cmake' to check CMake code style
-- Added test 'xmllint' to check XML markup files
-- Configuring done (2.0s)
[33mCMake Warning at /opt/ros/humble/share/rosidl_generator_py/cmake/rosidl_generator_py_generate_interfaces.cmake:166 (add_library):
  Cannot generate a safe runtime search path for target
  vpp_interfaces__rosidl_generator_py because files in some directories may
  conflict with libraries in implicit directories:

    runtime library [libpython3.10.so.1.0] in /usr/lib/x86_64-linux-gnu may be hidden by files in:
      /home/alpha/anaconda3/envs/voxblox/lib

  Some of these libraries may not be found correctly.
Call Stack (most recent call first):
  /opt/ros/humble/share/ament_cmake_core/cmake/core/ament_execute_extensions.cmake:48 (include)
  /opt/ros/humble/share/rosidl_cmake/cmake/rosidl_generate_interfaces.cmake:286 (ament_execute_extensions)
  CMakeLists.txt:20 (rosidl_generate_interfaces)

[0m
[33mCMake Warning at /opt/ros/humble/share/rosidl_generator_py/cmake/rosidl_generator_py_generate_interfaces.cmake:226 (add_library):
  Cannot generate a safe runtime search path for target
  vpp_interfaces__rosidl_typesupport_fastrtps_c__pyext because files in some
  directories may conflict with libraries in implicit directories:

    runtime library [libpython3.10.so.1.0] in /usr/lib/x86_64-linux-gnu may be hidden by files in:
      /home/alpha/anaconda3/envs/voxblox/lib

  Some of these libraries may not be found correctly.
Call Stack (most recent call first):
  /opt/ros/humble/share/ament_cmake_core/cmake/core/ament_execute_extensions.cmake:48 (include)
  /opt/ros/humble/share/rosidl_cmake/cmake/rosidl_generate_interfaces.cmake:286 (ament_execute_extensions)
  CMakeLists.txt:20 (rosidl_generate_interfaces)

[0m
[33mCMake Warning at /opt/ros/humble/share/rosidl_generator_py/cmake/rosidl_generator_py_generate_interfaces.cmake:226 (add_library):
  Cannot generate a safe runtime search path for target
  vpp_interfaces__rosidl_typesupport_introspection_c__pyext because files in
  some directories may conflict with libraries in implicit directories:

    runtime library [libpython3.10.so.1.0] in /usr/lib/x86_64-linux-gnu may be hidden by files in:
      /home/alpha/anaconda3/envs/voxblox/lib

  Some of these libraries may not be found correctly.
Call Stack (most recent call first):
  /opt/ros/humble/share/ament_cmake_core/cmake/core/ament_execute_extensions.cmake:48 (include)
  /opt/ros/humble/share/rosidl_cmake/cmake/rosidl_generate_interfaces.cmake:286 (ament_execute_extensions)
  CMakeLists.txt:20 (rosidl_generate_interfaces)

[0m
[33mCMake Warning at /opt/ros/humble/share/rosidl_generator_py/cmake/rosidl_generator_py_generate_interfaces.cmake:226 (add_library):
  Cannot generate a safe runtime search path for target
  vpp_interfaces__rosidl_typesupport_c__pyext because files in some
  directories may conflict with libraries in implicit directories:

    runtime library [libpython3.10.so.1.0] in /usr/lib/x86_64-linux-gnu may be hidden by files in:
      /home/alpha/anaconda3/envs/voxblox/lib

  Some of these libraries may not be found correctly.
Call Stack (most recent call first):
  /opt/ros/humble/share/ament_cmake_core/cmake/core/ament_execute_extensions.cmake:48 (include)
  /opt/ros/humble/share/rosidl_cmake/cmake/rosidl_generate_interfaces.cmake:286 (ament_execute_extensions)
  CMakeLists.txt:20 (rosidl_generate_interfaces)

[0m
-- Generating done (0.0s)
-- Build files have been written to: /home/alpha/Research/voxblox/build/vpp_interfaces
[  2%] [34m[1mGenerating C code for ROS interfaces[0m
[  4%] [34m[1mGenerating C++ code for ROS interfaces[0m
[  4%] Built target ament_cmake_python_copy_vpp_interfaces
running egg_info
creating vpp_interfaces.egg-info
writing vpp_interfaces.egg-info/PKG-INFO
writing dependency_links to vpp_interfaces.egg-info/dependency_links.txt
writing top-level names to vpp_interfaces.egg-info/top_level.txt
writing manifest file 'vpp_interfaces.egg-info/SOURCES.txt'
reading manifest file 'vpp_interfaces.egg-info/SOURCES.txt'
writing manifest file 'vpp_interfaces.egg-info/SOURCES.txt'
[  4%] Built target ament_cmake_python_build_vpp_interfaces_egg
[  6%] [32mBuilding C object CMakeFiles/vpp_interfaces__rosidl_generator_c.dir/rosidl_generator_c/vpp_interfaces/srv/detail/predict_rgb__functions.c.o[0m
[  8%] [32mBuilding C object CMakeFiles/vpp_interfaces__rosidl_generator_c.dir/rosidl_generator_c/vpp_interfaces/srv/detail/predict_depth__functions.c.o[0m
[ 10%] [32mBuilding C object CMakeFiles/vpp_interfaces__rosidl_generator_c.dir/rosidl_generator_c/vpp_interfaces/msg/detail/result__functions.c.o[0m
[ 10%] Built target vpp_interfaces__cpp
[ 12%] [34m[1mGenerating C++ introspection for ROS interfaces[0m
[ 14%] [34m[1mGenerating C++ type support dispatch for ROS interfaces[0m
[ 17%] [34m[1mGenerating C++ type support for eProsima Fast-RTPS[0m
[ 19%] [32m[1mLinking C shared library libvpp_interfaces__rosidl_generator_c.so[0m
[ 19%] Built target vpp_interfaces__rosidl_generator_c
[ 21%] [34m[1mGenerating C introspection for ROS interfaces[0m
[ 23%] [34m[1mGenerating C type support dispatch for ROS interfaces[0m
[ 25%] [34m[1mGenerating C type support for eProsima Fast-RTPS[0m
[ 27%] [32mBuilding CXX object CMakeFiles/vpp_interfaces__rosidl_typesupport_cpp.dir/rosidl_typesupport_cpp/vpp_interfaces/msg/result__type_support.cpp.o[0m
[ 29%] [32mBuilding CXX object CMakeFiles/vpp_interfaces__rosidl_typesupport_cpp.dir/rosidl_typesupport_cpp/vpp_interfaces/srv/predict_rgb__type_support.cpp.o[0m
[ 31%] [32mBuilding CXX object CMakeFiles/vpp_interfaces__rosidl_typesupport_cpp.dir/rosidl_typesupport_cpp/vpp_interfaces/srv/predict_depth__type_support.cpp.o[0m
[ 36%] [32mBuilding CXX object CMakeFiles/vpp_interfaces__rosidl_typesupport_fastrtps_cpp.dir/rosidl_typesupport_fastrtps_cpp/vpp_interfaces/msg/detail/dds_fastrtps/result__type_support.cpp.o[0m
[ 36%] [32mBuilding CXX object CMakeFiles/vpp_interfaces__rosidl_typesupport_c.dir/rosidl_typesupport_c/vpp_interfaces/msg/result__type_support.cpp.o[0m
[ 38%] [32mBuilding CXX object CMakeFiles/vpp_interfaces__rosidl_typesupport_c.dir/rosidl_typesupport_c/vpp_interfaces/srv/predict_depth__type_support.cpp.o[0m
[ 40%] [32mBuilding CXX object CMakeFiles/vpp_interfaces__rosidl_typesupport_fastrtps_cpp.dir/rosidl_typesupport_fastrtps_cpp/vpp_interfaces/srv/detail/dds_fastrtps/predict_rgb__type_support.cpp.o[0m
[ 42%] [32mBuilding CXX object CMakeFiles/vpp_interfaces__rosidl_typesupport_fastrtps_cpp.dir/rosidl_typesupport_fastrtps_cpp/vpp_interfaces/srv/detail/dds_fastrtps/predict_depth__type_support.cpp.o[0m
[ 44%] [32mBuilding CXX object CMakeFiles/vpp_interfaces__rosidl_typesupport_c.dir/rosidl_typesupport_c/vpp_interfaces/srv/predict_rgb__type_support.cpp.o[0m
[ 46%] [32mBuilding CXX object CMakeFiles/vpp_interfaces__rosidl_typesupport_introspection_cpp.dir/rosidl_typesupport_introspection_cpp/vpp_interfaces/msg/detail/result__type_support.cpp.o[0m
[ 51%] [32mBuilding CXX object CMakeFiles/vpp_interfaces__rosidl_typesupport_introspection_cpp.dir/rosidl_typesupport_introspection_cpp/vpp_interfaces/srv/detail/predict_rgb__type_support.cpp.o[0m
[ 51%] [32mBuilding CXX object CMakeFiles/vpp_interfaces__rosidl_typesupport_introspection_cpp.dir/rosidl_typesupport_introspection_cpp/vpp_interfaces/srv/detail/predict_depth__type_support.cpp.o[0m
[ 53%] [32m[1mLinking CXX shared library libvpp_interfaces__rosidl_typesupport_c.so[0m
[ 53%] Built target vpp_interfaces__rosidl_typesupport_c
[ 55%] [32mBuilding C object CMakeFiles/vpp_interfaces__rosidl_typesupport_introspection_c.dir/rosidl_typesupport_introspection_c/vpp_interfaces/msg/detail/result__type_support.c.o[0m
[ 59%] [32mBuilding C object CMakeFiles/vpp_interfaces__rosidl_typesupport_introspection_c.dir/rosidl_typesupport_introspection_c/vpp_interfaces/srv/detail/predict_depth__type_support.c.o[0m
[ 59%] [32mBuilding C object CMakeFiles/vpp_interfaces__rosidl_typesupport_introspection_c.dir/rosidl_typesupport_introspection_c/vpp_interfaces/srv/detail/predict_rgb__type_support.c.o[0m
[ 61%] [32mBuilding CXX object CMakeFiles/vpp_interfaces__rosidl_typesupport_fastrtps_c.dir/rosidl_typesupport_fastrtps_c/vpp_interfaces/msg/detail/result__type_support_c.cpp.o[0m
[ 65%] [32mBuilding CXX object CMakeFiles/vpp_interfaces__rosidl_typesupport_fastrtps_c.dir/rosidl_typesupport_fastrtps_c/vpp_interfaces/srv/detail/predict_rgb__type_support_c.cpp.o[0m
[ 65%] [32mBuilding CXX object CMakeFiles/vpp_interfaces__rosidl_typesupport_fastrtps_c.dir/rosidl_typesupport_fastrtps_c/vpp_interfaces/srv/detail/predict_depth__type_support_c.cpp.o[0m
[ 68%] [32m[1mLinking C shared library libvpp_interfaces__rosidl_typesupport_introspection_c.so[0m
[ 68%] Built target vpp_interfaces__rosidl_typesupport_introspection_c
[ 70%] [32m[1mLinking CXX shared library libvpp_interfaces__rosidl_typesupport_cpp.so[0m
[ 70%] Built target vpp_interfaces__rosidl_typesupport_cpp
[ 72%] [32m[1mLinking CXX shared library libvpp_interfaces__rosidl_typesupport_fastrtps_c.so[0m
[ 72%] Built target vpp_interfaces__rosidl_typesupport_fastrtps_c
[ 74%] [32m[1mLinking CXX shared library libvpp_interfaces__rosidl_typesupport_fastrtps_cpp.so[0m
[ 76%] [32m[1mLinking CXX shared library libvpp_interfaces__rosidl_typesupport_introspection_cpp.so[0m
[ 76%] Built target vpp_interfaces__rosidl_typesupport_fastrtps_cpp
[ 76%] Built target vpp_interfaces__rosidl_typesupport_introspection_cpp
[ 76%] Built target vpp_interfaces
[ 78%] [34m[1mGenerating Python code for ROS interfaces[0m
[ 78%] Built target vpp_interfaces__py
[ 80%] [32mBuilding C object CMakeFiles/vpp_interfaces__rosidl_generator_py.dir/rosidl_generator_py/vpp_interfaces/msg/_result_s.c.o[0m
[ 82%] [32mBuilding C object CMakeFiles/vpp_interfaces__rosidl_generator_py.dir/rosidl_generator_py/vpp_interfaces/srv/_predict_depth_s.c.o[0m
[ 85%] [32mBuilding C object CMakeFiles/vpp_interfaces__rosidl_generator_py.dir/rosidl_generator_py/vpp_interfaces/srv/_predict_rgb_s.c.o[0m
[ 87%] [32m[1mLinking C shared library rosidl_generator_py/vpp_interfaces/libvpp_interfaces__rosidl_generator_py.so[0m
[ 87%] Built target vpp_interfaces__rosidl_generator_py
[ 89%] [32mBuilding C object CMakeFiles/vpp_interfaces__rosidl_typesupport_fastrtps_c__pyext.dir/rosidl_generator_py/vpp_interfaces/_vpp_interfaces_s.ep.rosidl_typesupport_fastrtps_c.c.o[0m
[ 91%] [32mBuilding C object CMakeFiles/vpp_interfaces__rosidl_typesupport_introspection_c__pyext.dir/rosidl_generator_py/vpp_interfaces/_vpp_interfaces_s.ep.rosidl_typesupport_introspection_c.c.o[0m
[ 93%] [32mBuilding C object CMakeFiles/vpp_interfaces__rosidl_typesupport_c__pyext.dir/rosidl_generator_py/vpp_interfaces/_vpp_interfaces_s.ep.rosidl_typesupport_c.c.o[0m
[ 95%] [32m[1mLinking C shared library rosidl_generator_py/vpp_interfaces/vpp_interfaces_s__rosidl_typesupport_fastrtps_c.cpython-310-x86_64-linux-gnu.so[0m
[ 97%] [32m[1mLinking C shared library rosidl_generator_py/vpp_interfaces/vpp_interfaces_s__rosidl_typesupport_c.cpython-310-x86_64-linux-gnu.so[0m
[100%] [32m[1mLinking C shared library rosidl_generator_py/vpp_interfaces/vpp_interfaces_s__rosidl_typesupport_introspection_c.cpython-310-x86_64-linux-gnu.so[0m
[100%] Built target vpp_interfaces__rosidl_typesupport_fastrtps_c__pyext
[100%] Built target vpp_interfaces__rosidl_typesupport_c__pyext
[100%] Built target vpp_interfaces__rosidl_typesupport_introspection_c__pyext
-- Install configuration: ""
-- Installing: /home/alpha/Research/voxblox/install/vpp_interfaces/share/ament_index/resource_index/rosidl_interfaces/vpp_interfaces
-- Installing: /home/alpha/Research/voxblox/install/vpp_interfaces/include/vpp_interfaces/vpp_interfaces
-- Installing: /home/alpha/Research/voxblox/install/vpp_interfaces/include/vpp_interfaces/vpp_interfaces/srv
-- Installing: /home/alpha/Research/voxblox/install/vpp_interfaces/include/vpp_interfaces/vpp_interfaces/srv/predict_rgb.h
-- Installing: /home/alpha/Research/voxblox/install/vpp_interfaces/include/vpp_interfaces/vpp_interfaces/srv/detail
-- Installing: /home/alpha/Research/voxblox/install/vpp_interfaces/include/vpp_interfaces/vpp_interfaces/srv/detail/predict_depth__functions.c
-- Installing: /home/alpha/Research/voxblox/install/vpp_interfaces/include/vpp_interfaces/vpp_interfaces/srv/detail/predict_rgb__struct.h
-- Installing: /home/alpha/Research/voxblox/install/vpp_interfaces/include/vpp_interfaces/vpp_interfaces/srv/detail/predict_rgb__functions.h
-- Installing: /home/alpha/Research/voxblox/install/vpp_interfaces/include/vpp_interfaces/vpp_interfaces/srv/detail/predict_rgb__functions.c
-- Installing: /home/alpha/Research/voxblox/install/vpp_interfaces/include/vpp_interfaces/vpp_interfaces/srv/detail/predict_depth__functions.h
-- Installing: /home/alpha/Research/voxblox/install/vpp_interfaces/include/vpp_interfaces/vpp_interfaces/srv/detail/predict_depth__type_support.h
-- Installing: /home/alpha/Research/voxblox/install/vpp_interfaces/include/vpp_interfaces/vpp_interfaces/srv/detail/predict_depth__struct.h
-- Installing: /home/alpha/Research/voxblox/install/vpp_interfaces/include/vpp_interfaces/vpp_interfaces/srv/detail/predict_rgb__type_support.h
-- Installing: /home/alpha/Research/voxblox/install/vpp_interfaces/include/vpp_interfaces/vpp_interfaces/srv/predict_depth.h
-- Installing: /home/alpha/Research/voxblox/install/vpp_interfaces/include/vpp_interfaces/vpp_interfaces/msg
-- Installing: /home/alpha/Research/voxblox/install/vpp_interfaces/include/vpp_interfaces/vpp_interfaces/msg/detail
-- Installing: /home/alpha/Research/voxblox/install/vpp_interfaces/include/vpp_interfaces/vpp_interfaces/msg/detail/result__functions.c
-- Installing: /home/alpha/Research/voxblox/install/vpp_interfaces/include/vpp_interfaces/vpp_interfaces/msg/detail/result__type_support.h
-- Installing: /home/alpha/Research/voxblox/install/vpp_interfaces/include/vpp_interfaces/vpp_interfaces/msg/detail/result__struct.h
-- Installing: /home/alpha/Research/voxblox/install/vpp_interfaces/include/vpp_interfaces/vpp_interfaces/msg/detail/result__functions.h
-- Installing: /home/alpha/Research/voxblox/install/vpp_interfaces/include/vpp_interfaces/vpp_interfaces/msg/rosidl_generator_c__visibility_control.h
-- Installing: /home/alpha/Research/voxblox/install/vpp_interfaces/include/vpp_interfaces/vpp_interfaces/msg/result.h
-- Installing: /home/alpha/Research/voxblox/install/vpp_interfaces/share/vpp_interfaces/environment/library_path.sh
-- Installing: /home/alpha/Research/voxblox/install/vpp_interfaces/share/vpp_interfaces/environment/library_path.dsv
-- Installing: /home/alpha/Research/voxblox/install/vpp_interfaces/lib/libvpp_interfaces__rosidl_generator_c.so
-- Set non-toolchain portion of runtime path of "/home/alpha/Research/voxblox/install/vpp_interfaces/lib/libvpp_interfaces__rosidl_generator_c.so" to ""
-- Up-to-date: /home/alpha/Research/voxblox/install/vpp_interfaces/include/vpp_interfaces/vpp_interfaces
-- Up-to-date: /home/alpha/Research/voxblox/install/vpp_interfaces/include/vpp_interfaces/vpp_interfaces/srv
-- Up-to-date: /home/alpha/Research/voxblox/install/vpp_interfaces/include/vpp_interfaces/vpp_interfaces/srv/detail
-- Installing: /home/alpha/Research/voxblox/install/vpp_interfaces/include/vpp_interfaces/vpp_interfaces/srv/detail/predict_rgb__rosidl_typesupport_fastrtps_c.h
-- Installing: /home/alpha/Research/voxblox/install/vpp_interfaces/include/vpp_interfaces/vpp_interfaces/srv/detail/predict_depth__rosidl_typesupport_fastrtps_c.h
-- Up-to-date: /home/alpha/Research/voxblox/install/vpp_interfaces/include/vpp_interfaces/vpp_interfaces/msg
-- Up-to-date: /home/alpha/Research/voxblox/install/vpp_interfaces/include/vpp_interfaces/vpp_interfaces/msg/detail
-- Installing: /home/alpha/Research/voxblox/install/vpp_interfaces/include/vpp_interfaces/vpp_interfaces/msg/detail/result__rosidl_typesupport_fastrtps_c.h
-- Installing: /home/alpha/Research/voxblox/install/vpp_interfaces/include/vpp_interfaces/vpp_interfaces/msg/rosidl_typesupport_fastrtps_c__visibility_control.h
-- Installing: /home/alpha/Research/voxblox/install/vpp_interfaces/lib/libvpp_interfaces__rosidl_typesupport_fastrtps_c.so
-- Set non-toolchain portion of runtime path of "/home/alpha/Research/voxblox/install/vpp_interfaces/lib/libvpp_interfaces__rosidl_typesupport_fastrtps_c.so" to ""
-- Up-to-date: /home/alpha/Research/voxblox/install/vpp_interfaces/include/vpp_interfaces/vpp_interfaces
-- Up-to-date: /home/alpha/Research/voxblox/install/vpp_interfaces/include/vpp_interfaces/vpp_interfaces/srv
-- Up-to-date: /home/alpha/Research/voxblox/install/vpp_interfaces/include/vpp_interfaces/vpp_interfaces/srv/detail
-- Installing: /home/alpha/Research/voxblox/install/vpp_interfaces/include/vpp_interfaces/vpp_interfaces/srv/detail/predict_rgb__traits.hpp
-- Installing: /home/alpha/Research/voxblox/install/vpp_interfaces/include/vpp_interfaces/vpp_interfaces/srv/detail/predict_depth__traits.hpp
-- Installing: /home/alpha/Research/voxblox/install/vpp_interfaces/include/vpp_interfaces/vpp_interfaces/srv/detail/predict_depth__struct.hpp
-- Installing: /home/alpha/Research/voxblox/install/vpp_interfaces/include/vpp_interfaces/vpp_interfaces/srv/detail/predict_rgb__builder.hpp
-- Installing: /home/alpha/Research/voxblox/install/vpp_interfaces/include/vpp_interfaces/vpp_interfaces/srv/detail/predict_depth__builder.hpp
-- Installing: /home/alpha/Research/voxblox/install/vpp_interfaces/include/vpp_interfaces/vpp_interfaces/srv/detail/predict_rgb__struct.hpp
-- Installing: /home/alpha/Research/voxblox/install/vpp_interfaces/include/vpp_interfaces/vpp_interfaces/srv/predict_depth.hpp
-- Installing: /home/alpha/Research/voxblox/install/vpp_interfaces/include/vpp_interfaces/vpp_interfaces/srv/predict_rgb.hpp
-- Up-to-date: /home/alpha/Research/voxblox/install/vpp_interfaces/include/vpp_interfaces/vpp_interfaces/msg
-- Installing: /home/alpha/Research/voxblox/install/vpp_interfaces/include/vpp_interfaces/vpp_interfaces/msg/result.hpp
-- Up-to-date: /home/alpha/Research/voxblox/install/vpp_interfaces/include/vpp_interfaces/vpp_interfaces/msg/detail
-- Installing: /home/alpha/Research/voxblox/install/vpp_interfaces/include/vpp_interfaces/vpp_interfaces/msg/detail/result__struct.hpp
-- Installing: /home/alpha/Research/voxblox/install/vpp_interfaces/include/vpp_interfaces/vpp_interfaces/msg/detail/result__builder.hpp
-- Installing: /home/alpha/Research/voxblox/install/vpp_interfaces/include/vpp_interfaces/vpp_interfaces/msg/detail/result__traits.hpp
-- Up-to-date: /home/alpha/Research/voxblox/install/vpp_interfaces/include/vpp_interfaces/vpp_interfaces
-- Up-to-date: /home/alpha/Research/voxblox/install/vpp_interfaces/include/vpp_interfaces/vpp_interfaces/srv
-- Up-to-date: /home/alpha/Research/voxblox/install/vpp_interfaces/include/vpp_interfaces/vpp_interfaces/srv/detail
-- Installing: /home/alpha/Research/voxblox/install/vpp_interfaces/include/vpp_interfaces/vpp_interfaces/srv/detail/dds_fastrtps
-- Installing: /home/alpha/Research/voxblox/install/vpp_interfaces/include/vpp_interfaces/vpp_interfaces/srv/detail/predict_rgb__rosidl_typesupport_fastrtps_cpp.hpp
-- Installing: /home/alpha/Research/voxblox/install/vpp_interfaces/include/vpp_interfaces/vpp_interfaces/srv/detail/predict_depth__rosidl_typesupport_fastrtps_cpp.hpp
-- Up-to-date: /home/alpha/Research/voxblox/install/vpp_interfaces/include/vpp_interfaces/vpp_interfaces/msg
-- Up-to-date: /home/alpha/Research/voxblox/install/vpp_interfaces/include/vpp_interfaces/vpp_interfaces/msg/detail
-- Installing: /home/alpha/Research/voxblox/install/vpp_interfaces/include/vpp_interfaces/vpp_interfaces/msg/detail/dds_fastrtps
-- Installing: /home/alpha/Research/voxblox/install/vpp_interfaces/include/vpp_interfaces/vpp_interfaces/msg/detail/result__rosidl_typesupport_fastrtps_cpp.hpp
-- Installing: /home/alpha/Research/voxblox/install/vpp_interfaces/include/vpp_interfaces/vpp_interfaces/msg/rosidl_typesupport_fastrtps_cpp__visibility_control.h
-- Installing: /home/alpha/Research/voxblox/install/vpp_interfaces/lib/libvpp_interfaces__rosidl_typesupport_fastrtps_cpp.so
-- Set non-toolchain portion of runtime path of "/home/alpha/Research/voxblox/install/vpp_interfaces/lib/libvpp_interfaces__rosidl_typesupport_fastrtps_cpp.so" to ""
-- Up-to-date: /home/alpha/Research/voxblox/install/vpp_interfaces/include/vpp_interfaces/vpp_interfaces
-- Up-to-date: /home/alpha/Research/voxblox/install/vpp_interfaces/include/vpp_interfaces/vpp_interfaces/srv
-- Up-to-date: /home/alpha/Research/voxblox/install/vpp_interfaces/include/vpp_interfaces/vpp_interfaces/srv/detail
-- Installing: /home/alpha/Research/voxblox/install/vpp_interfaces/include/vpp_interfaces/vpp_interfaces/srv/detail/predict_rgb__rosidl_typesupport_introspection_c.h
-- Installing: /home/alpha/Research/voxblox/install/vpp_interfaces/include/vpp_interfaces/vpp_interfaces/srv/detail/predict_rgb__type_support.c
-- Installing: /home/alpha/Research/voxblox/install/vpp_interfaces/include/vpp_interfaces/vpp_interfaces/srv/detail/predict_depth__rosidl_typesupport_introspection_c.h
-- Installing: /home/alpha/Research/voxblox/install/vpp_interfaces/include/vpp_interfaces/vpp_interfaces/srv/detail/predict_depth__type_support.c
-- Up-to-date: /home/alpha/Research/voxblox/install/vpp_interfaces/include/vpp_interfaces/vpp_interfaces/msg
-- Installing: /home/alpha/Research/voxblox/install/vpp_interfaces/include/vpp_interfaces/vpp_interfaces/msg/rosidl_typesupport_introspection_c__visibility_control.h
-- Up-to-date: /home/alpha/Research/voxblox/install/vpp_interfaces/include/vpp_interfaces/vpp_interfaces/msg/detail
-- Installing: /home/alpha/Research/voxblox/install/vpp_interfaces/include/vpp_interfaces/vpp_interfaces/msg/detail/result__type_support.c
-- Installing: /home/alpha/Research/voxblox/install/vpp_interfaces/include/vpp_interfaces/vpp_interfaces/msg/detail/result__rosidl_typesupport_introspection_c.h
-- Installing: /home/alpha/Research/voxblox/install/vpp_interfaces/lib/libvpp_interfaces__rosidl_typesupport_introspection_c.so
-- Set non-toolchain portion of runtime path of "/home/alpha/Research/voxblox/install/vpp_interfaces/lib/libvpp_interfaces__rosidl_typesupport_introspection_c.so" to ""
-- Installing: /home/alpha/Research/voxblox/install/vpp_interfaces/lib/libvpp_interfaces__rosidl_typesupport_c.so
-- Set non-toolchain portion of runtime path of "/home/alpha/Research/voxblox/install/vpp_interfaces/lib/libvpp_interfaces__rosidl_typesupport_c.so" to ""
-- Up-to-date: /home/alpha/Research/voxblox/install/vpp_interfaces/include/vpp_interfaces/vpp_interfaces
-- Up-to-date: /home/alpha/Research/voxblox/install/vpp_interfaces/include/vpp_interfaces/vpp_interfaces/srv
-- Up-to-date: /home/alpha/Research/voxblox/install/vpp_interfaces/include/vpp_interfaces/vpp_interfaces/srv/detail
-- Installing: /home/alpha/Research/voxblox/install/vpp_interfaces/include/vpp_interfaces/vpp_interfaces/srv/detail/predict_depth__type_support.cpp
-- Installing: /home/alpha/Research/voxblox/install/vpp_interfaces/include/vpp_interfaces/vpp_interfaces/srv/detail/predict_rgb__rosidl_typesupport_introspection_cpp.hpp
-- Installing: /home/alpha/Research/voxblox/install/vpp_interfaces/include/vpp_interfaces/vpp_interfaces/srv/detail/predict_rgb__type_support.cpp
-- Installing: /home/alpha/Research/voxblox/install/vpp_interfaces/include/vpp_interfaces/vpp_interfaces/srv/detail/predict_depth__rosidl_typesupport_introspection_cpp.hpp
-- Up-to-date: /home/alpha/Research/voxblox/install/vpp_interfaces/include/vpp_interfaces/vpp_interfaces/msg
-- Up-to-date: /home/alpha/Research/voxblox/install/vpp_interfaces/include/vpp_interfaces/vpp_interfaces/msg/detail
-- Installing: /home/alpha/Research/voxblox/install/vpp_interfaces/include/vpp_interfaces/vpp_interfaces/msg/detail/result__rosidl_typesupport_introspection_cpp.hpp
-- Installing: /home/alpha/Research/voxblox/install/vpp_interfaces/include/vpp_interfaces/vpp_interfaces/msg/detail/result__type_support.cpp
-- Installing: /home/alpha/Research/voxblox/install/vpp_interfaces/lib/libvpp_interfaces__rosidl_typesupport_introspection_cpp.so
-- Set non-toolchain portion of runtime path of "/home/alpha/Research/voxblox/install/vpp_interfaces/lib/libvpp_interfaces__rosidl_typesupport_introspection_cpp.so" to ""
-- Installing: /home/alpha/Research/voxblox/install/vpp_interfaces/lib/libvpp_interfaces__rosidl_typesupport_cpp.so
-- Set non-toolchain portion of runtime path of "/home/alpha/Research/voxblox/install/vpp_interfaces/lib/libvpp_interfaces__rosidl_typesupport_cpp.so" to ""
-- Installing: /home/alpha/Research/voxblox/install/vpp_interfaces/share/vpp_interfaces/environment/pythonpath.sh
-- Installing: /home/alpha/Research/voxblox/install/vpp_interfaces/share/vpp_interfaces/environment/pythonpath.dsv
-- Installing: /home/alpha/Research/voxblox/install/vpp_interfaces/lib/python3.10/site-packages/vpp_interfaces-0.0.0-py3.10.egg-info
-- Installing: /home/alpha/Research/voxblox/install/vpp_interfaces/lib/python3.10/site-packages/vpp_interfaces-0.0.0-py3.10.egg-info/SOURCES.txt
-- Installing: /home/alpha/Research/voxblox/install/vpp_interfaces/lib/python3.10/site-packages/vpp_interfaces-0.0.0-py3.10.egg-info/PKG-INFO
-- Installing: /home/alpha/Research/voxblox/install/vpp_interfaces/lib/python3.10/site-packages/vpp_interfaces-0.0.0-py3.10.egg-info/top_level.txt
-- Installing: /home/alpha/Research/voxblox/install/vpp_interfaces/lib/python3.10/site-packages/vpp_interfaces-0.0.0-py3.10.egg-info/dependency_links.txt
-- Installing: /home/alpha/Research/voxblox/install/vpp_interfaces/lib/python3.10/site-packages/vpp_interfaces
-- Installing: /home/alpha/Research/voxblox/install/vpp_interfaces/lib/python3.10/site-packages/vpp_interfaces/srv
-- Installing: /home/alpha/Research/voxblox/install/vpp_interfaces/lib/python3.10/site-packages/vpp_interfaces/srv/__init__.py
-- Installing: /home/alpha/Research/voxblox/install/vpp_interfaces/lib/python3.10/site-packages/vpp_interfaces/srv/_predict_rgb.py
-- Installing: /home/alpha/Research/voxblox/install/vpp_interfaces/lib/python3.10/site-packages/vpp_interfaces/srv/_predict_depth.py
-- Installing: /home/alpha/Research/voxblox/install/vpp_interfaces/lib/python3.10/site-packages/vpp_interfaces/srv/_predict_rgb_s.c
-- Installing: /home/alpha/Research/voxblox/install/vpp_interfaces/lib/python3.10/site-packages/vpp_interfaces/srv/_predict_depth_s.c
-- Installing: /home/alpha/Research/voxblox/install/vpp_interfaces/lib/python3.10/site-packages/vpp_interfaces/_vpp_interfaces_s.ep.rosidl_typesupport_c.c
-- Installing: /home/alpha/Research/voxblox/install/vpp_interfaces/lib/python3.10/site-packages/vpp_interfaces/_vpp_interfaces_s.ep.rosidl_typesupport_introspection_c.c
-- Installing: /home/alpha/Research/voxblox/install/vpp_interfaces/lib/python3.10/site-packages/vpp_interfaces/vpp_interfaces_s__rosidl_typesupport_introspection_c.cpython-310-x86_64-linux-gnu.so
-- Installing: /home/alpha/Research/voxblox/install/vpp_interfaces/lib/python3.10/site-packages/vpp_interfaces/libvpp_interfaces__rosidl_generator_py.so
-- Installing: /home/alpha/Research/voxblox/install/vpp_interfaces/lib/python3.10/site-packages/vpp_interfaces/__init__.py
-- Installing: /home/alpha/Research/voxblox/install/vpp_interfaces/lib/python3.10/site-packages/vpp_interfaces/msg
-- Installing: /home/alpha/Research/voxblox/install/vpp_interfaces/lib/python3.10/site-packages/vpp_interfaces/msg/__init__.py
-- Installing: /home/alpha/Research/voxblox/install/vpp_interfaces/lib/python3.10/site-packages/vpp_interfaces/msg/_result.py
-- Installing: /home/alpha/Research/voxblox/install/vpp_interfaces/lib/python3.10/site-packages/vpp_interfaces/msg/_result_s.c
-- Installing: /home/alpha/Research/voxblox/install/vpp_interfaces/lib/python3.10/site-packages/vpp_interfaces/vpp_interfaces_s__rosidl_typesupport_fastrtps_c.cpython-310-x86_64-linux-gnu.so
-- Installing: /home/alpha/Research/voxblox/install/vpp_interfaces/lib/python3.10/site-packages/vpp_interfaces/_vpp_interfaces_s.ep.rosidl_typesupport_fastrtps_c.c
-- Installing: /home/alpha/Research/voxblox/install/vpp_interfaces/lib/python3.10/site-packages/vpp_interfaces/vpp_interfaces_s__rosidl_typesupport_c.cpython-310-x86_64-linux-gnu.so
Listing '/home/alpha/Research/voxblox/install/vpp_interfaces/lib/python3.10/site-packages/vpp_interfaces'...
Compiling '/home/alpha/Research/voxblox/install/vpp_interfaces/lib/python3.10/site-packages/vpp_interfaces/__init__.py'...
Listing '/home/alpha/Research/voxblox/install/vpp_interfaces/lib/python3.10/site-packages/vpp_interfaces/msg'...
Compiling '/home/alpha/Research/voxblox/install/vpp_interfaces/lib/python3.10/site-packages/vpp_interfaces/msg/__init__.py'...
Compiling '/home/alpha/Research/voxblox/install/vpp_interfaces/lib/python3.10/site-packages/vpp_interfaces/msg/_result.py'...
Listing '/home/alpha/Research/voxblox/install/vpp_interfaces/lib/python3.10/site-packages/vpp_interfaces/srv'...
Compiling '/home/alpha/Research/voxblox/install/vpp_interfaces/lib/python3.10/site-packages/vpp_interfaces/srv/__init__.py'...
Compiling '/home/alpha/Research/voxblox/install/vpp_interfaces/lib/python3.10/site-packages/vpp_interfaces/srv/_predict_depth.py'...
Compiling '/home/alpha/Research/voxblox/install/vpp_interfaces/lib/python3.10/site-packages/vpp_interfaces/srv/_predict_rgb.py'...
-- Installing: /home/alpha/Research/voxblox/install/vpp_interfaces/lib/python3.10/site-packages/vpp_interfaces/vpp_interfaces_s__rosidl_typesupport_fastrtps_c.cpython-310-x86_64-linux-gnu.so
-- Set non-toolchain portion of runtime path of "/home/alpha/Research/voxblox/install/vpp_interfaces/lib/python3.10/site-packages/vpp_interfaces/vpp_interfaces_s__rosidl_typesupport_fastrtps_c.cpython-310-x86_64-linux-gnu.so" to ""
-- Installing: /home/alpha/Research/voxblox/install/vpp_interfaces/lib/python3.10/site-packages/vpp_interfaces/vpp_interfaces_s__rosidl_typesupport_introspection_c.cpython-310-x86_64-linux-gnu.so
-- Set non-toolchain portion of runtime path of "/home/alpha/Research/voxblox/install/vpp_interfaces/lib/python3.10/site-packages/vpp_interfaces/vpp_interfaces_s__rosidl_typesupport_introspection_c.cpython-310-x86_64-linux-gnu.so" to ""
-- Installing: /home/alpha/Research/voxblox/install/vpp_interfaces/lib/python3.10/site-packages/vpp_interfaces/vpp_interfaces_s__rosidl_typesupport_c.cpython-310-x86_64-linux-gnu.so
-- Set non-toolchain portion of runtime path of "/home/alpha/Research/voxblox/install/vpp_interfaces/lib/python3.10/site-packages/vpp_interfaces/vpp_interfaces_s__rosidl_typesupport_c.cpython-310-x86_64-linux-gnu.so" to ""
-- Installing: /home/alpha/Research/voxblox/install/vpp_interfaces/lib/libvpp_interfaces__rosidl_generator_py.so
-- Set non-toolchain portion of runtime path of "/home/alpha/Research/voxblox/install/vpp_interfaces/lib/libvpp_interfaces__rosidl_generator_py.so" to ""
-- Installing: /home/alpha/Research/voxblox/install/vpp_interfaces/share/vpp_interfaces/msg/Result.idl
-- Installing: /home/alpha/Research/voxblox/install/vpp_interfaces/share/vpp_interfaces/srv/PredictRGB.idl
-- Installing: /home/alpha/Research/voxblox/install/vpp_interfaces/share/vpp_interfaces/srv/PredictDepth.idl
-- Installing: /home/alpha/Research/voxblox/install/vpp_interfaces/share/vpp_interfaces/msg/Result.msg
-- Installing: /home/alpha/Research/voxblox/install/vpp_interfaces/share/vpp_interfaces/srv/PredictRGB.srv
-- Installing: /home/alpha/Research/voxblox/install/vpp_interfaces/share/vpp_interfaces/srv/PredictRGB_Request.msg
-- Installing: /home/alpha/Research/voxblox/install/vpp_interfaces/share/vpp_interfaces/srv/PredictRGB_Response.msg
-- Installing: /home/alpha/Research/voxblox/install/vpp_interfaces/share/vpp_interfaces/srv/PredictDepth.srv
-- Installing: /home/alpha/Research/voxblox/install/vpp_interfaces/share/vpp_interfaces/srv/PredictDepth_Request.msg
-- Installing: /home/alpha/Research/voxblox/install/vpp_interfaces/share/vpp_interfaces/srv/PredictDepth_Response.msg
-- Installing: /home/alpha/Research/voxblox/install/vpp_interfaces/share/ament_index/resource_index/package_run_dependencies/vpp_interfaces
-- Installing: /home/alpha/Research/voxblox/install/vpp_interfaces/share/ament_index/resource_index/parent_prefix_path/vpp_interfaces
-- Installing: /home/alpha/Research/voxblox/install/vpp_interfaces/share/vpp_interfaces/environment/ament_prefix_path.sh
-- Installing: /home/alpha/Research/voxblox/install/vpp_interfaces/share/vpp_interfaces/environment/ament_prefix_path.dsv
-- Installing: /home/alpha/Research/voxblox/install/vpp_interfaces/share/vpp_interfaces/environment/path.sh
-- Installing: /home/alpha/Research/voxblox/install/vpp_interfaces/share/vpp_interfaces/environment/path.dsv
-- Installing: /home/alpha/Research/voxblox/install/vpp_interfaces/share/vpp_interfaces/local_setup.bash
-- Installing: /home/alpha/Research/voxblox/install/vpp_interfaces/share/vpp_interfaces/local_setup.sh
-- Installing: /home/alpha/Research/voxblox/install/vpp_interfaces/share/vpp_interfaces/local_setup.zsh
-- Installing: /home/alpha/Research/voxblox/install/vpp_interfaces/share/vpp_interfaces/local_setup.dsv
-- Installing: /home/alpha/Research/voxblox/install/vpp_interfaces/share/vpp_interfaces/package.dsv
-- Installing: /home/alpha/Research/voxblox/install/vpp_interfaces/share/ament_index/resource_index/packages/vpp_interfaces
-- Installing: /home/alpha/Research/voxblox/install/vpp_interfaces/share/vpp_interfaces/cmake/export_vpp_interfaces__rosidl_generator_cExport.cmake
-- Installing: /home/alpha/Research/voxblox/install/vpp_interfaces/share/vpp_interfaces/cmake/export_vpp_interfaces__rosidl_generator_cExport-noconfig.cmake
-- Installing: /home/alpha/Research/voxblox/install/vpp_interfaces/share/vpp_interfaces/cmake/export_vpp_interfaces__rosidl_typesupport_fastrtps_cExport.cmake
-- Installing: /home/alpha/Research/voxblox/install/vpp_interfaces/share/vpp_interfaces/cmake/export_vpp_interfaces__rosidl_typesupport_fastrtps_cExport-noconfig.cmake
-- Installing: /home/alpha/Research/voxblox/install/vpp_interfaces/share/vpp_interfaces/cmake/export_vpp_interfaces__rosidl_generator_cppExport.cmake
-- Installing: /home/alpha/Research/voxblox/install/vpp_interfaces/share/vpp_interfaces/cmake/export_vpp_interfaces__rosidl_typesupport_fastrtps_cppExport.cmake
-- Installing: /home/alpha/Research/voxblox/install/vpp_interfaces/share/vpp_interfaces/cmake/export_vpp_interfaces__rosidl_typesupport_fastrtps_cppExport-noconfig.cmake
-- Installing: /home/alpha/Research/voxblox/install/vpp_interfaces/share/vpp_interfaces/cmake/vpp_interfaces__rosidl_typesupport_introspection_cExport.cmake
-- Installing: /home/alpha/Research/voxblox/install/vpp_interfaces/share/vpp_interfaces/cmake/vpp_interfaces__rosidl_typesupport_introspection_cExport-noconfig.cmake
-- Installing: /home/alpha/Research/voxblox/install/vpp_interfaces/share/vpp_interfaces/cmake/vpp_interfaces__rosidl_typesupport_cExport.cmake
-- Installing: /home/alpha/Research/voxblox/install/vpp_interfaces/share/vpp_interfaces/cmake/vpp_interfaces__rosidl_typesupport_cExport-noconfig.cmake
-- Installing: /home/alpha/Research/voxblox/install/vpp_interfaces/share/vpp_interfaces/cmake/vpp_interfaces__rosidl_typesupport_introspection_cppExport.cmake
-- Installing: /home/alpha/Research/voxblox/install/vpp_interfaces/share/vpp_interfaces/cmake/vpp_interfaces__rosidl_typesupport_introspection_cppExport-noconfig.cmake
-- Installing: /home/alpha/Research/voxblox/install/vpp_interfaces/share/vpp_interfaces/cmake/vpp_interfaces__rosidl_typesupport_cppExport.cmake
-- Installing: /home/alpha/Research/voxblox/install/vpp_interfaces/share/vpp_interfaces/cmake/vpp_interfaces__rosidl_typesupport_cppExport-noconfig.cmake
-- Installing: /home/alpha/Research/voxblox/install/vpp_interfaces/share/vpp_interfaces/cmake/export_vpp_interfaces__rosidl_generator_pyExport.cmake
-- Installing: /home/alpha/Research/voxblox/install/vpp_interfaces/share/vpp_interfaces/cmake/export_vpp_interfaces__rosidl_generator_pyExport-noconfig.cmake
-- Installing: /home/alpha/Research/voxblox/install/vpp_interfaces/share/vpp_interfaces/cmake/rosidl_cmake-extras.cmake
-- Installing: /home/alpha/Research/voxblox/install/vpp_interfaces/share/vpp_interfaces/cmake/ament_cmake_export_dependencies-extras.cmake
-- Installing: /home/alpha/Research/voxblox/install/vpp_interfaces/share/vpp_interfaces/cmake/ament_cmake_export_include_directories-extras.cmake
-- Installing: /home/alpha/Research/voxblox/install/vpp_interfaces/share/vpp_interfaces/cmake/ament_cmake_export_libraries-extras.cmake
-- Installing: /home/alpha/Research/voxblox/install/vpp_interfaces/share/vpp_interfaces/cmake/ament_cmake_export_targets-extras.cmake
-- Installing: /home/alpha/Research/voxblox/install/vpp_interfaces/share/vpp_interfaces/cmake/rosidl_cmake_export_typesupport_targets-extras.cmake
-- Installing: /home/alpha/Research/voxblox/install/vpp_interfaces/share/vpp_interfaces/cmake/rosidl_cmake_export_typesupport_libraries-extras.cmake
-- Installing: /home/alpha/Research/voxblox/install/vpp_interfaces/share/vpp_interfaces/cmake/vpp_interfacesConfig.cmake
-- Installing: /home/alpha/Research/voxblox/install/vpp_interfaces/share/vpp_interfaces/cmake/vpp_interfacesConfig-version.cmake
-- Installing: /home/alpha/Research/voxblox/install/vpp_interfaces/share/vpp_interfaces/package.xml
