running egg_info
creating ../../build/camera/camera.egg-info
writing ../../build/camera/camera.egg-info/PKG-INFO
writing dependency_links to ../../build/camera/camera.egg-info/dependency_links.txt
writing entry points to ../../build/camera/camera.egg-info/entry_points.txt
writing requirements to ../../build/camera/camera.egg-info/requires.txt
writing top-level names to ../../build/camera/camera.egg-info/top_level.txt
writing manifest file '../../build/camera/camera.egg-info/SOURCES.txt'
reading manifest file '../../build/camera/camera.egg-info/SOURCES.txt'
adding license file 'LICENSE'
writing manifest file '../../build/camera/camera.egg-info/SOURCES.txt'
running build
running build_py
creating /home/alpha/Research/voxblox/build/camera/build
creating /home/alpha/Research/voxblox/build/camera/build/lib
creating /home/alpha/Research/voxblox/build/camera/build/lib/camera
copying camera/__init__.py -> /home/alpha/Research/voxblox/build/camera/build/lib/camera
copying camera/camera_zed.py -> /home/alpha/Research/voxblox/build/camera/build/lib/camera
running install
running install_lib
creating /home/alpha/Research/voxblox/install/camera/lib/python3.10/site-packages/camera
copying /home/alpha/Research/voxblox/build/camera/build/lib/camera/__init__.py -> /home/alpha/Research/voxblox/install/camera/lib/python3.10/site-packages/camera
copying /home/alpha/Research/voxblox/build/camera/build/lib/camera/camera_zed.py -> /home/alpha/Research/voxblox/install/camera/lib/python3.10/site-packages/camera
byte-compiling /home/alpha/Research/voxblox/install/camera/lib/python3.10/site-packages/camera/__init__.py to __init__.cpython-310.pyc
byte-compiling /home/alpha/Research/voxblox/install/camera/lib/python3.10/site-packages/camera/camera_zed.py to camera_zed.cpython-310.pyc
running install_data
creating /home/alpha/Research/voxblox/install/camera/share/ament_index
creating /home/alpha/Research/voxblox/install/camera/share/ament_index/resource_index
creating /home/alpha/Research/voxblox/install/camera/share/ament_index/resource_index/packages
copying resource/camera -> /home/alpha/Research/voxblox/install/camera/share/ament_index/resource_index/packages
copying package.xml -> /home/alpha/Research/voxblox/install/camera/share/camera
running install_egg_info
Copying ../../build/camera/camera.egg-info to /home/alpha/Research/voxblox/install/camera/lib/python3.10/site-packages/camera-0.0.0-py3.10.egg-info
running install_scripts
Installing camera_zed script to /home/alpha/Research/voxblox/install/camera/lib/camera
writing list of installed files to '/home/alpha/Research/voxblox/build/camera/install.log'
