[0.093s] DEBUG:colcon:Command line arguments: ['/home/alpha/anaconda3/envs/voxblox/bin/colcon', 'build']
[0.093s] DEBUG:colcon:Parsed command line arguments: Namespace(log_base=None, log_level=None, verb_name='build', build_base='build', install_base='install', merge_install=False, symlink_install=False, test_result_base=None, continue_on_error=False, executor='parallel', parallel_workers=22, event_handlers=None, ignore_user_meta=False, metas=['./colcon.meta'], base_paths=['.'], packages_ignore=None, packages_ignore_regex=None, paths=None, packages_up_to=None, packages_up_to_regex=None, packages_above=None, packages_above_and_dependencies=None, packages_above_depth=None, packages_select_by_dep=None, packages_skip_by_dep=None, packages_skip_up_to=None, packages_select_build_failed=False, packages_skip_build_finished=False, packages_select_test_failures=False, packages_skip_test_passed=False, packages_select=None, packages_skip=None, packages_select_regex=None, packages_skip_regex=None, packages_start=None, packages_end=None, cmake_args=None, cmake_target=None, cmake_target_skip_unavailable=False, cmake_clean_cache=False, cmake_clean_first=False, cmake_force_configure=False, ament_cmake_args=None, catkin_cmake_args=None, catkin_skip_building_tests=False, verb_parser=<colcon_defaults.argument_parser.defaults.DefaultArgumentsDecorator object at 0x76eb274a26e0>, verb_extension=<colcon_core.verb.build.BuildVerb object at 0x76eb275d3400>, main=<bound method BuildVerb.main of <colcon_core.verb.build.BuildVerb object at 0x76eb275d3400>>)
[0.113s] Level 1:colcon.colcon_core.package_discovery:discover_packages(colcon_meta) check parameters
[0.113s] Level 1:colcon.colcon_core.package_discovery:discover_packages(recursive) check parameters
[0.113s] Level 1:colcon.colcon_core.package_discovery:discover_packages(ignore) check parameters
[0.113s] Level 1:colcon.colcon_core.package_discovery:discover_packages(path) check parameters
[0.113s] Level 1:colcon.colcon_core.package_discovery:discover_packages(colcon_meta) discover
[0.113s] Level 1:colcon.colcon_core.package_discovery:discover_packages(recursive) discover
[0.113s] INFO:colcon.colcon_core.package_discovery:Crawling recursively for packages in '/home/alpha/Research/voxblox'
[0.113s] Level 1:colcon.colcon_core.package_identification:_identify(.) by extensions ['ignore', 'ignore_ament_install']
[0.113s] Level 1:colcon.colcon_core.package_identification:_identify(.) by extension 'ignore'
[0.113s] Level 1:colcon.colcon_core.package_identification:_identify(.) by extension 'ignore_ament_install'
[0.113s] Level 1:colcon.colcon_core.package_identification:_identify(.) by extensions ['colcon_pkg']
[0.114s] Level 1:colcon.colcon_core.package_identification:_identify(.) by extension 'colcon_pkg'
[0.114s] Level 1:colcon.colcon_core.package_identification:_identify(.) by extensions ['colcon_meta']
[0.114s] Level 1:colcon.colcon_core.package_identification:_identify(.) by extension 'colcon_meta'
[0.114s] Level 1:colcon.colcon_core.package_identification:_identify(.) by extensions ['ros']
[0.114s] Level 1:colcon.colcon_core.package_identification:_identify(.) by extension 'ros'
[0.139s] Level 1:colcon.colcon_core.package_identification:_identify(.) by extensions ['cmake', 'python']
[0.139s] Level 1:colcon.colcon_core.package_identification:_identify(.) by extension 'cmake'
[0.140s] Level 1:colcon.colcon_core.package_identification:_identify(.) by extension 'python'
[0.140s] Level 1:colcon.colcon_core.package_identification:_identify(.) by extensions ['python_setup_py']
[0.140s] Level 1:colcon.colcon_core.package_identification:_identify(.) by extension 'python_setup_py'
[0.140s] Level 1:colcon.colcon_core.package_identification:_identify(build) by extensions ['ignore', 'ignore_ament_install']
[0.140s] Level 1:colcon.colcon_core.package_identification:_identify(build) by extension 'ignore'
[0.140s] Level 1:colcon.colcon_core.package_identification:_identify(build) ignored
[0.140s] Level 1:colcon.colcon_core.package_identification:_identify(install) by extensions ['ignore', 'ignore_ament_install']
[0.140s] Level 1:colcon.colcon_core.package_identification:_identify(install) by extension 'ignore'
[0.140s] Level 1:colcon.colcon_core.package_identification:_identify(install) ignored
[0.140s] Level 1:colcon.colcon_core.package_identification:_identify(log) by extensions ['ignore', 'ignore_ament_install']
[0.141s] Level 1:colcon.colcon_core.package_identification:_identify(log) by extension 'ignore'
[0.141s] Level 1:colcon.colcon_core.package_identification:_identify(log) ignored
[0.141s] Level 1:colcon.colcon_core.package_identification:_identify(src) by extensions ['ignore', 'ignore_ament_install']
[0.141s] Level 1:colcon.colcon_core.package_identification:_identify(src) by extension 'ignore'
[0.141s] Level 1:colcon.colcon_core.package_identification:_identify(src) by extension 'ignore_ament_install'
[0.141s] Level 1:colcon.colcon_core.package_identification:_identify(src) by extensions ['colcon_pkg']
[0.141s] Level 1:colcon.colcon_core.package_identification:_identify(src) by extension 'colcon_pkg'
[0.141s] Level 1:colcon.colcon_core.package_identification:_identify(src) by extensions ['colcon_meta']
[0.141s] Level 1:colcon.colcon_core.package_identification:_identify(src) by extension 'colcon_meta'
[0.141s] Level 1:colcon.colcon_core.package_identification:_identify(src) by extensions ['ros']
[0.141s] Level 1:colcon.colcon_core.package_identification:_identify(src) by extension 'ros'
[0.141s] Level 1:colcon.colcon_core.package_identification:_identify(src) by extensions ['cmake', 'python']
[0.141s] Level 1:colcon.colcon_core.package_identification:_identify(src) by extension 'cmake'
[0.141s] Level 1:colcon.colcon_core.package_identification:_identify(src) by extension 'python'
[0.141s] Level 1:colcon.colcon_core.package_identification:_identify(src) by extensions ['python_setup_py']
[0.141s] Level 1:colcon.colcon_core.package_identification:_identify(src) by extension 'python_setup_py'
[0.141s] Level 1:colcon.colcon_core.package_identification:_identify(src/camera) by extensions ['ignore', 'ignore_ament_install']
[0.141s] Level 1:colcon.colcon_core.package_identification:_identify(src/camera) by extension 'ignore'
[0.142s] Level 1:colcon.colcon_core.package_identification:_identify(src/camera) by extension 'ignore_ament_install'
[0.142s] Level 1:colcon.colcon_core.package_identification:_identify(src/camera) by extensions ['colcon_pkg']
[0.142s] Level 1:colcon.colcon_core.package_identification:_identify(src/camera) by extension 'colcon_pkg'
[0.142s] Level 1:colcon.colcon_core.package_identification:_identify(src/camera) by extensions ['colcon_meta']
[0.142s] Level 1:colcon.colcon_core.package_identification:_identify(src/camera) by extension 'colcon_meta'
[0.142s] Level 1:colcon.colcon_core.package_identification:_identify(src/camera) by extensions ['ros']
[0.142s] Level 1:colcon.colcon_core.package_identification:_identify(src/camera) by extension 'ros'
[0.145s] DEBUG:colcon.colcon_core.package_identification:Package 'src/camera' with type 'ros.ament_python' and name 'camera'
[0.145s] Level 1:colcon.colcon_core.package_identification:_identify(src/mask_rcnn_ros2) by extensions ['ignore', 'ignore_ament_install']
[0.145s] Level 1:colcon.colcon_core.package_identification:_identify(src/mask_rcnn_ros2) by extension 'ignore'
[0.145s] Level 1:colcon.colcon_core.package_identification:_identify(src/mask_rcnn_ros2) by extension 'ignore_ament_install'
[0.145s] Level 1:colcon.colcon_core.package_identification:_identify(src/mask_rcnn_ros2) by extensions ['colcon_pkg']
[0.145s] Level 1:colcon.colcon_core.package_identification:_identify(src/mask_rcnn_ros2) by extension 'colcon_pkg'
[0.145s] Level 1:colcon.colcon_core.package_identification:_identify(src/mask_rcnn_ros2) by extensions ['colcon_meta']
[0.145s] Level 1:colcon.colcon_core.package_identification:_identify(src/mask_rcnn_ros2) by extension 'colcon_meta'
[0.145s] Level 1:colcon.colcon_core.package_identification:_identify(src/mask_rcnn_ros2) by extensions ['ros']
[0.145s] Level 1:colcon.colcon_core.package_identification:_identify(src/mask_rcnn_ros2) by extension 'ros'
[0.146s] DEBUG:colcon.colcon_core.package_identification:Package 'src/mask_rcnn_ros2' with type 'ros.ament_python' and name 'mask_rcnn_ros2'
[0.146s] Level 1:colcon.colcon_core.package_identification:_identify(src/vpp_interfaces) by extensions ['ignore', 'ignore_ament_install']
[0.146s] Level 1:colcon.colcon_core.package_identification:_identify(src/vpp_interfaces) by extension 'ignore'
[0.146s] Level 1:colcon.colcon_core.package_identification:_identify(src/vpp_interfaces) by extension 'ignore_ament_install'
[0.146s] Level 1:colcon.colcon_core.package_identification:_identify(src/vpp_interfaces) by extensions ['colcon_pkg']
[0.146s] Level 1:colcon.colcon_core.package_identification:_identify(src/vpp_interfaces) by extension 'colcon_pkg'
[0.146s] Level 1:colcon.colcon_core.package_identification:_identify(src/vpp_interfaces) by extensions ['colcon_meta']
[0.146s] Level 1:colcon.colcon_core.package_identification:_identify(src/vpp_interfaces) by extension 'colcon_meta'
[0.146s] Level 1:colcon.colcon_core.package_identification:_identify(src/vpp_interfaces) by extensions ['ros']
[0.146s] Level 1:colcon.colcon_core.package_identification:_identify(src/vpp_interfaces) by extension 'ros'
[0.147s] DEBUG:colcon.colcon_core.package_identification:Package 'src/vpp_interfaces' with type 'ros.ament_cmake' and name 'vpp_interfaces'
[0.147s] Level 1:colcon.colcon_core.package_discovery:discover_packages(recursive) using defaults
[0.147s] Level 1:colcon.colcon_core.package_discovery:discover_packages(ignore) discover
[0.147s] Level 1:colcon.colcon_core.package_discovery:discover_packages(ignore) using defaults
[0.147s] Level 1:colcon.colcon_core.package_discovery:discover_packages(path) discover
[0.147s] Level 1:colcon.colcon_core.package_discovery:discover_packages(path) using defaults
[0.158s] Level 5:colcon.colcon_core.verb:set package 'camera' build argument 'cmake_args' from command line to 'None'
[0.158s] Level 5:colcon.colcon_core.verb:set package 'camera' build argument 'cmake_target' from command line to 'None'
[0.158s] Level 5:colcon.colcon_core.verb:set package 'camera' build argument 'cmake_target_skip_unavailable' from command line to 'False'
[0.158s] Level 5:colcon.colcon_core.verb:set package 'camera' build argument 'cmake_clean_cache' from command line to 'False'
[0.158s] Level 5:colcon.colcon_core.verb:set package 'camera' build argument 'cmake_clean_first' from command line to 'False'
[0.158s] Level 5:colcon.colcon_core.verb:set package 'camera' build argument 'cmake_force_configure' from command line to 'False'
[0.158s] Level 5:colcon.colcon_core.verb:set package 'camera' build argument 'ament_cmake_args' from command line to 'None'
[0.158s] Level 5:colcon.colcon_core.verb:set package 'camera' build argument 'catkin_cmake_args' from command line to 'None'
[0.158s] Level 5:colcon.colcon_core.verb:set package 'camera' build argument 'catkin_skip_building_tests' from command line to 'False'
[0.158s] DEBUG:colcon.colcon_core.verb:Building package 'camera' with the following arguments: {'ament_cmake_args': None, 'build_base': '/home/alpha/Research/voxblox/build/camera', 'catkin_cmake_args': None, 'catkin_skip_building_tests': False, 'cmake_args': None, 'cmake_clean_cache': False, 'cmake_clean_first': False, 'cmake_force_configure': False, 'cmake_target': None, 'cmake_target_skip_unavailable': False, 'install_base': '/home/alpha/Research/voxblox/install/camera', 'merge_install': False, 'path': '/home/alpha/Research/voxblox/src/camera', 'symlink_install': False, 'test_result_base': None}
[0.158s] Level 5:colcon.colcon_core.verb:set package 'mask_rcnn_ros2' build argument 'cmake_args' from command line to 'None'
[0.158s] Level 5:colcon.colcon_core.verb:set package 'mask_rcnn_ros2' build argument 'cmake_target' from command line to 'None'
[0.158s] Level 5:colcon.colcon_core.verb:set package 'mask_rcnn_ros2' build argument 'cmake_target_skip_unavailable' from command line to 'False'
[0.158s] Level 5:colcon.colcon_core.verb:set package 'mask_rcnn_ros2' build argument 'cmake_clean_cache' from command line to 'False'
[0.158s] Level 5:colcon.colcon_core.verb:set package 'mask_rcnn_ros2' build argument 'cmake_clean_first' from command line to 'False'
[0.158s] Level 5:colcon.colcon_core.verb:set package 'mask_rcnn_ros2' build argument 'cmake_force_configure' from command line to 'False'
[0.158s] Level 5:colcon.colcon_core.verb:set package 'mask_rcnn_ros2' build argument 'ament_cmake_args' from command line to 'None'
[0.158s] Level 5:colcon.colcon_core.verb:set package 'mask_rcnn_ros2' build argument 'catkin_cmake_args' from command line to 'None'
[0.158s] Level 5:colcon.colcon_core.verb:set package 'mask_rcnn_ros2' build argument 'catkin_skip_building_tests' from command line to 'False'
[0.158s] DEBUG:colcon.colcon_core.verb:Building package 'mask_rcnn_ros2' with the following arguments: {'ament_cmake_args': None, 'build_base': '/home/alpha/Research/voxblox/build/mask_rcnn_ros2', 'catkin_cmake_args': None, 'catkin_skip_building_tests': False, 'cmake_args': None, 'cmake_clean_cache': False, 'cmake_clean_first': False, 'cmake_force_configure': False, 'cmake_target': None, 'cmake_target_skip_unavailable': False, 'install_base': '/home/alpha/Research/voxblox/install/mask_rcnn_ros2', 'merge_install': False, 'path': '/home/alpha/Research/voxblox/src/mask_rcnn_ros2', 'symlink_install': False, 'test_result_base': None}
[0.158s] Level 5:colcon.colcon_core.verb:set package 'vpp_interfaces' build argument 'cmake_args' from command line to 'None'
[0.159s] Level 5:colcon.colcon_core.verb:set package 'vpp_interfaces' build argument 'cmake_target' from command line to 'None'
[0.159s] Level 5:colcon.colcon_core.verb:set package 'vpp_interfaces' build argument 'cmake_target_skip_unavailable' from command line to 'False'
[0.159s] Level 5:colcon.colcon_core.verb:set package 'vpp_interfaces' build argument 'cmake_clean_cache' from command line to 'False'
[0.159s] Level 5:colcon.colcon_core.verb:set package 'vpp_interfaces' build argument 'cmake_clean_first' from command line to 'False'
[0.159s] Level 5:colcon.colcon_core.verb:set package 'vpp_interfaces' build argument 'cmake_force_configure' from command line to 'False'
[0.159s] Level 5:colcon.colcon_core.verb:set package 'vpp_interfaces' build argument 'ament_cmake_args' from command line to 'None'
[0.159s] Level 5:colcon.colcon_core.verb:set package 'vpp_interfaces' build argument 'catkin_cmake_args' from command line to 'None'
[0.159s] Level 5:colcon.colcon_core.verb:set package 'vpp_interfaces' build argument 'catkin_skip_building_tests' from command line to 'False'
[0.159s] DEBUG:colcon.colcon_core.verb:Building package 'vpp_interfaces' with the following arguments: {'ament_cmake_args': None, 'build_base': '/home/alpha/Research/voxblox/build/vpp_interfaces', 'catkin_cmake_args': None, 'catkin_skip_building_tests': False, 'cmake_args': None, 'cmake_clean_cache': False, 'cmake_clean_first': False, 'cmake_force_configure': False, 'cmake_target': None, 'cmake_target_skip_unavailable': False, 'install_base': '/home/alpha/Research/voxblox/install/vpp_interfaces', 'merge_install': False, 'path': '/home/alpha/Research/voxblox/src/vpp_interfaces', 'symlink_install': False, 'test_result_base': None}
[0.159s] INFO:colcon.colcon_core.executor:Executing jobs using 'parallel' executor
[0.159s] DEBUG:colcon.colcon_parallel_executor.executor.parallel:run_until_complete
[0.160s] INFO:colcon.colcon_ros.task.ament_python.build:Building ROS package in '/home/alpha/Research/voxblox/src/camera' with build type 'ament_python'
[0.160s] Level 1:colcon.colcon_core.shell:create_environment_hook('camera', 'ament_prefix_path')
[0.161s] INFO:colcon.colcon_core.plugin_system:Skipping extension 'colcon_core.shell.bat': Not used on non-Windows systems
[0.161s] INFO:colcon.colcon_core.shell:Creating environment hook '/home/alpha/Research/voxblox/install/camera/share/camera/hook/ament_prefix_path.ps1'
[0.161s] INFO:colcon.colcon_core.shell:Creating environment descriptor '/home/alpha/Research/voxblox/install/camera/share/camera/hook/ament_prefix_path.dsv'
[0.162s] INFO:colcon.colcon_core.shell:Creating environment hook '/home/alpha/Research/voxblox/install/camera/share/camera/hook/ament_prefix_path.sh'
[0.162s] INFO:colcon.colcon_core.shell:Skip shell extension 'powershell' for command environment: Not usable outside of PowerShell
[0.162s] DEBUG:colcon.colcon_core.shell:Skip shell extension 'dsv' for command environment
[0.164s] INFO:colcon.colcon_ros.task.ament_python.build:Building ROS package in '/home/alpha/Research/voxblox/src/mask_rcnn_ros2' with build type 'ament_python'
[0.165s] Level 1:colcon.colcon_core.shell:create_environment_hook('mask_rcnn_ros2', 'ament_prefix_path')
[0.165s] INFO:colcon.colcon_core.shell:Creating environment hook '/home/alpha/Research/voxblox/install/mask_rcnn_ros2/share/mask_rcnn_ros2/hook/ament_prefix_path.ps1'
[0.165s] INFO:colcon.colcon_core.shell:Creating environment descriptor '/home/alpha/Research/voxblox/install/mask_rcnn_ros2/share/mask_rcnn_ros2/hook/ament_prefix_path.dsv'
[0.165s] INFO:colcon.colcon_core.shell:Creating environment hook '/home/alpha/Research/voxblox/install/mask_rcnn_ros2/share/mask_rcnn_ros2/hook/ament_prefix_path.sh'
[0.165s] INFO:colcon.colcon_core.shell:Skip shell extension 'powershell' for command environment: Not usable outside of PowerShell
[0.165s] DEBUG:colcon.colcon_core.shell:Skip shell extension 'dsv' for command environment
[0.167s] INFO:colcon.colcon_ros.task.ament_cmake.build:Building ROS package in '/home/alpha/Research/voxblox/src/vpp_interfaces' with build type 'ament_cmake'
[0.167s] INFO:colcon.colcon_cmake.task.cmake.build:Building CMake package in '/home/alpha/Research/voxblox/src/vpp_interfaces'
[0.167s] INFO:colcon.colcon_core.shell:Skip shell extension 'powershell' for command environment: Not usable outside of PowerShell
[0.168s] DEBUG:colcon.colcon_core.shell:Skip shell extension 'dsv' for command environment
[0.320s] INFO:colcon.colcon_core.task.python.build:Building Python package in '/home/alpha/Research/voxblox/src/camera'
[0.320s] INFO:colcon.colcon_core.shell:Skip shell extension 'powershell' for command environment: Not usable outside of PowerShell
[0.320s] DEBUG:colcon.colcon_core.shell:Skip shell extension 'dsv' for command environment
[0.452s] INFO:colcon.colcon_core.task.python.build:Building Python package in '/home/alpha/Research/voxblox/src/mask_rcnn_ros2'
[0.453s] INFO:colcon.colcon_core.shell:Skip shell extension 'powershell' for command environment: Not usable outside of PowerShell
[0.453s] DEBUG:colcon.colcon_core.shell:Skip shell extension 'dsv' for command environment
[0.461s] DEBUG:colcon.colcon_core.event_handler.log_command:Invoking command in '/home/alpha/Research/voxblox/build/vpp_interfaces': CMAKE_PREFIX_PATH=${CMAKE_PREFIX_PATH}:/home/alpha/Research/voxblox/install/mask_rcnn_ros2:/home/alpha/Research/voxblox/install/camera:/opt/ros/humble CONDA_PROMPT_MODIFIER=(voxblox) /home/alpha/anaconda3/envs/voxblox/bin/cmake --build /home/alpha/Research/voxblox/build/vpp_interfaces -- -j22 -l22
[0.684s] DEBUG:colcon.colcon_core.event_handler.log_command:Invoked command in '/home/alpha/Research/voxblox/build/vpp_interfaces' returned '0': CMAKE_PREFIX_PATH=${CMAKE_PREFIX_PATH}:/home/alpha/Research/voxblox/install/mask_rcnn_ros2:/home/alpha/Research/voxblox/install/camera:/opt/ros/humble CONDA_PROMPT_MODIFIER=(voxblox) /home/alpha/anaconda3/envs/voxblox/bin/cmake --build /home/alpha/Research/voxblox/build/vpp_interfaces -- -j22 -l22
[0.752s] DEBUG:colcon.colcon_core.event_handler.log_command:Invoking command in '/home/alpha/Research/voxblox/src/mask_rcnn_ros2': CONDA_PROMPT_MODIFIER=(voxblox) PYTHONPATH=/home/alpha/Research/voxblox/build/mask_rcnn_ros2/prefix_override:/home/alpha/anaconda3/envs/voxblox/lib/python3.10/site-packages/colcon_core/task/python/colcon_distutils_commands:/home/alpha/Research/voxblox/install/mask_rcnn_ros2/lib/python3.10/site-packages:${PYTHONPATH} /home/alpha/anaconda3/envs/voxblox/bin/python -W ignore:setup.py install is deprecated setup.py egg_info --egg-base ../../build/mask_rcnn_ros2 build --build-base /home/alpha/Research/voxblox/build/mask_rcnn_ros2/build install --record /home/alpha/Research/voxblox/build/mask_rcnn_ros2/install.log --single-version-externally-managed install_data
[0.765s] DEBUG:colcon.colcon_core.event_handler.log_command:Invoking command in '/home/alpha/Research/voxblox/src/camera': CONDA_PROMPT_MODIFIER=(voxblox) PYTHONPATH=/home/alpha/Research/voxblox/build/camera/prefix_override:/home/alpha/anaconda3/envs/voxblox/lib/python3.10/site-packages/colcon_core/task/python/colcon_distutils_commands:/home/alpha/Research/voxblox/install/camera/lib/python3.10/site-packages:${PYTHONPATH} /home/alpha/anaconda3/envs/voxblox/bin/python -W ignore:setup.py install is deprecated setup.py egg_info --egg-base ../../build/camera build --build-base /home/alpha/Research/voxblox/build/camera/build install --record /home/alpha/Research/voxblox/build/camera/install.log --single-version-externally-managed install_data
[0.779s] DEBUG:colcon.colcon_core.event_handler.log_command:Invoking command in '/home/alpha/Research/voxblox/build/vpp_interfaces': CMAKE_PREFIX_PATH=${CMAKE_PREFIX_PATH}:/home/alpha/Research/voxblox/install/mask_rcnn_ros2:/home/alpha/Research/voxblox/install/camera:/opt/ros/humble CONDA_PROMPT_MODIFIER=(voxblox) /home/alpha/anaconda3/envs/voxblox/bin/cmake --install /home/alpha/Research/voxblox/build/vpp_interfaces
[0.815s] Level 1:colcon.colcon_core.environment:create_environment_scripts_only(vpp_interfaces)
[0.819s] Level 1:colcon.colcon_core.environment:checking '/home/alpha/Research/voxblox/install/vpp_interfaces' for CMake module files
[0.820s] DEBUG:colcon.colcon_core.event_handler.log_command:Invoked command in '/home/alpha/Research/voxblox/build/vpp_interfaces' returned '0': CMAKE_PREFIX_PATH=${CMAKE_PREFIX_PATH}:/home/alpha/Research/voxblox/install/mask_rcnn_ros2:/home/alpha/Research/voxblox/install/camera:/opt/ros/humble CONDA_PROMPT_MODIFIER=(voxblox) /home/alpha/anaconda3/envs/voxblox/bin/cmake --install /home/alpha/Research/voxblox/build/vpp_interfaces
[0.820s] Level 1:colcon.colcon_core.environment:checking '/home/alpha/Research/voxblox/install/vpp_interfaces' for CMake config files
[0.820s] Level 1:colcon.colcon_core.shell:create_environment_hook('vpp_interfaces', 'cmake_prefix_path')
[0.821s] INFO:colcon.colcon_core.shell:Creating environment hook '/home/alpha/Research/voxblox/install/vpp_interfaces/share/vpp_interfaces/hook/cmake_prefix_path.ps1'
[0.821s] INFO:colcon.colcon_core.shell:Creating environment descriptor '/home/alpha/Research/voxblox/install/vpp_interfaces/share/vpp_interfaces/hook/cmake_prefix_path.dsv'
[0.821s] INFO:colcon.colcon_core.shell:Creating environment hook '/home/alpha/Research/voxblox/install/vpp_interfaces/share/vpp_interfaces/hook/cmake_prefix_path.sh'
[0.822s] Level 1:colcon.colcon_core.environment:checking '/home/alpha/Research/voxblox/install/vpp_interfaces/lib'
[0.822s] Level 1:colcon.colcon_core.shell:create_environment_hook('vpp_interfaces', 'ld_library_path_lib')
[0.822s] INFO:colcon.colcon_core.shell:Creating environment hook '/home/alpha/Research/voxblox/install/vpp_interfaces/share/vpp_interfaces/hook/ld_library_path_lib.ps1'
[0.822s] INFO:colcon.colcon_core.shell:Creating environment descriptor '/home/alpha/Research/voxblox/install/vpp_interfaces/share/vpp_interfaces/hook/ld_library_path_lib.dsv'
[0.823s] INFO:colcon.colcon_core.shell:Creating environment hook '/home/alpha/Research/voxblox/install/vpp_interfaces/share/vpp_interfaces/hook/ld_library_path_lib.sh'
[0.823s] Level 1:colcon.colcon_core.environment:checking '/home/alpha/Research/voxblox/install/vpp_interfaces/bin'
[0.823s] Level 1:colcon.colcon_core.environment:checking '/home/alpha/Research/voxblox/install/vpp_interfaces/lib/pkgconfig/vpp_interfaces.pc'
[0.823s] Level 1:colcon.colcon_core.environment:checking '/home/alpha/Research/voxblox/install/vpp_interfaces/lib/python3.10/site-packages'
[0.823s] Level 1:colcon.colcon_core.shell:create_environment_hook('vpp_interfaces', 'pythonpath')
[0.823s] INFO:colcon.colcon_core.shell:Creating environment hook '/home/alpha/Research/voxblox/install/vpp_interfaces/share/vpp_interfaces/hook/pythonpath.ps1'
[0.824s] INFO:colcon.colcon_core.shell:Creating environment descriptor '/home/alpha/Research/voxblox/install/vpp_interfaces/share/vpp_interfaces/hook/pythonpath.dsv'
[0.824s] INFO:colcon.colcon_core.shell:Creating environment hook '/home/alpha/Research/voxblox/install/vpp_interfaces/share/vpp_interfaces/hook/pythonpath.sh'
[0.824s] Level 1:colcon.colcon_core.environment:checking '/home/alpha/Research/voxblox/install/vpp_interfaces/bin'
[0.825s] INFO:colcon.colcon_core.shell:Creating package script '/home/alpha/Research/voxblox/install/vpp_interfaces/share/vpp_interfaces/package.ps1'
[0.825s] INFO:colcon.colcon_core.shell:Creating package descriptor '/home/alpha/Research/voxblox/install/vpp_interfaces/share/vpp_interfaces/package.dsv'
[0.826s] INFO:colcon.colcon_core.shell:Creating package script '/home/alpha/Research/voxblox/install/vpp_interfaces/share/vpp_interfaces/package.sh'
[0.826s] INFO:colcon.colcon_core.shell:Creating package script '/home/alpha/Research/voxblox/install/vpp_interfaces/share/vpp_interfaces/package.bash'
[0.827s] INFO:colcon.colcon_core.shell:Creating package script '/home/alpha/Research/voxblox/install/vpp_interfaces/share/vpp_interfaces/package.zsh'
[0.827s] Level 1:colcon.colcon_core.environment:create_file_with_runtime_dependencies(/home/alpha/Research/voxblox/install/vpp_interfaces/share/colcon-core/packages/vpp_interfaces)
[0.879s] Level 1:colcon.colcon_core.environment:create_environment_scripts_only(vpp_interfaces)
[0.880s] Level 1:colcon.colcon_core.environment:checking '/home/alpha/Research/voxblox/install/vpp_interfaces' for CMake module files
[0.880s] Level 1:colcon.colcon_core.environment:checking '/home/alpha/Research/voxblox/install/vpp_interfaces' for CMake config files
[0.881s] Level 1:colcon.colcon_core.shell:create_environment_hook('vpp_interfaces', 'cmake_prefix_path')
[0.881s] INFO:colcon.colcon_core.shell:Creating environment hook '/home/alpha/Research/voxblox/install/vpp_interfaces/share/vpp_interfaces/hook/cmake_prefix_path.ps1'
[0.882s] INFO:colcon.colcon_core.shell:Creating environment descriptor '/home/alpha/Research/voxblox/install/vpp_interfaces/share/vpp_interfaces/hook/cmake_prefix_path.dsv'
[0.882s] INFO:colcon.colcon_core.shell:Creating environment hook '/home/alpha/Research/voxblox/install/vpp_interfaces/share/vpp_interfaces/hook/cmake_prefix_path.sh'
[0.883s] Level 1:colcon.colcon_core.environment:checking '/home/alpha/Research/voxblox/install/vpp_interfaces/lib'
[0.883s] Level 1:colcon.colcon_core.shell:create_environment_hook('vpp_interfaces', 'ld_library_path_lib')
[0.883s] INFO:colcon.colcon_core.shell:Creating environment hook '/home/alpha/Research/voxblox/install/vpp_interfaces/share/vpp_interfaces/hook/ld_library_path_lib.ps1'
[0.883s] INFO:colcon.colcon_core.shell:Creating environment descriptor '/home/alpha/Research/voxblox/install/vpp_interfaces/share/vpp_interfaces/hook/ld_library_path_lib.dsv'
[0.884s] INFO:colcon.colcon_core.shell:Creating environment hook '/home/alpha/Research/voxblox/install/vpp_interfaces/share/vpp_interfaces/hook/ld_library_path_lib.sh'
[0.884s] Level 1:colcon.colcon_core.environment:checking '/home/alpha/Research/voxblox/install/vpp_interfaces/bin'
[0.884s] Level 1:colcon.colcon_core.environment:checking '/home/alpha/Research/voxblox/install/vpp_interfaces/lib/pkgconfig/vpp_interfaces.pc'
[0.884s] Level 1:colcon.colcon_core.environment:checking '/home/alpha/Research/voxblox/install/vpp_interfaces/lib/python3.10/site-packages'
[0.884s] Level 1:colcon.colcon_core.shell:create_environment_hook('vpp_interfaces', 'pythonpath')
[0.885s] INFO:colcon.colcon_core.shell:Creating environment hook '/home/alpha/Research/voxblox/install/vpp_interfaces/share/vpp_interfaces/hook/pythonpath.ps1'
[0.885s] INFO:colcon.colcon_core.shell:Creating environment descriptor '/home/alpha/Research/voxblox/install/vpp_interfaces/share/vpp_interfaces/hook/pythonpath.dsv'
[0.885s] INFO:colcon.colcon_core.shell:Creating environment hook '/home/alpha/Research/voxblox/install/vpp_interfaces/share/vpp_interfaces/hook/pythonpath.sh'
[0.886s] Level 1:colcon.colcon_core.environment:checking '/home/alpha/Research/voxblox/install/vpp_interfaces/bin'
[0.886s] INFO:colcon.colcon_core.shell:Creating package script '/home/alpha/Research/voxblox/install/vpp_interfaces/share/vpp_interfaces/package.ps1'
[0.886s] INFO:colcon.colcon_core.shell:Creating package descriptor '/home/alpha/Research/voxblox/install/vpp_interfaces/share/vpp_interfaces/package.dsv'
[0.887s] INFO:colcon.colcon_core.shell:Creating package script '/home/alpha/Research/voxblox/install/vpp_interfaces/share/vpp_interfaces/package.sh'
[0.887s] INFO:colcon.colcon_core.shell:Creating package script '/home/alpha/Research/voxblox/install/vpp_interfaces/share/vpp_interfaces/package.bash'
[0.888s] INFO:colcon.colcon_core.shell:Creating package script '/home/alpha/Research/voxblox/install/vpp_interfaces/share/vpp_interfaces/package.zsh'
[0.888s] Level 1:colcon.colcon_core.environment:create_file_with_runtime_dependencies(/home/alpha/Research/voxblox/install/vpp_interfaces/share/colcon-core/packages/vpp_interfaces)
[1.032s] Level 1:colcon.colcon_core.environment:checking '/home/alpha/Research/voxblox/install/mask_rcnn_ros2' for CMake module files
[1.033s] DEBUG:colcon.colcon_core.event_handler.log_command:Invoked command in '/home/alpha/Research/voxblox/src/mask_rcnn_ros2' returned '0': CONDA_PROMPT_MODIFIER=(voxblox) PYTHONPATH=/home/alpha/Research/voxblox/build/mask_rcnn_ros2/prefix_override:/home/alpha/anaconda3/envs/voxblox/lib/python3.10/site-packages/colcon_core/task/python/colcon_distutils_commands:/home/alpha/Research/voxblox/install/mask_rcnn_ros2/lib/python3.10/site-packages:${PYTHONPATH} /home/alpha/anaconda3/envs/voxblox/bin/python -W ignore:setup.py install is deprecated setup.py egg_info --egg-base ../../build/mask_rcnn_ros2 build --build-base /home/alpha/Research/voxblox/build/mask_rcnn_ros2/build install --record /home/alpha/Research/voxblox/build/mask_rcnn_ros2/install.log --single-version-externally-managed install_data
[1.033s] Level 1:colcon.colcon_core.environment:checking '/home/alpha/Research/voxblox/install/mask_rcnn_ros2' for CMake config files
[1.033s] Level 1:colcon.colcon_core.environment:checking '/home/alpha/Research/voxblox/install/mask_rcnn_ros2/lib'
[1.033s] Level 1:colcon.colcon_core.environment:checking '/home/alpha/Research/voxblox/install/mask_rcnn_ros2/bin'
[1.033s] Level 1:colcon.colcon_core.environment:checking '/home/alpha/Research/voxblox/install/mask_rcnn_ros2/lib/pkgconfig/mask_rcnn_ros2.pc'
[1.033s] Level 1:colcon.colcon_core.environment:checking '/home/alpha/Research/voxblox/install/mask_rcnn_ros2/lib/python3.10/site-packages'
[1.033s] Level 1:colcon.colcon_core.shell:create_environment_hook('mask_rcnn_ros2', 'pythonpath')
[1.033s] INFO:colcon.colcon_core.shell:Creating environment hook '/home/alpha/Research/voxblox/install/mask_rcnn_ros2/share/mask_rcnn_ros2/hook/pythonpath.ps1'
[1.034s] INFO:colcon.colcon_core.shell:Creating environment descriptor '/home/alpha/Research/voxblox/install/mask_rcnn_ros2/share/mask_rcnn_ros2/hook/pythonpath.dsv'
[1.034s] INFO:colcon.colcon_core.shell:Creating environment hook '/home/alpha/Research/voxblox/install/mask_rcnn_ros2/share/mask_rcnn_ros2/hook/pythonpath.sh'
[1.034s] Level 1:colcon.colcon_core.environment:checking '/home/alpha/Research/voxblox/install/mask_rcnn_ros2/bin'
[1.034s] Level 1:colcon.colcon_core.environment:create_environment_scripts_only(mask_rcnn_ros2)
[1.034s] INFO:colcon.colcon_core.shell:Creating package script '/home/alpha/Research/voxblox/install/mask_rcnn_ros2/share/mask_rcnn_ros2/package.ps1'
[1.035s] INFO:colcon.colcon_core.shell:Creating package descriptor '/home/alpha/Research/voxblox/install/mask_rcnn_ros2/share/mask_rcnn_ros2/package.dsv'
[1.035s] INFO:colcon.colcon_core.shell:Creating package script '/home/alpha/Research/voxblox/install/mask_rcnn_ros2/share/mask_rcnn_ros2/package.sh'
[1.035s] INFO:colcon.colcon_core.shell:Creating package script '/home/alpha/Research/voxblox/install/mask_rcnn_ros2/share/mask_rcnn_ros2/package.bash'
[1.035s] INFO:colcon.colcon_core.shell:Creating package script '/home/alpha/Research/voxblox/install/mask_rcnn_ros2/share/mask_rcnn_ros2/package.zsh'
[1.035s] Level 1:colcon.colcon_core.environment:create_file_with_runtime_dependencies(/home/alpha/Research/voxblox/install/mask_rcnn_ros2/share/colcon-core/packages/mask_rcnn_ros2)
[1.045s] Level 1:colcon.colcon_core.environment:checking '/home/alpha/Research/voxblox/install/camera' for CMake module files
[1.045s] DEBUG:colcon.colcon_core.event_handler.log_command:Invoked command in '/home/alpha/Research/voxblox/src/camera' returned '0': CONDA_PROMPT_MODIFIER=(voxblox) PYTHONPATH=/home/alpha/Research/voxblox/build/camera/prefix_override:/home/alpha/anaconda3/envs/voxblox/lib/python3.10/site-packages/colcon_core/task/python/colcon_distutils_commands:/home/alpha/Research/voxblox/install/camera/lib/python3.10/site-packages:${PYTHONPATH} /home/alpha/anaconda3/envs/voxblox/bin/python -W ignore:setup.py install is deprecated setup.py egg_info --egg-base ../../build/camera build --build-base /home/alpha/Research/voxblox/build/camera/build install --record /home/alpha/Research/voxblox/build/camera/install.log --single-version-externally-managed install_data
[1.045s] Level 1:colcon.colcon_core.environment:checking '/home/alpha/Research/voxblox/install/camera' for CMake config files
[1.046s] Level 1:colcon.colcon_core.environment:checking '/home/alpha/Research/voxblox/install/camera/lib'
[1.046s] Level 1:colcon.colcon_core.environment:checking '/home/alpha/Research/voxblox/install/camera/bin'
[1.046s] Level 1:colcon.colcon_core.environment:checking '/home/alpha/Research/voxblox/install/camera/lib/pkgconfig/camera.pc'
[1.046s] Level 1:colcon.colcon_core.environment:checking '/home/alpha/Research/voxblox/install/camera/lib/python3.10/site-packages'
[1.046s] Level 1:colcon.colcon_core.shell:create_environment_hook('camera', 'pythonpath')
[1.046s] INFO:colcon.colcon_core.shell:Creating environment hook '/home/alpha/Research/voxblox/install/camera/share/camera/hook/pythonpath.ps1'
[1.046s] INFO:colcon.colcon_core.shell:Creating environment descriptor '/home/alpha/Research/voxblox/install/camera/share/camera/hook/pythonpath.dsv'
[1.047s] INFO:colcon.colcon_core.shell:Creating environment hook '/home/alpha/Research/voxblox/install/camera/share/camera/hook/pythonpath.sh'
[1.047s] Level 1:colcon.colcon_core.environment:checking '/home/alpha/Research/voxblox/install/camera/bin'
[1.047s] Level 1:colcon.colcon_core.environment:create_environment_scripts_only(camera)
[1.047s] INFO:colcon.colcon_core.shell:Creating package script '/home/alpha/Research/voxblox/install/camera/share/camera/package.ps1'
[1.047s] INFO:colcon.colcon_core.shell:Creating package descriptor '/home/alpha/Research/voxblox/install/camera/share/camera/package.dsv'
[1.048s] INFO:colcon.colcon_core.shell:Creating package script '/home/alpha/Research/voxblox/install/camera/share/camera/package.sh'
[1.048s] INFO:colcon.colcon_core.shell:Creating package script '/home/alpha/Research/voxblox/install/camera/share/camera/package.bash'
[1.048s] INFO:colcon.colcon_core.shell:Creating package script '/home/alpha/Research/voxblox/install/camera/share/camera/package.zsh'
[1.048s] Level 1:colcon.colcon_core.environment:create_file_with_runtime_dependencies(/home/alpha/Research/voxblox/install/camera/share/colcon-core/packages/camera)
[1.048s] DEBUG:colcon.colcon_parallel_executor.executor.parallel:closing loop
[1.048s] DEBUG:colcon.colcon_parallel_executor.executor.parallel:loop closed
[1.049s] DEBUG:colcon.colcon_parallel_executor.executor.parallel:run_until_complete finished with '0'
[1.049s] DEBUG:colcon.colcon_core.event_reactor:joining thread
[1.050s] INFO:colcon.colcon_core.plugin_system:Skipping extension 'colcon_notification.desktop_notification.notify2': 'notify2' not found
[1.050s] INFO:colcon.colcon_core.plugin_system:Skipping extension 'colcon_notification.desktop_notification.terminal_notifier': Not used on non-Darwin systems
[1.050s] INFO:colcon.colcon_core.plugin_system:Skipping extension 'colcon_notification.desktop_notification.win32': Not used on non-Windows systems
[1.050s] INFO:colcon.colcon_notification.desktop_notification:Sending desktop notification using 'notify_send'
[1.069s] DEBUG:colcon.colcon_core.event_reactor:joined thread
[1.069s] INFO:colcon.colcon_core.shell:Creating prefix script '/home/alpha/Research/voxblox/install/local_setup.ps1'
[1.070s] INFO:colcon.colcon_core.shell:Creating prefix util module '/home/alpha/Research/voxblox/install/_local_setup_util_ps1.py'
[1.071s] INFO:colcon.colcon_core.shell:Creating prefix chain script '/home/alpha/Research/voxblox/install/setup.ps1'
[1.072s] INFO:colcon.colcon_core.shell:Creating prefix script '/home/alpha/Research/voxblox/install/local_setup.sh'
[1.072s] INFO:colcon.colcon_core.shell:Creating prefix util module '/home/alpha/Research/voxblox/install/_local_setup_util_sh.py'
[1.072s] INFO:colcon.colcon_core.shell:Creating prefix chain script '/home/alpha/Research/voxblox/install/setup.sh'
[1.073s] INFO:colcon.colcon_core.shell:Creating prefix script '/home/alpha/Research/voxblox/install/local_setup.bash'
[1.074s] INFO:colcon.colcon_core.shell:Creating prefix chain script '/home/alpha/Research/voxblox/install/setup.bash'
[1.074s] INFO:colcon.colcon_core.shell:Creating prefix script '/home/alpha/Research/voxblox/install/local_setup.zsh'
[1.075s] INFO:colcon.colcon_core.shell:Creating prefix chain script '/home/alpha/Research/voxblox/install/setup.zsh'
