[0.178s] DEBUG:colcon:Command line arguments: ['/home/alpha/anaconda3/envs/voxblox/bin/colcon', 'build']
[0.178s] DEBUG:colcon:Parsed command line arguments: Namespace(log_base=None, log_level=None, verb_name='build', build_base='build', install_base='install', merge_install=False, symlink_install=False, test_result_base=None, continue_on_error=False, executor='parallel', parallel_workers=22, event_handlers=None, ignore_user_meta=False, metas=['./colcon.meta'], base_paths=['.'], packages_ignore=None, packages_ignore_regex=None, paths=None, packages_up_to=None, packages_up_to_regex=None, packages_above=None, packages_above_and_dependencies=None, packages_above_depth=None, packages_select_by_dep=None, packages_skip_by_dep=None, packages_skip_up_to=None, packages_select_build_failed=False, packages_skip_build_finished=False, packages_select_test_failures=False, packages_skip_test_passed=False, packages_select=None, packages_skip=None, packages_select_regex=None, packages_skip_regex=None, packages_start=None, packages_end=None, cmake_args=None, cmake_target=None, cmake_target_skip_unavailable=False, cmake_clean_cache=False, cmake_clean_first=False, cmake_force_configure=False, ament_cmake_args=None, catkin_cmake_args=None, catkin_skip_building_tests=False, verb_parser=<colcon_defaults.argument_parser.defaults.DefaultArgumentsDecorator object at 0x73c6a9ae5de0>, verb_extension=<colcon_core.verb.build.BuildVerb object at 0x73c6a9be6b00>, main=<bound method BuildVerb.main of <colcon_core.verb.build.BuildVerb object at 0x73c6a9be6b00>>)
[0.216s] Level 1:colcon.colcon_core.package_discovery:discover_packages(colcon_meta) check parameters
[0.216s] Level 1:colcon.colcon_core.package_discovery:discover_packages(recursive) check parameters
[0.216s] Level 1:colcon.colcon_core.package_discovery:discover_packages(ignore) check parameters
[0.216s] Level 1:colcon.colcon_core.package_discovery:discover_packages(path) check parameters
[0.216s] Level 1:colcon.colcon_core.package_discovery:discover_packages(colcon_meta) discover
[0.217s] Level 1:colcon.colcon_core.package_discovery:discover_packages(recursive) discover
[0.217s] INFO:colcon.colcon_core.package_discovery:Crawling recursively for packages in '/home/alpha/Research/voxblox'
[0.217s] Level 1:colcon.colcon_core.package_identification:_identify(.) by extensions ['ignore', 'ignore_ament_install']
[0.217s] Level 1:colcon.colcon_core.package_identification:_identify(.) by extension 'ignore'
[0.217s] Level 1:colcon.colcon_core.package_identification:_identify(.) by extension 'ignore_ament_install'
[0.217s] Level 1:colcon.colcon_core.package_identification:_identify(.) by extensions ['colcon_pkg']
[0.217s] Level 1:colcon.colcon_core.package_identification:_identify(.) by extension 'colcon_pkg'
[0.217s] Level 1:colcon.colcon_core.package_identification:_identify(.) by extensions ['colcon_meta']
[0.217s] Level 1:colcon.colcon_core.package_identification:_identify(.) by extension 'colcon_meta'
[0.217s] Level 1:colcon.colcon_core.package_identification:_identify(.) by extensions ['ros']
[0.217s] Level 1:colcon.colcon_core.package_identification:_identify(.) by extension 'ros'
[0.234s] Level 1:colcon.colcon_core.package_identification:_identify(.) by extensions ['cmake', 'python']
[0.234s] Level 1:colcon.colcon_core.package_identification:_identify(.) by extension 'cmake'
[0.234s] Level 1:colcon.colcon_core.package_identification:_identify(.) by extension 'python'
[0.234s] Level 1:colcon.colcon_core.package_identification:_identify(.) by extensions ['python_setup_py']
[0.234s] Level 1:colcon.colcon_core.package_identification:_identify(.) by extension 'python_setup_py'
[0.234s] Level 1:colcon.colcon_core.package_identification:_identify(build) by extensions ['ignore', 'ignore_ament_install']
[0.234s] Level 1:colcon.colcon_core.package_identification:_identify(build) by extension 'ignore'
[0.234s] Level 1:colcon.colcon_core.package_identification:_identify(build) ignored
[0.235s] Level 1:colcon.colcon_core.package_identification:_identify(install) by extensions ['ignore', 'ignore_ament_install']
[0.235s] Level 1:colcon.colcon_core.package_identification:_identify(install) by extension 'ignore'
[0.235s] Level 1:colcon.colcon_core.package_identification:_identify(install) ignored
[0.235s] Level 1:colcon.colcon_core.package_identification:_identify(log) by extensions ['ignore', 'ignore_ament_install']
[0.235s] Level 1:colcon.colcon_core.package_identification:_identify(log) by extension 'ignore'
[0.235s] Level 1:colcon.colcon_core.package_identification:_identify(log) ignored
[0.235s] Level 1:colcon.colcon_core.package_identification:_identify(src) by extensions ['ignore', 'ignore_ament_install']
[0.235s] Level 1:colcon.colcon_core.package_identification:_identify(src) by extension 'ignore'
[0.235s] Level 1:colcon.colcon_core.package_identification:_identify(src) by extension 'ignore_ament_install'
[0.235s] Level 1:colcon.colcon_core.package_identification:_identify(src) by extensions ['colcon_pkg']
[0.235s] Level 1:colcon.colcon_core.package_identification:_identify(src) by extension 'colcon_pkg'
[0.235s] Level 1:colcon.colcon_core.package_identification:_identify(src) by extensions ['colcon_meta']
[0.235s] Level 1:colcon.colcon_core.package_identification:_identify(src) by extension 'colcon_meta'
[0.235s] Level 1:colcon.colcon_core.package_identification:_identify(src) by extensions ['ros']
[0.235s] Level 1:colcon.colcon_core.package_identification:_identify(src) by extension 'ros'
[0.235s] Level 1:colcon.colcon_core.package_identification:_identify(src) by extensions ['cmake', 'python']
[0.235s] Level 1:colcon.colcon_core.package_identification:_identify(src) by extension 'cmake'
[0.235s] Level 1:colcon.colcon_core.package_identification:_identify(src) by extension 'python'
[0.235s] Level 1:colcon.colcon_core.package_identification:_identify(src) by extensions ['python_setup_py']
[0.235s] Level 1:colcon.colcon_core.package_identification:_identify(src) by extension 'python_setup_py'
[0.235s] Level 1:colcon.colcon_core.package_identification:_identify(src/camera) by extensions ['ignore', 'ignore_ament_install']
[0.235s] Level 1:colcon.colcon_core.package_identification:_identify(src/camera) by extension 'ignore'
[0.235s] Level 1:colcon.colcon_core.package_identification:_identify(src/camera) by extension 'ignore_ament_install'
[0.235s] Level 1:colcon.colcon_core.package_identification:_identify(src/camera) by extensions ['colcon_pkg']
[0.235s] Level 1:colcon.colcon_core.package_identification:_identify(src/camera) by extension 'colcon_pkg'
[0.235s] Level 1:colcon.colcon_core.package_identification:_identify(src/camera) by extensions ['colcon_meta']
[0.235s] Level 1:colcon.colcon_core.package_identification:_identify(src/camera) by extension 'colcon_meta'
[0.235s] Level 1:colcon.colcon_core.package_identification:_identify(src/camera) by extensions ['ros']
[0.235s] Level 1:colcon.colcon_core.package_identification:_identify(src/camera) by extension 'ros'
[0.237s] DEBUG:colcon.colcon_core.package_identification:Package 'src/camera' with type 'ros.ament_python' and name 'camera'
[0.237s] Level 1:colcon.colcon_core.package_identification:_identify(src/mask_rcnn_ros2) by extensions ['ignore', 'ignore_ament_install']
[0.237s] Level 1:colcon.colcon_core.package_identification:_identify(src/mask_rcnn_ros2) by extension 'ignore'
[0.237s] Level 1:colcon.colcon_core.package_identification:_identify(src/mask_rcnn_ros2) by extension 'ignore_ament_install'
[0.237s] Level 1:colcon.colcon_core.package_identification:_identify(src/mask_rcnn_ros2) by extensions ['colcon_pkg']
[0.237s] Level 1:colcon.colcon_core.package_identification:_identify(src/mask_rcnn_ros2) by extension 'colcon_pkg'
[0.237s] Level 1:colcon.colcon_core.package_identification:_identify(src/mask_rcnn_ros2) by extensions ['colcon_meta']
[0.237s] Level 1:colcon.colcon_core.package_identification:_identify(src/mask_rcnn_ros2) by extension 'colcon_meta'
[0.237s] Level 1:colcon.colcon_core.package_identification:_identify(src/mask_rcnn_ros2) by extensions ['ros']
[0.237s] Level 1:colcon.colcon_core.package_identification:_identify(src/mask_rcnn_ros2) by extension 'ros'
[0.238s] DEBUG:colcon.colcon_core.package_identification:Package 'src/mask_rcnn_ros2' with type 'ros.ament_python' and name 'mask_rcnn_ros2'
[0.238s] Level 1:colcon.colcon_core.package_identification:_identify(src/vpp_interfaces) by extensions ['ignore', 'ignore_ament_install']
[0.238s] Level 1:colcon.colcon_core.package_identification:_identify(src/vpp_interfaces) by extension 'ignore'
[0.238s] Level 1:colcon.colcon_core.package_identification:_identify(src/vpp_interfaces) by extension 'ignore_ament_install'
[0.238s] Level 1:colcon.colcon_core.package_identification:_identify(src/vpp_interfaces) by extensions ['colcon_pkg']
[0.238s] Level 1:colcon.colcon_core.package_identification:_identify(src/vpp_interfaces) by extension 'colcon_pkg'
[0.238s] Level 1:colcon.colcon_core.package_identification:_identify(src/vpp_interfaces) by extensions ['colcon_meta']
[0.238s] Level 1:colcon.colcon_core.package_identification:_identify(src/vpp_interfaces) by extension 'colcon_meta'
[0.238s] Level 1:colcon.colcon_core.package_identification:_identify(src/vpp_interfaces) by extensions ['ros']
[0.238s] Level 1:colcon.colcon_core.package_identification:_identify(src/vpp_interfaces) by extension 'ros'
[0.239s] DEBUG:colcon.colcon_core.package_identification:Package 'src/vpp_interfaces' with type 'ros.ament_cmake' and name 'vpp_interfaces'
[0.239s] Level 1:colcon.colcon_core.package_discovery:discover_packages(recursive) using defaults
[0.239s] Level 1:colcon.colcon_core.package_discovery:discover_packages(ignore) discover
[0.239s] Level 1:colcon.colcon_core.package_discovery:discover_packages(ignore) using defaults
[0.239s] Level 1:colcon.colcon_core.package_discovery:discover_packages(path) discover
[0.239s] Level 1:colcon.colcon_core.package_discovery:discover_packages(path) using defaults
[0.253s] Level 5:colcon.colcon_core.verb:set package 'camera' build argument 'cmake_args' from command line to 'None'
[0.253s] Level 5:colcon.colcon_core.verb:set package 'camera' build argument 'cmake_target' from command line to 'None'
[0.253s] Level 5:colcon.colcon_core.verb:set package 'camera' build argument 'cmake_target_skip_unavailable' from command line to 'False'
[0.253s] Level 5:colcon.colcon_core.verb:set package 'camera' build argument 'cmake_clean_cache' from command line to 'False'
[0.253s] Level 5:colcon.colcon_core.verb:set package 'camera' build argument 'cmake_clean_first' from command line to 'False'
[0.253s] Level 5:colcon.colcon_core.verb:set package 'camera' build argument 'cmake_force_configure' from command line to 'False'
[0.253s] Level 5:colcon.colcon_core.verb:set package 'camera' build argument 'ament_cmake_args' from command line to 'None'
[0.253s] Level 5:colcon.colcon_core.verb:set package 'camera' build argument 'catkin_cmake_args' from command line to 'None'
[0.253s] Level 5:colcon.colcon_core.verb:set package 'camera' build argument 'catkin_skip_building_tests' from command line to 'False'
[0.253s] DEBUG:colcon.colcon_core.verb:Building package 'camera' with the following arguments: {'ament_cmake_args': None, 'build_base': '/home/alpha/Research/voxblox/build/camera', 'catkin_cmake_args': None, 'catkin_skip_building_tests': False, 'cmake_args': None, 'cmake_clean_cache': False, 'cmake_clean_first': False, 'cmake_force_configure': False, 'cmake_target': None, 'cmake_target_skip_unavailable': False, 'install_base': '/home/alpha/Research/voxblox/install/camera', 'merge_install': False, 'path': '/home/alpha/Research/voxblox/src/camera', 'symlink_install': False, 'test_result_base': None}
[0.253s] Level 5:colcon.colcon_core.verb:set package 'mask_rcnn_ros2' build argument 'cmake_args' from command line to 'None'
[0.253s] Level 5:colcon.colcon_core.verb:set package 'mask_rcnn_ros2' build argument 'cmake_target' from command line to 'None'
[0.253s] Level 5:colcon.colcon_core.verb:set package 'mask_rcnn_ros2' build argument 'cmake_target_skip_unavailable' from command line to 'False'
[0.253s] Level 5:colcon.colcon_core.verb:set package 'mask_rcnn_ros2' build argument 'cmake_clean_cache' from command line to 'False'
[0.253s] Level 5:colcon.colcon_core.verb:set package 'mask_rcnn_ros2' build argument 'cmake_clean_first' from command line to 'False'
[0.253s] Level 5:colcon.colcon_core.verb:set package 'mask_rcnn_ros2' build argument 'cmake_force_configure' from command line to 'False'
[0.253s] Level 5:colcon.colcon_core.verb:set package 'mask_rcnn_ros2' build argument 'ament_cmake_args' from command line to 'None'
[0.253s] Level 5:colcon.colcon_core.verb:set package 'mask_rcnn_ros2' build argument 'catkin_cmake_args' from command line to 'None'
[0.253s] Level 5:colcon.colcon_core.verb:set package 'mask_rcnn_ros2' build argument 'catkin_skip_building_tests' from command line to 'False'
[0.253s] DEBUG:colcon.colcon_core.verb:Building package 'mask_rcnn_ros2' with the following arguments: {'ament_cmake_args': None, 'build_base': '/home/alpha/Research/voxblox/build/mask_rcnn_ros2', 'catkin_cmake_args': None, 'catkin_skip_building_tests': False, 'cmake_args': None, 'cmake_clean_cache': False, 'cmake_clean_first': False, 'cmake_force_configure': False, 'cmake_target': None, 'cmake_target_skip_unavailable': False, 'install_base': '/home/alpha/Research/voxblox/install/mask_rcnn_ros2', 'merge_install': False, 'path': '/home/alpha/Research/voxblox/src/mask_rcnn_ros2', 'symlink_install': False, 'test_result_base': None}
[0.253s] Level 5:colcon.colcon_core.verb:set package 'vpp_interfaces' build argument 'cmake_args' from command line to 'None'
[0.253s] Level 5:colcon.colcon_core.verb:set package 'vpp_interfaces' build argument 'cmake_target' from command line to 'None'
[0.253s] Level 5:colcon.colcon_core.verb:set package 'vpp_interfaces' build argument 'cmake_target_skip_unavailable' from command line to 'False'
[0.253s] Level 5:colcon.colcon_core.verb:set package 'vpp_interfaces' build argument 'cmake_clean_cache' from command line to 'False'
[0.253s] Level 5:colcon.colcon_core.verb:set package 'vpp_interfaces' build argument 'cmake_clean_first' from command line to 'False'
[0.253s] Level 5:colcon.colcon_core.verb:set package 'vpp_interfaces' build argument 'cmake_force_configure' from command line to 'False'
[0.253s] Level 5:colcon.colcon_core.verb:set package 'vpp_interfaces' build argument 'ament_cmake_args' from command line to 'None'
[0.253s] Level 5:colcon.colcon_core.verb:set package 'vpp_interfaces' build argument 'catkin_cmake_args' from command line to 'None'
[0.253s] Level 5:colcon.colcon_core.verb:set package 'vpp_interfaces' build argument 'catkin_skip_building_tests' from command line to 'False'
[0.253s] DEBUG:colcon.colcon_core.verb:Building package 'vpp_interfaces' with the following arguments: {'ament_cmake_args': None, 'build_base': '/home/alpha/Research/voxblox/build/vpp_interfaces', 'catkin_cmake_args': None, 'catkin_skip_building_tests': False, 'cmake_args': None, 'cmake_clean_cache': False, 'cmake_clean_first': False, 'cmake_force_configure': False, 'cmake_target': None, 'cmake_target_skip_unavailable': False, 'install_base': '/home/alpha/Research/voxblox/install/vpp_interfaces', 'merge_install': False, 'path': '/home/alpha/Research/voxblox/src/vpp_interfaces', 'symlink_install': False, 'test_result_base': None}
[0.253s] INFO:colcon.colcon_core.executor:Executing jobs using 'parallel' executor
[0.254s] DEBUG:colcon.colcon_parallel_executor.executor.parallel:run_until_complete
[0.254s] INFO:colcon.colcon_ros.task.ament_python.build:Building ROS package in '/home/alpha/Research/voxblox/src/camera' with build type 'ament_python'
[0.255s] Level 1:colcon.colcon_core.shell:create_environment_hook('camera', 'ament_prefix_path')
[0.258s] INFO:colcon.colcon_core.plugin_system:Skipping extension 'colcon_core.shell.bat': Not used on non-Windows systems
[0.258s] INFO:colcon.colcon_core.shell:Creating environment hook '/home/alpha/Research/voxblox/install/camera/share/camera/hook/ament_prefix_path.ps1'
[0.260s] INFO:colcon.colcon_core.shell:Creating environment descriptor '/home/alpha/Research/voxblox/install/camera/share/camera/hook/ament_prefix_path.dsv'
[0.260s] INFO:colcon.colcon_core.shell:Creating environment hook '/home/alpha/Research/voxblox/install/camera/share/camera/hook/ament_prefix_path.sh'
[0.261s] INFO:colcon.colcon_core.shell:Skip shell extension 'powershell' for command environment: Not usable outside of PowerShell
[0.261s] DEBUG:colcon.colcon_core.shell:Skip shell extension 'dsv' for command environment
[0.267s] INFO:colcon.colcon_ros.task.ament_python.build:Building ROS package in '/home/alpha/Research/voxblox/src/mask_rcnn_ros2' with build type 'ament_python'
[0.267s] Level 1:colcon.colcon_core.shell:create_environment_hook('mask_rcnn_ros2', 'ament_prefix_path')
[0.267s] INFO:colcon.colcon_core.shell:Creating environment hook '/home/alpha/Research/voxblox/install/mask_rcnn_ros2/share/mask_rcnn_ros2/hook/ament_prefix_path.ps1'
[0.268s] INFO:colcon.colcon_core.shell:Creating environment descriptor '/home/alpha/Research/voxblox/install/mask_rcnn_ros2/share/mask_rcnn_ros2/hook/ament_prefix_path.dsv'
[0.268s] INFO:colcon.colcon_core.shell:Creating environment hook '/home/alpha/Research/voxblox/install/mask_rcnn_ros2/share/mask_rcnn_ros2/hook/ament_prefix_path.sh'
[0.269s] INFO:colcon.colcon_core.shell:Skip shell extension 'powershell' for command environment: Not usable outside of PowerShell
[0.269s] DEBUG:colcon.colcon_core.shell:Skip shell extension 'dsv' for command environment
[0.272s] INFO:colcon.colcon_ros.task.ament_cmake.build:Building ROS package in '/home/alpha/Research/voxblox/src/vpp_interfaces' with build type 'ament_cmake'
[0.272s] INFO:colcon.colcon_cmake.task.cmake.build:Building CMake package in '/home/alpha/Research/voxblox/src/vpp_interfaces'
[0.272s] INFO:colcon.colcon_core.shell:Skip shell extension 'powershell' for command environment: Not usable outside of PowerShell
[0.272s] DEBUG:colcon.colcon_core.shell:Skip shell extension 'dsv' for command environment
[0.425s] INFO:colcon.colcon_core.task.python.build:Building Python package in '/home/alpha/Research/voxblox/src/camera'
[0.426s] INFO:colcon.colcon_core.shell:Skip shell extension 'powershell' for command environment: Not usable outside of PowerShell
[0.426s] DEBUG:colcon.colcon_core.shell:Skip shell extension 'dsv' for command environment
[0.541s] INFO:colcon.colcon_core.task.python.build:Building Python package in '/home/alpha/Research/voxblox/src/mask_rcnn_ros2'
[0.542s] INFO:colcon.colcon_core.shell:Skip shell extension 'powershell' for command environment: Not usable outside of PowerShell
[0.542s] DEBUG:colcon.colcon_core.shell:Skip shell extension 'dsv' for command environment
[0.548s] DEBUG:colcon.colcon_core.event_handler.log_command:Invoking command in '/home/alpha/Research/voxblox/build/vpp_interfaces': CMAKE_PREFIX_PATH=/opt/ros/humble CONDA_PROMPT_MODIFIER=(voxblox) /home/alpha/anaconda3/envs/voxblox/bin/cmake --build /home/alpha/Research/voxblox/build/vpp_interfaces -- -j22 -l22
[0.797s] DEBUG:colcon.colcon_core.event_handler.log_command:Invoked command in '/home/alpha/Research/voxblox/build/vpp_interfaces' returned '0': CMAKE_PREFIX_PATH=/opt/ros/humble CONDA_PROMPT_MODIFIER=(voxblox) /home/alpha/anaconda3/envs/voxblox/bin/cmake --build /home/alpha/Research/voxblox/build/vpp_interfaces -- -j22 -l22
[0.882s] DEBUG:colcon.colcon_core.event_handler.log_command:Invoking command in '/home/alpha/Research/voxblox/build/vpp_interfaces': CMAKE_PREFIX_PATH=/opt/ros/humble CONDA_PROMPT_MODIFIER=(voxblox) /home/alpha/anaconda3/envs/voxblox/bin/cmake --install /home/alpha/Research/voxblox/build/vpp_interfaces
[0.891s] DEBUG:colcon.colcon_core.event_handler.log_command:Invoking command in '/home/alpha/Research/voxblox/src/camera': CONDA_PROMPT_MODIFIER=(voxblox) PYTHONPATH=/home/alpha/Research/voxblox/build/camera/prefix_override:/home/alpha/anaconda3/envs/voxblox/lib/python3.10/site-packages/colcon_core/task/python/colcon_distutils_commands:/home/alpha/Research/voxblox/install/camera/lib/python3.10/site-packages:${PYTHONPATH} /home/alpha/anaconda3/envs/voxblox/bin/python -W ignore:setup.py install is deprecated setup.py egg_info --egg-base ../../build/camera build --build-base /home/alpha/Research/voxblox/build/camera/build install --record /home/alpha/Research/voxblox/build/camera/install.log --single-version-externally-managed install_data
[0.897s] DEBUG:colcon.colcon_core.event_handler.log_command:Invoking command in '/home/alpha/Research/voxblox/src/mask_rcnn_ros2': CONDA_PROMPT_MODIFIER=(voxblox) PYTHONPATH=/home/alpha/Research/voxblox/build/mask_rcnn_ros2/prefix_override:/home/alpha/anaconda3/envs/voxblox/lib/python3.10/site-packages/colcon_core/task/python/colcon_distutils_commands:/home/alpha/Research/voxblox/install/mask_rcnn_ros2/lib/python3.10/site-packages:${PYTHONPATH} /home/alpha/anaconda3/envs/voxblox/bin/python -W ignore:setup.py install is deprecated setup.py egg_info --egg-base ../../build/mask_rcnn_ros2 build --build-base /home/alpha/Research/voxblox/build/mask_rcnn_ros2/build install --record /home/alpha/Research/voxblox/build/mask_rcnn_ros2/install.log --single-version-externally-managed install_data
[0.946s] Level 1:colcon.colcon_core.environment:create_environment_scripts_only(vpp_interfaces)
[0.947s] DEBUG:colcon.colcon_core.event_handler.log_command:Invoked command in '/home/alpha/Research/voxblox/build/vpp_interfaces' returned '0': CMAKE_PREFIX_PATH=/opt/ros/humble CONDA_PROMPT_MODIFIER=(voxblox) /home/alpha/anaconda3/envs/voxblox/bin/cmake --install /home/alpha/Research/voxblox/build/vpp_interfaces
[0.952s] Level 1:colcon.colcon_core.environment:checking '/home/alpha/Research/voxblox/install/vpp_interfaces' for CMake module files
[0.953s] Level 1:colcon.colcon_core.environment:checking '/home/alpha/Research/voxblox/install/vpp_interfaces' for CMake config files
[0.954s] Level 1:colcon.colcon_core.shell:create_environment_hook('vpp_interfaces', 'cmake_prefix_path')
[0.954s] INFO:colcon.colcon_core.shell:Creating environment hook '/home/alpha/Research/voxblox/install/vpp_interfaces/share/vpp_interfaces/hook/cmake_prefix_path.ps1'
[0.956s] INFO:colcon.colcon_core.shell:Creating environment descriptor '/home/alpha/Research/voxblox/install/vpp_interfaces/share/vpp_interfaces/hook/cmake_prefix_path.dsv'
[0.956s] INFO:colcon.colcon_core.shell:Creating environment hook '/home/alpha/Research/voxblox/install/vpp_interfaces/share/vpp_interfaces/hook/cmake_prefix_path.sh'
[0.957s] Level 1:colcon.colcon_core.environment:checking '/home/alpha/Research/voxblox/install/vpp_interfaces/lib'
[0.957s] Level 1:colcon.colcon_core.shell:create_environment_hook('vpp_interfaces', 'ld_library_path_lib')
[0.958s] INFO:colcon.colcon_core.shell:Creating environment hook '/home/alpha/Research/voxblox/install/vpp_interfaces/share/vpp_interfaces/hook/ld_library_path_lib.ps1'
[0.958s] INFO:colcon.colcon_core.shell:Creating environment descriptor '/home/alpha/Research/voxblox/install/vpp_interfaces/share/vpp_interfaces/hook/ld_library_path_lib.dsv'
[0.958s] INFO:colcon.colcon_core.shell:Creating environment hook '/home/alpha/Research/voxblox/install/vpp_interfaces/share/vpp_interfaces/hook/ld_library_path_lib.sh'
[0.958s] Level 1:colcon.colcon_core.environment:checking '/home/alpha/Research/voxblox/install/vpp_interfaces/bin'
[0.958s] Level 1:colcon.colcon_core.environment:checking '/home/alpha/Research/voxblox/install/vpp_interfaces/lib/pkgconfig/vpp_interfaces.pc'
[0.959s] Level 1:colcon.colcon_core.environment:checking '/home/alpha/Research/voxblox/install/vpp_interfaces/lib/python3.10/site-packages'
[0.959s] Level 1:colcon.colcon_core.shell:create_environment_hook('vpp_interfaces', 'pythonpath')
[0.959s] INFO:colcon.colcon_core.shell:Creating environment hook '/home/alpha/Research/voxblox/install/vpp_interfaces/share/vpp_interfaces/hook/pythonpath.ps1'
[0.959s] INFO:colcon.colcon_core.shell:Creating environment descriptor '/home/alpha/Research/voxblox/install/vpp_interfaces/share/vpp_interfaces/hook/pythonpath.dsv'
[0.959s] INFO:colcon.colcon_core.shell:Creating environment hook '/home/alpha/Research/voxblox/install/vpp_interfaces/share/vpp_interfaces/hook/pythonpath.sh'
[0.960s] Level 1:colcon.colcon_core.environment:checking '/home/alpha/Research/voxblox/install/vpp_interfaces/bin'
[0.960s] INFO:colcon.colcon_core.shell:Creating package script '/home/alpha/Research/voxblox/install/vpp_interfaces/share/vpp_interfaces/package.ps1'
[0.961s] INFO:colcon.colcon_core.shell:Creating package descriptor '/home/alpha/Research/voxblox/install/vpp_interfaces/share/vpp_interfaces/package.dsv'
[0.961s] INFO:colcon.colcon_core.shell:Creating package script '/home/alpha/Research/voxblox/install/vpp_interfaces/share/vpp_interfaces/package.sh'
[0.962s] INFO:colcon.colcon_core.shell:Creating package script '/home/alpha/Research/voxblox/install/vpp_interfaces/share/vpp_interfaces/package.bash'
[0.963s] INFO:colcon.colcon_core.shell:Creating package script '/home/alpha/Research/voxblox/install/vpp_interfaces/share/vpp_interfaces/package.zsh'
[0.965s] Level 1:colcon.colcon_core.environment:create_file_with_runtime_dependencies(/home/alpha/Research/voxblox/install/vpp_interfaces/share/colcon-core/packages/vpp_interfaces)
[1.053s] Level 1:colcon.colcon_core.environment:create_environment_scripts_only(vpp_interfaces)
[1.053s] Level 1:colcon.colcon_core.environment:checking '/home/alpha/Research/voxblox/install/vpp_interfaces' for CMake module files
[1.054s] Level 1:colcon.colcon_core.environment:checking '/home/alpha/Research/voxblox/install/vpp_interfaces' for CMake config files
[1.054s] Level 1:colcon.colcon_core.shell:create_environment_hook('vpp_interfaces', 'cmake_prefix_path')
[1.055s] INFO:colcon.colcon_core.shell:Creating environment hook '/home/alpha/Research/voxblox/install/vpp_interfaces/share/vpp_interfaces/hook/cmake_prefix_path.ps1'
[1.055s] INFO:colcon.colcon_core.shell:Creating environment descriptor '/home/alpha/Research/voxblox/install/vpp_interfaces/share/vpp_interfaces/hook/cmake_prefix_path.dsv'
[1.056s] INFO:colcon.colcon_core.shell:Creating environment hook '/home/alpha/Research/voxblox/install/vpp_interfaces/share/vpp_interfaces/hook/cmake_prefix_path.sh'
[1.057s] Level 1:colcon.colcon_core.environment:checking '/home/alpha/Research/voxblox/install/vpp_interfaces/lib'
[1.057s] Level 1:colcon.colcon_core.shell:create_environment_hook('vpp_interfaces', 'ld_library_path_lib')
[1.057s] INFO:colcon.colcon_core.shell:Creating environment hook '/home/alpha/Research/voxblox/install/vpp_interfaces/share/vpp_interfaces/hook/ld_library_path_lib.ps1'
[1.057s] INFO:colcon.colcon_core.shell:Creating environment descriptor '/home/alpha/Research/voxblox/install/vpp_interfaces/share/vpp_interfaces/hook/ld_library_path_lib.dsv'
[1.057s] INFO:colcon.colcon_core.shell:Creating environment hook '/home/alpha/Research/voxblox/install/vpp_interfaces/share/vpp_interfaces/hook/ld_library_path_lib.sh'
[1.058s] Level 1:colcon.colcon_core.environment:checking '/home/alpha/Research/voxblox/install/vpp_interfaces/bin'
[1.058s] Level 1:colcon.colcon_core.environment:checking '/home/alpha/Research/voxblox/install/vpp_interfaces/lib/pkgconfig/vpp_interfaces.pc'
[1.058s] Level 1:colcon.colcon_core.environment:checking '/home/alpha/Research/voxblox/install/vpp_interfaces/lib/python3.10/site-packages'
[1.058s] Level 1:colcon.colcon_core.shell:create_environment_hook('vpp_interfaces', 'pythonpath')
[1.058s] INFO:colcon.colcon_core.shell:Creating environment hook '/home/alpha/Research/voxblox/install/vpp_interfaces/share/vpp_interfaces/hook/pythonpath.ps1'
[1.059s] INFO:colcon.colcon_core.shell:Creating environment descriptor '/home/alpha/Research/voxblox/install/vpp_interfaces/share/vpp_interfaces/hook/pythonpath.dsv'
[1.059s] INFO:colcon.colcon_core.shell:Creating environment hook '/home/alpha/Research/voxblox/install/vpp_interfaces/share/vpp_interfaces/hook/pythonpath.sh'
[1.060s] Level 1:colcon.colcon_core.environment:checking '/home/alpha/Research/voxblox/install/vpp_interfaces/bin'
[1.060s] INFO:colcon.colcon_core.shell:Creating package script '/home/alpha/Research/voxblox/install/vpp_interfaces/share/vpp_interfaces/package.ps1'
[1.061s] INFO:colcon.colcon_core.shell:Creating package descriptor '/home/alpha/Research/voxblox/install/vpp_interfaces/share/vpp_interfaces/package.dsv'
[1.061s] INFO:colcon.colcon_core.shell:Creating package script '/home/alpha/Research/voxblox/install/vpp_interfaces/share/vpp_interfaces/package.sh'
[1.061s] INFO:colcon.colcon_core.shell:Creating package script '/home/alpha/Research/voxblox/install/vpp_interfaces/share/vpp_interfaces/package.bash'
[1.061s] INFO:colcon.colcon_core.shell:Creating package script '/home/alpha/Research/voxblox/install/vpp_interfaces/share/vpp_interfaces/package.zsh'
[1.062s] Level 1:colcon.colcon_core.environment:create_file_with_runtime_dependencies(/home/alpha/Research/voxblox/install/vpp_interfaces/share/colcon-core/packages/vpp_interfaces)
[1.111s] Level 1:colcon.colcon_core.environment:checking '/home/alpha/Research/voxblox/install/camera' for CMake module files
[1.112s] DEBUG:colcon.colcon_core.event_handler.log_command:Invoked command in '/home/alpha/Research/voxblox/src/camera' returned '0': CONDA_PROMPT_MODIFIER=(voxblox) PYTHONPATH=/home/alpha/Research/voxblox/build/camera/prefix_override:/home/alpha/anaconda3/envs/voxblox/lib/python3.10/site-packages/colcon_core/task/python/colcon_distutils_commands:/home/alpha/Research/voxblox/install/camera/lib/python3.10/site-packages:${PYTHONPATH} /home/alpha/anaconda3/envs/voxblox/bin/python -W ignore:setup.py install is deprecated setup.py egg_info --egg-base ../../build/camera build --build-base /home/alpha/Research/voxblox/build/camera/build install --record /home/alpha/Research/voxblox/build/camera/install.log --single-version-externally-managed install_data
[1.113s] Level 1:colcon.colcon_core.environment:checking '/home/alpha/Research/voxblox/install/camera' for CMake config files
[1.114s] Level 1:colcon.colcon_core.environment:checking '/home/alpha/Research/voxblox/install/camera/lib'
[1.114s] Level 1:colcon.colcon_core.environment:checking '/home/alpha/Research/voxblox/install/camera/bin'
[1.114s] Level 1:colcon.colcon_core.environment:checking '/home/alpha/Research/voxblox/install/camera/lib/pkgconfig/camera.pc'
[1.114s] Level 1:colcon.colcon_core.environment:checking '/home/alpha/Research/voxblox/install/camera/lib/python3.10/site-packages'
[1.114s] Level 1:colcon.colcon_core.shell:create_environment_hook('camera', 'pythonpath')
[1.115s] INFO:colcon.colcon_core.shell:Creating environment hook '/home/alpha/Research/voxblox/install/camera/share/camera/hook/pythonpath.ps1'
[1.115s] INFO:colcon.colcon_core.shell:Creating environment descriptor '/home/alpha/Research/voxblox/install/camera/share/camera/hook/pythonpath.dsv'
[1.116s] INFO:colcon.colcon_core.shell:Creating environment hook '/home/alpha/Research/voxblox/install/camera/share/camera/hook/pythonpath.sh'
[1.117s] Level 1:colcon.colcon_core.environment:checking '/home/alpha/Research/voxblox/install/camera/bin'
[1.117s] Level 1:colcon.colcon_core.environment:create_environment_scripts_only(camera)
[1.117s] INFO:colcon.colcon_core.shell:Creating package script '/home/alpha/Research/voxblox/install/camera/share/camera/package.ps1'
[1.118s] INFO:colcon.colcon_core.shell:Creating package descriptor '/home/alpha/Research/voxblox/install/camera/share/camera/package.dsv'
[1.118s] INFO:colcon.colcon_core.shell:Creating package script '/home/alpha/Research/voxblox/install/camera/share/camera/package.sh'
[1.119s] INFO:colcon.colcon_core.shell:Creating package script '/home/alpha/Research/voxblox/install/camera/share/camera/package.bash'
[1.119s] INFO:colcon.colcon_core.shell:Creating package script '/home/alpha/Research/voxblox/install/camera/share/camera/package.zsh'
[1.119s] Level 1:colcon.colcon_core.environment:create_file_with_runtime_dependencies(/home/alpha/Research/voxblox/install/camera/share/colcon-core/packages/camera)
[1.124s] Level 1:colcon.colcon_core.environment:checking '/home/alpha/Research/voxblox/install/mask_rcnn_ros2' for CMake module files
[1.124s] DEBUG:colcon.colcon_core.event_handler.log_command:Invoked command in '/home/alpha/Research/voxblox/src/mask_rcnn_ros2' returned '0': CONDA_PROMPT_MODIFIER=(voxblox) PYTHONPATH=/home/alpha/Research/voxblox/build/mask_rcnn_ros2/prefix_override:/home/alpha/anaconda3/envs/voxblox/lib/python3.10/site-packages/colcon_core/task/python/colcon_distutils_commands:/home/alpha/Research/voxblox/install/mask_rcnn_ros2/lib/python3.10/site-packages:${PYTHONPATH} /home/alpha/anaconda3/envs/voxblox/bin/python -W ignore:setup.py install is deprecated setup.py egg_info --egg-base ../../build/mask_rcnn_ros2 build --build-base /home/alpha/Research/voxblox/build/mask_rcnn_ros2/build install --record /home/alpha/Research/voxblox/build/mask_rcnn_ros2/install.log --single-version-externally-managed install_data
[1.125s] Level 1:colcon.colcon_core.environment:checking '/home/alpha/Research/voxblox/install/mask_rcnn_ros2' for CMake config files
[1.125s] Level 1:colcon.colcon_core.environment:checking '/home/alpha/Research/voxblox/install/mask_rcnn_ros2/lib'
[1.125s] Level 1:colcon.colcon_core.environment:checking '/home/alpha/Research/voxblox/install/mask_rcnn_ros2/bin'
[1.126s] Level 1:colcon.colcon_core.environment:checking '/home/alpha/Research/voxblox/install/mask_rcnn_ros2/lib/pkgconfig/mask_rcnn_ros2.pc'
[1.126s] Level 1:colcon.colcon_core.environment:checking '/home/alpha/Research/voxblox/install/mask_rcnn_ros2/lib/python3.10/site-packages'
[1.126s] Level 1:colcon.colcon_core.shell:create_environment_hook('mask_rcnn_ros2', 'pythonpath')
[1.126s] INFO:colcon.colcon_core.shell:Creating environment hook '/home/alpha/Research/voxblox/install/mask_rcnn_ros2/share/mask_rcnn_ros2/hook/pythonpath.ps1'
[1.127s] INFO:colcon.colcon_core.shell:Creating environment descriptor '/home/alpha/Research/voxblox/install/mask_rcnn_ros2/share/mask_rcnn_ros2/hook/pythonpath.dsv'
[1.127s] INFO:colcon.colcon_core.shell:Creating environment hook '/home/alpha/Research/voxblox/install/mask_rcnn_ros2/share/mask_rcnn_ros2/hook/pythonpath.sh'
[1.128s] Level 1:colcon.colcon_core.environment:checking '/home/alpha/Research/voxblox/install/mask_rcnn_ros2/bin'
[1.128s] Level 1:colcon.colcon_core.environment:create_environment_scripts_only(mask_rcnn_ros2)
[1.128s] INFO:colcon.colcon_core.shell:Creating package script '/home/alpha/Research/voxblox/install/mask_rcnn_ros2/share/mask_rcnn_ros2/package.ps1'
[1.129s] INFO:colcon.colcon_core.shell:Creating package descriptor '/home/alpha/Research/voxblox/install/mask_rcnn_ros2/share/mask_rcnn_ros2/package.dsv'
[1.129s] INFO:colcon.colcon_core.shell:Creating package script '/home/alpha/Research/voxblox/install/mask_rcnn_ros2/share/mask_rcnn_ros2/package.sh'
[1.129s] INFO:colcon.colcon_core.shell:Creating package script '/home/alpha/Research/voxblox/install/mask_rcnn_ros2/share/mask_rcnn_ros2/package.bash'
[1.130s] INFO:colcon.colcon_core.shell:Creating package script '/home/alpha/Research/voxblox/install/mask_rcnn_ros2/share/mask_rcnn_ros2/package.zsh'
[1.130s] Level 1:colcon.colcon_core.environment:create_file_with_runtime_dependencies(/home/alpha/Research/voxblox/install/mask_rcnn_ros2/share/colcon-core/packages/mask_rcnn_ros2)
[1.130s] DEBUG:colcon.colcon_parallel_executor.executor.parallel:closing loop
[1.131s] DEBUG:colcon.colcon_parallel_executor.executor.parallel:loop closed
[1.131s] DEBUG:colcon.colcon_parallel_executor.executor.parallel:run_until_complete finished with '0'
[1.131s] DEBUG:colcon.colcon_core.event_reactor:joining thread
[1.134s] INFO:colcon.colcon_core.plugin_system:Skipping extension 'colcon_notification.desktop_notification.notify2': 'notify2' not found
[1.135s] INFO:colcon.colcon_core.plugin_system:Skipping extension 'colcon_notification.desktop_notification.terminal_notifier': Not used on non-Darwin systems
[1.135s] INFO:colcon.colcon_core.plugin_system:Skipping extension 'colcon_notification.desktop_notification.win32': Not used on non-Windows systems
[1.135s] INFO:colcon.colcon_notification.desktop_notification:Sending desktop notification using 'notify_send'
[1.162s] DEBUG:colcon.colcon_core.event_reactor:joined thread
[1.163s] INFO:colcon.colcon_core.shell:Creating prefix script '/home/alpha/Research/voxblox/install/local_setup.ps1'
[1.164s] INFO:colcon.colcon_core.shell:Creating prefix util module '/home/alpha/Research/voxblox/install/_local_setup_util_ps1.py'
[1.166s] INFO:colcon.colcon_core.shell:Creating prefix chain script '/home/alpha/Research/voxblox/install/setup.ps1'
[1.167s] INFO:colcon.colcon_core.shell:Creating prefix script '/home/alpha/Research/voxblox/install/local_setup.sh'
[1.168s] INFO:colcon.colcon_core.shell:Creating prefix util module '/home/alpha/Research/voxblox/install/_local_setup_util_sh.py'
[1.169s] INFO:colcon.colcon_core.shell:Creating prefix chain script '/home/alpha/Research/voxblox/install/setup.sh'
[1.170s] INFO:colcon.colcon_core.shell:Creating prefix script '/home/alpha/Research/voxblox/install/local_setup.bash'
[1.170s] INFO:colcon.colcon_core.shell:Creating prefix chain script '/home/alpha/Research/voxblox/install/setup.bash'
[1.171s] INFO:colcon.colcon_core.shell:Creating prefix script '/home/alpha/Research/voxblox/install/local_setup.zsh'
[1.172s] INFO:colcon.colcon_core.shell:Creating prefix chain script '/home/alpha/Research/voxblox/install/setup.zsh'
