[0.069s] DEBUG:colcon:Command line arguments: ['/home/alpha/anaconda3/envs/voxblox/bin/colcon', 'build']
[0.069s] DEBUG:colcon:Parsed command line arguments: Namespace(log_base=None, log_level=None, verb_name='build', build_base='build', install_base='install', merge_install=False, symlink_install=False, test_result_base=None, continue_on_error=False, executor='parallel', parallel_workers=22, event_handlers=None, ignore_user_meta=False, metas=['./colcon.meta'], base_paths=['.'], packages_ignore=None, packages_ignore_regex=None, paths=None, packages_up_to=None, packages_up_to_regex=None, packages_above=None, packages_above_and_dependencies=None, packages_above_depth=None, packages_select_by_dep=None, packages_skip_by_dep=None, packages_skip_up_to=None, packages_select_build_failed=False, packages_skip_build_finished=False, packages_select_test_failures=False, packages_skip_test_passed=False, packages_select=None, packages_skip=None, packages_select_regex=None, packages_skip_regex=None, packages_start=None, packages_end=None, cmake_args=None, cmake_target=None, cmake_target_skip_unavailable=False, cmake_clean_cache=False, cmake_clean_first=False, cmake_force_configure=False, ament_cmake_args=None, catkin_cmake_args=None, catkin_skip_building_tests=False, verb_parser=<colcon_defaults.argument_parser.defaults.DefaultArgumentsDecorator object at 0x732c0a5da650>, verb_extension=<colcon_core.verb.build.BuildVerb object at 0x732c0a6d7370>, main=<bound method BuildVerb.main of <colcon_core.verb.build.BuildVerb object at 0x732c0a6d7370>>)
[0.091s] Level 1:colcon.colcon_core.package_discovery:discover_packages(colcon_meta) check parameters
[0.091s] Level 1:colcon.colcon_core.package_discovery:discover_packages(recursive) check parameters
[0.091s] Level 1:colcon.colcon_core.package_discovery:discover_packages(ignore) check parameters
[0.091s] Level 1:colcon.colcon_core.package_discovery:discover_packages(path) check parameters
[0.091s] Level 1:colcon.colcon_core.package_discovery:discover_packages(colcon_meta) discover
[0.091s] Level 1:colcon.colcon_core.package_discovery:discover_packages(recursive) discover
[0.091s] INFO:colcon.colcon_core.package_discovery:Crawling recursively for packages in '/home/alpha/Research/voxblox'
[0.091s] Level 1:colcon.colcon_core.package_identification:_identify(.) by extensions ['ignore', 'ignore_ament_install']
[0.091s] Level 1:colcon.colcon_core.package_identification:_identify(.) by extension 'ignore'
[0.091s] Level 1:colcon.colcon_core.package_identification:_identify(.) by extension 'ignore_ament_install'
[0.091s] Level 1:colcon.colcon_core.package_identification:_identify(.) by extensions ['colcon_pkg']
[0.091s] Level 1:colcon.colcon_core.package_identification:_identify(.) by extension 'colcon_pkg'
[0.091s] Level 1:colcon.colcon_core.package_identification:_identify(.) by extensions ['colcon_meta']
[0.091s] Level 1:colcon.colcon_core.package_identification:_identify(.) by extension 'colcon_meta'
[0.091s] Level 1:colcon.colcon_core.package_identification:_identify(.) by extensions ['ros']
[0.091s] Level 1:colcon.colcon_core.package_identification:_identify(.) by extension 'ros'
[0.105s] Level 1:colcon.colcon_core.package_identification:_identify(.) by extensions ['cmake', 'python']
[0.105s] Level 1:colcon.colcon_core.package_identification:_identify(.) by extension 'cmake'
[0.105s] Level 1:colcon.colcon_core.package_identification:_identify(.) by extension 'python'
[0.105s] Level 1:colcon.colcon_core.package_identification:_identify(.) by extensions ['python_setup_py']
[0.105s] Level 1:colcon.colcon_core.package_identification:_identify(.) by extension 'python_setup_py'
[0.105s] Level 1:colcon.colcon_core.package_identification:_identify(build) by extensions ['ignore', 'ignore_ament_install']
[0.105s] Level 1:colcon.colcon_core.package_identification:_identify(build) by extension 'ignore'
[0.105s] Level 1:colcon.colcon_core.package_identification:_identify(build) ignored
[0.105s] Level 1:colcon.colcon_core.package_identification:_identify(install) by extensions ['ignore', 'ignore_ament_install']
[0.105s] Level 1:colcon.colcon_core.package_identification:_identify(install) by extension 'ignore'
[0.106s] Level 1:colcon.colcon_core.package_identification:_identify(install) ignored
[0.106s] Level 1:colcon.colcon_core.package_identification:_identify(log) by extensions ['ignore', 'ignore_ament_install']
[0.106s] Level 1:colcon.colcon_core.package_identification:_identify(log) by extension 'ignore'
[0.106s] Level 1:colcon.colcon_core.package_identification:_identify(log) ignored
[0.106s] Level 1:colcon.colcon_core.package_identification:_identify(src) by extensions ['ignore', 'ignore_ament_install']
[0.106s] Level 1:colcon.colcon_core.package_identification:_identify(src) by extension 'ignore'
[0.106s] Level 1:colcon.colcon_core.package_identification:_identify(src) by extension 'ignore_ament_install'
[0.106s] Level 1:colcon.colcon_core.package_identification:_identify(src) by extensions ['colcon_pkg']
[0.106s] Level 1:colcon.colcon_core.package_identification:_identify(src) by extension 'colcon_pkg'
[0.106s] Level 1:colcon.colcon_core.package_identification:_identify(src) by extensions ['colcon_meta']
[0.106s] Level 1:colcon.colcon_core.package_identification:_identify(src) by extension 'colcon_meta'
[0.106s] Level 1:colcon.colcon_core.package_identification:_identify(src) by extensions ['ros']
[0.106s] Level 1:colcon.colcon_core.package_identification:_identify(src) by extension 'ros'
[0.106s] Level 1:colcon.colcon_core.package_identification:_identify(src) by extensions ['cmake', 'python']
[0.106s] Level 1:colcon.colcon_core.package_identification:_identify(src) by extension 'cmake'
[0.106s] Level 1:colcon.colcon_core.package_identification:_identify(src) by extension 'python'
[0.106s] Level 1:colcon.colcon_core.package_identification:_identify(src) by extensions ['python_setup_py']
[0.106s] Level 1:colcon.colcon_core.package_identification:_identify(src) by extension 'python_setup_py'
[0.106s] Level 1:colcon.colcon_core.package_identification:_identify(src/camera) by extensions ['ignore', 'ignore_ament_install']
[0.106s] Level 1:colcon.colcon_core.package_identification:_identify(src/camera) by extension 'ignore'
[0.106s] Level 1:colcon.colcon_core.package_identification:_identify(src/camera) by extension 'ignore_ament_install'
[0.106s] Level 1:colcon.colcon_core.package_identification:_identify(src/camera) by extensions ['colcon_pkg']
[0.106s] Level 1:colcon.colcon_core.package_identification:_identify(src/camera) by extension 'colcon_pkg'
[0.106s] Level 1:colcon.colcon_core.package_identification:_identify(src/camera) by extensions ['colcon_meta']
[0.106s] Level 1:colcon.colcon_core.package_identification:_identify(src/camera) by extension 'colcon_meta'
[0.106s] Level 1:colcon.colcon_core.package_identification:_identify(src/camera) by extensions ['ros']
[0.106s] Level 1:colcon.colcon_core.package_identification:_identify(src/camera) by extension 'ros'
[0.107s] DEBUG:colcon.colcon_core.package_identification:Package 'src/camera' with type 'ros.ament_python' and name 'camera'
[0.107s] Level 1:colcon.colcon_core.package_identification:_identify(src/mask_rcnn_ros2) by extensions ['ignore', 'ignore_ament_install']
[0.107s] Level 1:colcon.colcon_core.package_identification:_identify(src/mask_rcnn_ros2) by extension 'ignore'
[0.107s] Level 1:colcon.colcon_core.package_identification:_identify(src/mask_rcnn_ros2) by extension 'ignore_ament_install'
[0.107s] Level 1:colcon.colcon_core.package_identification:_identify(src/mask_rcnn_ros2) by extensions ['colcon_pkg']
[0.107s] Level 1:colcon.colcon_core.package_identification:_identify(src/mask_rcnn_ros2) by extension 'colcon_pkg'
[0.108s] Level 1:colcon.colcon_core.package_identification:_identify(src/mask_rcnn_ros2) by extensions ['colcon_meta']
[0.108s] Level 1:colcon.colcon_core.package_identification:_identify(src/mask_rcnn_ros2) by extension 'colcon_meta'
[0.108s] Level 1:colcon.colcon_core.package_identification:_identify(src/mask_rcnn_ros2) by extensions ['ros']
[0.108s] Level 1:colcon.colcon_core.package_identification:_identify(src/mask_rcnn_ros2) by extension 'ros'
[0.108s] DEBUG:colcon.colcon_core.package_identification:Package 'src/mask_rcnn_ros2' with type 'ros.ament_python' and name 'mask_rcnn_ros2'
[0.108s] Level 1:colcon.colcon_core.package_identification:_identify(src/vpp_interfaces) by extensions ['ignore', 'ignore_ament_install']
[0.108s] Level 1:colcon.colcon_core.package_identification:_identify(src/vpp_interfaces) by extension 'ignore'
[0.108s] Level 1:colcon.colcon_core.package_identification:_identify(src/vpp_interfaces) by extension 'ignore_ament_install'
[0.108s] Level 1:colcon.colcon_core.package_identification:_identify(src/vpp_interfaces) by extensions ['colcon_pkg']
[0.108s] Level 1:colcon.colcon_core.package_identification:_identify(src/vpp_interfaces) by extension 'colcon_pkg'
[0.108s] Level 1:colcon.colcon_core.package_identification:_identify(src/vpp_interfaces) by extensions ['colcon_meta']
[0.108s] Level 1:colcon.colcon_core.package_identification:_identify(src/vpp_interfaces) by extension 'colcon_meta'
[0.108s] Level 1:colcon.colcon_core.package_identification:_identify(src/vpp_interfaces) by extensions ['ros']
[0.109s] Level 1:colcon.colcon_core.package_identification:_identify(src/vpp_interfaces) by extension 'ros'
[0.109s] DEBUG:colcon.colcon_core.package_identification:Package 'src/vpp_interfaces' with type 'ros.ament_cmake' and name 'vpp_interfaces'
[0.109s] Level 1:colcon.colcon_core.package_discovery:discover_packages(recursive) using defaults
[0.109s] Level 1:colcon.colcon_core.package_discovery:discover_packages(ignore) discover
[0.109s] Level 1:colcon.colcon_core.package_discovery:discover_packages(ignore) using defaults
[0.109s] Level 1:colcon.colcon_core.package_discovery:discover_packages(path) discover
[0.109s] Level 1:colcon.colcon_core.package_discovery:discover_packages(path) using defaults
[0.119s] Level 5:colcon.colcon_core.verb:set package 'camera' build argument 'cmake_args' from command line to 'None'
[0.119s] Level 5:colcon.colcon_core.verb:set package 'camera' build argument 'cmake_target' from command line to 'None'
[0.119s] Level 5:colcon.colcon_core.verb:set package 'camera' build argument 'cmake_target_skip_unavailable' from command line to 'False'
[0.119s] Level 5:colcon.colcon_core.verb:set package 'camera' build argument 'cmake_clean_cache' from command line to 'False'
[0.119s] Level 5:colcon.colcon_core.verb:set package 'camera' build argument 'cmake_clean_first' from command line to 'False'
[0.119s] Level 5:colcon.colcon_core.verb:set package 'camera' build argument 'cmake_force_configure' from command line to 'False'
[0.119s] Level 5:colcon.colcon_core.verb:set package 'camera' build argument 'ament_cmake_args' from command line to 'None'
[0.119s] Level 5:colcon.colcon_core.verb:set package 'camera' build argument 'catkin_cmake_args' from command line to 'None'
[0.119s] Level 5:colcon.colcon_core.verb:set package 'camera' build argument 'catkin_skip_building_tests' from command line to 'False'
[0.119s] DEBUG:colcon.colcon_core.verb:Building package 'camera' with the following arguments: {'ament_cmake_args': None, 'build_base': '/home/alpha/Research/voxblox/build/camera', 'catkin_cmake_args': None, 'catkin_skip_building_tests': False, 'cmake_args': None, 'cmake_clean_cache': False, 'cmake_clean_first': False, 'cmake_force_configure': False, 'cmake_target': None, 'cmake_target_skip_unavailable': False, 'install_base': '/home/alpha/Research/voxblox/install/camera', 'merge_install': False, 'path': '/home/alpha/Research/voxblox/src/camera', 'symlink_install': False, 'test_result_base': None}
[0.119s] Level 5:colcon.colcon_core.verb:set package 'mask_rcnn_ros2' build argument 'cmake_args' from command line to 'None'
[0.119s] Level 5:colcon.colcon_core.verb:set package 'mask_rcnn_ros2' build argument 'cmake_target' from command line to 'None'
[0.119s] Level 5:colcon.colcon_core.verb:set package 'mask_rcnn_ros2' build argument 'cmake_target_skip_unavailable' from command line to 'False'
[0.119s] Level 5:colcon.colcon_core.verb:set package 'mask_rcnn_ros2' build argument 'cmake_clean_cache' from command line to 'False'
[0.119s] Level 5:colcon.colcon_core.verb:set package 'mask_rcnn_ros2' build argument 'cmake_clean_first' from command line to 'False'
[0.119s] Level 5:colcon.colcon_core.verb:set package 'mask_rcnn_ros2' build argument 'cmake_force_configure' from command line to 'False'
[0.119s] Level 5:colcon.colcon_core.verb:set package 'mask_rcnn_ros2' build argument 'ament_cmake_args' from command line to 'None'
[0.119s] Level 5:colcon.colcon_core.verb:set package 'mask_rcnn_ros2' build argument 'catkin_cmake_args' from command line to 'None'
[0.119s] Level 5:colcon.colcon_core.verb:set package 'mask_rcnn_ros2' build argument 'catkin_skip_building_tests' from command line to 'False'
[0.119s] DEBUG:colcon.colcon_core.verb:Building package 'mask_rcnn_ros2' with the following arguments: {'ament_cmake_args': None, 'build_base': '/home/alpha/Research/voxblox/build/mask_rcnn_ros2', 'catkin_cmake_args': None, 'catkin_skip_building_tests': False, 'cmake_args': None, 'cmake_clean_cache': False, 'cmake_clean_first': False, 'cmake_force_configure': False, 'cmake_target': None, 'cmake_target_skip_unavailable': False, 'install_base': '/home/alpha/Research/voxblox/install/mask_rcnn_ros2', 'merge_install': False, 'path': '/home/alpha/Research/voxblox/src/mask_rcnn_ros2', 'symlink_install': False, 'test_result_base': None}
[0.119s] Level 5:colcon.colcon_core.verb:set package 'vpp_interfaces' build argument 'cmake_args' from command line to 'None'
[0.119s] Level 5:colcon.colcon_core.verb:set package 'vpp_interfaces' build argument 'cmake_target' from command line to 'None'
[0.119s] Level 5:colcon.colcon_core.verb:set package 'vpp_interfaces' build argument 'cmake_target_skip_unavailable' from command line to 'False'
[0.119s] Level 5:colcon.colcon_core.verb:set package 'vpp_interfaces' build argument 'cmake_clean_cache' from command line to 'False'
[0.119s] Level 5:colcon.colcon_core.verb:set package 'vpp_interfaces' build argument 'cmake_clean_first' from command line to 'False'
[0.119s] Level 5:colcon.colcon_core.verb:set package 'vpp_interfaces' build argument 'cmake_force_configure' from command line to 'False'
[0.119s] Level 5:colcon.colcon_core.verb:set package 'vpp_interfaces' build argument 'ament_cmake_args' from command line to 'None'
[0.119s] Level 5:colcon.colcon_core.verb:set package 'vpp_interfaces' build argument 'catkin_cmake_args' from command line to 'None'
[0.119s] Level 5:colcon.colcon_core.verb:set package 'vpp_interfaces' build argument 'catkin_skip_building_tests' from command line to 'False'
[0.119s] DEBUG:colcon.colcon_core.verb:Building package 'vpp_interfaces' with the following arguments: {'ament_cmake_args': None, 'build_base': '/home/alpha/Research/voxblox/build/vpp_interfaces', 'catkin_cmake_args': None, 'catkin_skip_building_tests': False, 'cmake_args': None, 'cmake_clean_cache': False, 'cmake_clean_first': False, 'cmake_force_configure': False, 'cmake_target': None, 'cmake_target_skip_unavailable': False, 'install_base': '/home/alpha/Research/voxblox/install/vpp_interfaces', 'merge_install': False, 'path': '/home/alpha/Research/voxblox/src/vpp_interfaces', 'symlink_install': False, 'test_result_base': None}
[0.120s] INFO:colcon.colcon_core.executor:Executing jobs using 'parallel' executor
[0.120s] DEBUG:colcon.colcon_parallel_executor.executor.parallel:run_until_complete
[0.120s] INFO:colcon.colcon_ros.task.ament_python.build:Building ROS package in '/home/alpha/Research/voxblox/src/camera' with build type 'ament_python'
[0.120s] Level 1:colcon.colcon_core.shell:create_environment_hook('camera', 'ament_prefix_path')
[0.122s] INFO:colcon.colcon_core.plugin_system:Skipping extension 'colcon_core.shell.bat': Not used on non-Windows systems
[0.122s] INFO:colcon.colcon_core.shell:Creating environment hook '/home/alpha/Research/voxblox/install/camera/share/camera/hook/ament_prefix_path.ps1'
[0.122s] INFO:colcon.colcon_core.shell:Creating environment descriptor '/home/alpha/Research/voxblox/install/camera/share/camera/hook/ament_prefix_path.dsv'
[0.122s] INFO:colcon.colcon_core.shell:Creating environment hook '/home/alpha/Research/voxblox/install/camera/share/camera/hook/ament_prefix_path.sh'
[0.123s] INFO:colcon.colcon_core.shell:Skip shell extension 'powershell' for command environment: Not usable outside of PowerShell
[0.123s] DEBUG:colcon.colcon_core.shell:Skip shell extension 'dsv' for command environment
[0.125s] INFO:colcon.colcon_ros.task.ament_python.build:Building ROS package in '/home/alpha/Research/voxblox/src/mask_rcnn_ros2' with build type 'ament_python'
[0.125s] Level 1:colcon.colcon_core.shell:create_environment_hook('mask_rcnn_ros2', 'ament_prefix_path')
[0.125s] INFO:colcon.colcon_core.shell:Creating environment hook '/home/alpha/Research/voxblox/install/mask_rcnn_ros2/share/mask_rcnn_ros2/hook/ament_prefix_path.ps1'
[0.125s] INFO:colcon.colcon_core.shell:Creating environment descriptor '/home/alpha/Research/voxblox/install/mask_rcnn_ros2/share/mask_rcnn_ros2/hook/ament_prefix_path.dsv'
[0.126s] INFO:colcon.colcon_core.shell:Creating environment hook '/home/alpha/Research/voxblox/install/mask_rcnn_ros2/share/mask_rcnn_ros2/hook/ament_prefix_path.sh'
[0.126s] INFO:colcon.colcon_core.shell:Skip shell extension 'powershell' for command environment: Not usable outside of PowerShell
[0.126s] DEBUG:colcon.colcon_core.shell:Skip shell extension 'dsv' for command environment
[0.127s] INFO:colcon.colcon_ros.task.ament_cmake.build:Building ROS package in '/home/alpha/Research/voxblox/src/vpp_interfaces' with build type 'ament_cmake'
[0.127s] INFO:colcon.colcon_cmake.task.cmake.build:Building CMake package in '/home/alpha/Research/voxblox/src/vpp_interfaces'
[0.128s] INFO:colcon.colcon_core.shell:Skip shell extension 'powershell' for command environment: Not usable outside of PowerShell
[0.128s] DEBUG:colcon.colcon_core.shell:Skip shell extension 'dsv' for command environment
[0.242s] INFO:colcon.colcon_core.task.python.build:Building Python package in '/home/alpha/Research/voxblox/src/camera'
[0.243s] INFO:colcon.colcon_core.shell:Skip shell extension 'powershell' for command environment: Not usable outside of PowerShell
[0.243s] DEBUG:colcon.colcon_core.shell:Skip shell extension 'dsv' for command environment
[0.361s] INFO:colcon.colcon_core.task.python.build:Building Python package in '/home/alpha/Research/voxblox/src/mask_rcnn_ros2'
[0.361s] INFO:colcon.colcon_core.shell:Skip shell extension 'powershell' for command environment: Not usable outside of PowerShell
[0.361s] DEBUG:colcon.colcon_core.shell:Skip shell extension 'dsv' for command environment
[0.368s] DEBUG:colcon.colcon_core.event_handler.log_command:Invoking command in '/home/alpha/Research/voxblox/build/vpp_interfaces': CMAKE_PREFIX_PATH=${CMAKE_PREFIX_PATH}:/home/alpha/Research/voxblox/install/mask_rcnn_ros2:/home/alpha/Research/voxblox/install/camera:/opt/ros/humble CONDA_PROMPT_MODIFIER=(voxblox) /home/alpha/anaconda3/envs/voxblox/bin/cmake --build /home/alpha/Research/voxblox/build/vpp_interfaces -- -j22 -l22
[0.577s] DEBUG:colcon.colcon_core.event_handler.log_command:Invoked command in '/home/alpha/Research/voxblox/build/vpp_interfaces' returned '0': CMAKE_PREFIX_PATH=${CMAKE_PREFIX_PATH}:/home/alpha/Research/voxblox/install/mask_rcnn_ros2:/home/alpha/Research/voxblox/install/camera:/opt/ros/humble CONDA_PROMPT_MODIFIER=(voxblox) /home/alpha/anaconda3/envs/voxblox/bin/cmake --build /home/alpha/Research/voxblox/build/vpp_interfaces -- -j22 -l22
[0.635s] DEBUG:colcon.colcon_core.event_handler.log_command:Invoking command in '/home/alpha/Research/voxblox/src/mask_rcnn_ros2': CONDA_PROMPT_MODIFIER=(voxblox) PYTHONPATH=/home/alpha/Research/voxblox/build/mask_rcnn_ros2/prefix_override:/home/alpha/anaconda3/envs/voxblox/lib/python3.10/site-packages/colcon_core/task/python/colcon_distutils_commands:/home/alpha/Research/voxblox/install/mask_rcnn_ros2/lib/python3.10/site-packages:${PYTHONPATH} /home/alpha/anaconda3/envs/voxblox/bin/python -W ignore:setup.py install is deprecated setup.py egg_info --egg-base ../../build/mask_rcnn_ros2 build --build-base /home/alpha/Research/voxblox/build/mask_rcnn_ros2/build install --record /home/alpha/Research/voxblox/build/mask_rcnn_ros2/install.log --single-version-externally-managed install_data
[0.652s] DEBUG:colcon.colcon_core.event_handler.log_command:Invoking command in '/home/alpha/Research/voxblox/src/camera': CONDA_PROMPT_MODIFIER=(voxblox) PYTHONPATH=/home/alpha/Research/voxblox/build/camera/prefix_override:/home/alpha/anaconda3/envs/voxblox/lib/python3.10/site-packages/colcon_core/task/python/colcon_distutils_commands:/home/alpha/Research/voxblox/install/camera/lib/python3.10/site-packages:${PYTHONPATH} /home/alpha/anaconda3/envs/voxblox/bin/python -W ignore:setup.py install is deprecated setup.py egg_info --egg-base ../../build/camera build --build-base /home/alpha/Research/voxblox/build/camera/build install --record /home/alpha/Research/voxblox/build/camera/install.log --single-version-externally-managed install_data
[0.661s] DEBUG:colcon.colcon_core.event_handler.log_command:Invoking command in '/home/alpha/Research/voxblox/build/vpp_interfaces': CMAKE_PREFIX_PATH=${CMAKE_PREFIX_PATH}:/home/alpha/Research/voxblox/install/mask_rcnn_ros2:/home/alpha/Research/voxblox/install/camera:/opt/ros/humble CONDA_PROMPT_MODIFIER=(voxblox) /home/alpha/anaconda3/envs/voxblox/bin/cmake --install /home/alpha/Research/voxblox/build/vpp_interfaces
[0.707s] Level 1:colcon.colcon_core.environment:create_environment_scripts_only(vpp_interfaces)
[0.708s] DEBUG:colcon.colcon_core.event_handler.log_command:Invoked command in '/home/alpha/Research/voxblox/build/vpp_interfaces' returned '0': CMAKE_PREFIX_PATH=${CMAKE_PREFIX_PATH}:/home/alpha/Research/voxblox/install/mask_rcnn_ros2:/home/alpha/Research/voxblox/install/camera:/opt/ros/humble CONDA_PROMPT_MODIFIER=(voxblox) /home/alpha/anaconda3/envs/voxblox/bin/cmake --install /home/alpha/Research/voxblox/build/vpp_interfaces
[0.711s] Level 1:colcon.colcon_core.environment:checking '/home/alpha/Research/voxblox/install/vpp_interfaces' for CMake module files
[0.711s] Level 1:colcon.colcon_core.environment:checking '/home/alpha/Research/voxblox/install/vpp_interfaces' for CMake config files
[0.712s] Level 1:colcon.colcon_core.shell:create_environment_hook('vpp_interfaces', 'cmake_prefix_path')
[0.712s] INFO:colcon.colcon_core.shell:Creating environment hook '/home/alpha/Research/voxblox/install/vpp_interfaces/share/vpp_interfaces/hook/cmake_prefix_path.ps1'
[0.714s] INFO:colcon.colcon_core.shell:Creating environment descriptor '/home/alpha/Research/voxblox/install/vpp_interfaces/share/vpp_interfaces/hook/cmake_prefix_path.dsv'
[0.714s] INFO:colcon.colcon_core.shell:Creating environment hook '/home/alpha/Research/voxblox/install/vpp_interfaces/share/vpp_interfaces/hook/cmake_prefix_path.sh'
[0.715s] Level 1:colcon.colcon_core.environment:checking '/home/alpha/Research/voxblox/install/vpp_interfaces/lib'
[0.715s] Level 1:colcon.colcon_core.shell:create_environment_hook('vpp_interfaces', 'ld_library_path_lib')
[0.715s] INFO:colcon.colcon_core.shell:Creating environment hook '/home/alpha/Research/voxblox/install/vpp_interfaces/share/vpp_interfaces/hook/ld_library_path_lib.ps1'
[0.716s] INFO:colcon.colcon_core.shell:Creating environment descriptor '/home/alpha/Research/voxblox/install/vpp_interfaces/share/vpp_interfaces/hook/ld_library_path_lib.dsv'
[0.716s] INFO:colcon.colcon_core.shell:Creating environment hook '/home/alpha/Research/voxblox/install/vpp_interfaces/share/vpp_interfaces/hook/ld_library_path_lib.sh'
[0.716s] Level 1:colcon.colcon_core.environment:checking '/home/alpha/Research/voxblox/install/vpp_interfaces/bin'
[0.716s] Level 1:colcon.colcon_core.environment:checking '/home/alpha/Research/voxblox/install/vpp_interfaces/lib/pkgconfig/vpp_interfaces.pc'
[0.717s] Level 1:colcon.colcon_core.environment:checking '/home/alpha/Research/voxblox/install/vpp_interfaces/lib/python3.10/site-packages'
[0.717s] Level 1:colcon.colcon_core.shell:create_environment_hook('vpp_interfaces', 'pythonpath')
[0.717s] INFO:colcon.colcon_core.shell:Creating environment hook '/home/alpha/Research/voxblox/install/vpp_interfaces/share/vpp_interfaces/hook/pythonpath.ps1'
[0.717s] INFO:colcon.colcon_core.shell:Creating environment descriptor '/home/alpha/Research/voxblox/install/vpp_interfaces/share/vpp_interfaces/hook/pythonpath.dsv'
[0.717s] INFO:colcon.colcon_core.shell:Creating environment hook '/home/alpha/Research/voxblox/install/vpp_interfaces/share/vpp_interfaces/hook/pythonpath.sh'
[0.718s] Level 1:colcon.colcon_core.environment:checking '/home/alpha/Research/voxblox/install/vpp_interfaces/bin'
[0.718s] INFO:colcon.colcon_core.shell:Creating package script '/home/alpha/Research/voxblox/install/vpp_interfaces/share/vpp_interfaces/package.ps1'
[0.719s] INFO:colcon.colcon_core.shell:Creating package descriptor '/home/alpha/Research/voxblox/install/vpp_interfaces/share/vpp_interfaces/package.dsv'
[0.719s] INFO:colcon.colcon_core.shell:Creating package script '/home/alpha/Research/voxblox/install/vpp_interfaces/share/vpp_interfaces/package.sh'
[0.720s] INFO:colcon.colcon_core.shell:Creating package script '/home/alpha/Research/voxblox/install/vpp_interfaces/share/vpp_interfaces/package.bash'
[0.721s] INFO:colcon.colcon_core.shell:Creating package script '/home/alpha/Research/voxblox/install/vpp_interfaces/share/vpp_interfaces/package.zsh'
[0.721s] Level 1:colcon.colcon_core.environment:create_file_with_runtime_dependencies(/home/alpha/Research/voxblox/install/vpp_interfaces/share/colcon-core/packages/vpp_interfaces)
[0.801s] Level 1:colcon.colcon_core.environment:create_environment_scripts_only(vpp_interfaces)
[0.801s] Level 1:colcon.colcon_core.environment:checking '/home/alpha/Research/voxblox/install/vpp_interfaces' for CMake module files
[0.802s] Level 1:colcon.colcon_core.environment:checking '/home/alpha/Research/voxblox/install/vpp_interfaces' for CMake config files
[0.802s] Level 1:colcon.colcon_core.shell:create_environment_hook('vpp_interfaces', 'cmake_prefix_path')
[0.802s] INFO:colcon.colcon_core.shell:Creating environment hook '/home/alpha/Research/voxblox/install/vpp_interfaces/share/vpp_interfaces/hook/cmake_prefix_path.ps1'
[0.802s] INFO:colcon.colcon_core.shell:Creating environment descriptor '/home/alpha/Research/voxblox/install/vpp_interfaces/share/vpp_interfaces/hook/cmake_prefix_path.dsv'
[0.803s] INFO:colcon.colcon_core.shell:Creating environment hook '/home/alpha/Research/voxblox/install/vpp_interfaces/share/vpp_interfaces/hook/cmake_prefix_path.sh'
[0.803s] Level 1:colcon.colcon_core.environment:checking '/home/alpha/Research/voxblox/install/vpp_interfaces/lib'
[0.803s] Level 1:colcon.colcon_core.shell:create_environment_hook('vpp_interfaces', 'ld_library_path_lib')
[0.803s] INFO:colcon.colcon_core.shell:Creating environment hook '/home/alpha/Research/voxblox/install/vpp_interfaces/share/vpp_interfaces/hook/ld_library_path_lib.ps1'
[0.804s] INFO:colcon.colcon_core.shell:Creating environment descriptor '/home/alpha/Research/voxblox/install/vpp_interfaces/share/vpp_interfaces/hook/ld_library_path_lib.dsv'
[0.804s] INFO:colcon.colcon_core.shell:Creating environment hook '/home/alpha/Research/voxblox/install/vpp_interfaces/share/vpp_interfaces/hook/ld_library_path_lib.sh'
[0.804s] Level 1:colcon.colcon_core.environment:checking '/home/alpha/Research/voxblox/install/vpp_interfaces/bin'
[0.804s] Level 1:colcon.colcon_core.environment:checking '/home/alpha/Research/voxblox/install/vpp_interfaces/lib/pkgconfig/vpp_interfaces.pc'
[0.805s] Level 1:colcon.colcon_core.environment:checking '/home/alpha/Research/voxblox/install/vpp_interfaces/lib/python3.10/site-packages'
[0.805s] Level 1:colcon.colcon_core.shell:create_environment_hook('vpp_interfaces', 'pythonpath')
[0.805s] INFO:colcon.colcon_core.shell:Creating environment hook '/home/alpha/Research/voxblox/install/vpp_interfaces/share/vpp_interfaces/hook/pythonpath.ps1'
[0.805s] INFO:colcon.colcon_core.shell:Creating environment descriptor '/home/alpha/Research/voxblox/install/vpp_interfaces/share/vpp_interfaces/hook/pythonpath.dsv'
[0.805s] INFO:colcon.colcon_core.shell:Creating environment hook '/home/alpha/Research/voxblox/install/vpp_interfaces/share/vpp_interfaces/hook/pythonpath.sh'
[0.806s] Level 1:colcon.colcon_core.environment:checking '/home/alpha/Research/voxblox/install/vpp_interfaces/bin'
[0.806s] INFO:colcon.colcon_core.shell:Creating package script '/home/alpha/Research/voxblox/install/vpp_interfaces/share/vpp_interfaces/package.ps1'
[0.806s] INFO:colcon.colcon_core.shell:Creating package descriptor '/home/alpha/Research/voxblox/install/vpp_interfaces/share/vpp_interfaces/package.dsv'
[0.807s] INFO:colcon.colcon_core.shell:Creating package script '/home/alpha/Research/voxblox/install/vpp_interfaces/share/vpp_interfaces/package.sh'
[0.807s] INFO:colcon.colcon_core.shell:Creating package script '/home/alpha/Research/voxblox/install/vpp_interfaces/share/vpp_interfaces/package.bash'
[0.807s] INFO:colcon.colcon_core.shell:Creating package script '/home/alpha/Research/voxblox/install/vpp_interfaces/share/vpp_interfaces/package.zsh'
[0.808s] Level 1:colcon.colcon_core.environment:create_file_with_runtime_dependencies(/home/alpha/Research/voxblox/install/vpp_interfaces/share/colcon-core/packages/vpp_interfaces)
[0.858s] Level 1:colcon.colcon_core.environment:checking '/home/alpha/Research/voxblox/install/mask_rcnn_ros2' for CMake module files
[0.859s] DEBUG:colcon.colcon_core.event_handler.log_command:Invoked command in '/home/alpha/Research/voxblox/src/mask_rcnn_ros2' returned '0': CONDA_PROMPT_MODIFIER=(voxblox) PYTHONPATH=/home/alpha/Research/voxblox/build/mask_rcnn_ros2/prefix_override:/home/alpha/anaconda3/envs/voxblox/lib/python3.10/site-packages/colcon_core/task/python/colcon_distutils_commands:/home/alpha/Research/voxblox/install/mask_rcnn_ros2/lib/python3.10/site-packages:${PYTHONPATH} /home/alpha/anaconda3/envs/voxblox/bin/python -W ignore:setup.py install is deprecated setup.py egg_info --egg-base ../../build/mask_rcnn_ros2 build --build-base /home/alpha/Research/voxblox/build/mask_rcnn_ros2/build install --record /home/alpha/Research/voxblox/build/mask_rcnn_ros2/install.log --single-version-externally-managed install_data
[0.859s] Level 1:colcon.colcon_core.environment:checking '/home/alpha/Research/voxblox/install/mask_rcnn_ros2' for CMake config files
[0.860s] Level 1:colcon.colcon_core.environment:checking '/home/alpha/Research/voxblox/install/mask_rcnn_ros2/lib'
[0.860s] Level 1:colcon.colcon_core.environment:checking '/home/alpha/Research/voxblox/install/mask_rcnn_ros2/bin'
[0.860s] Level 1:colcon.colcon_core.environment:checking '/home/alpha/Research/voxblox/install/mask_rcnn_ros2/lib/pkgconfig/mask_rcnn_ros2.pc'
[0.860s] Level 1:colcon.colcon_core.environment:checking '/home/alpha/Research/voxblox/install/mask_rcnn_ros2/lib/python3.10/site-packages'
[0.860s] Level 1:colcon.colcon_core.shell:create_environment_hook('mask_rcnn_ros2', 'pythonpath')
[0.861s] INFO:colcon.colcon_core.shell:Creating environment hook '/home/alpha/Research/voxblox/install/mask_rcnn_ros2/share/mask_rcnn_ros2/hook/pythonpath.ps1'
[0.861s] INFO:colcon.colcon_core.shell:Creating environment descriptor '/home/alpha/Research/voxblox/install/mask_rcnn_ros2/share/mask_rcnn_ros2/hook/pythonpath.dsv'
[0.861s] INFO:colcon.colcon_core.shell:Creating environment hook '/home/alpha/Research/voxblox/install/mask_rcnn_ros2/share/mask_rcnn_ros2/hook/pythonpath.sh'
[0.861s] Level 1:colcon.colcon_core.environment:checking '/home/alpha/Research/voxblox/install/mask_rcnn_ros2/bin'
[0.861s] Level 1:colcon.colcon_core.environment:create_environment_scripts_only(mask_rcnn_ros2)
[0.861s] INFO:colcon.colcon_core.shell:Creating package script '/home/alpha/Research/voxblox/install/mask_rcnn_ros2/share/mask_rcnn_ros2/package.ps1'
[0.862s] INFO:colcon.colcon_core.shell:Creating package descriptor '/home/alpha/Research/voxblox/install/mask_rcnn_ros2/share/mask_rcnn_ros2/package.dsv'
[0.862s] INFO:colcon.colcon_core.shell:Creating package script '/home/alpha/Research/voxblox/install/mask_rcnn_ros2/share/mask_rcnn_ros2/package.sh'
[0.862s] INFO:colcon.colcon_core.shell:Creating package script '/home/alpha/Research/voxblox/install/mask_rcnn_ros2/share/mask_rcnn_ros2/package.bash'
[0.862s] INFO:colcon.colcon_core.shell:Creating package script '/home/alpha/Research/voxblox/install/mask_rcnn_ros2/share/mask_rcnn_ros2/package.zsh'
[0.862s] Level 1:colcon.colcon_core.environment:create_file_with_runtime_dependencies(/home/alpha/Research/voxblox/install/mask_rcnn_ros2/share/colcon-core/packages/mask_rcnn_ros2)
[0.890s] Level 1:colcon.colcon_core.environment:checking '/home/alpha/Research/voxblox/install/camera' for CMake module files
[0.891s] DEBUG:colcon.colcon_core.event_handler.log_command:Invoked command in '/home/alpha/Research/voxblox/src/camera' returned '0': CONDA_PROMPT_MODIFIER=(voxblox) PYTHONPATH=/home/alpha/Research/voxblox/build/camera/prefix_override:/home/alpha/anaconda3/envs/voxblox/lib/python3.10/site-packages/colcon_core/task/python/colcon_distutils_commands:/home/alpha/Research/voxblox/install/camera/lib/python3.10/site-packages:${PYTHONPATH} /home/alpha/anaconda3/envs/voxblox/bin/python -W ignore:setup.py install is deprecated setup.py egg_info --egg-base ../../build/camera build --build-base /home/alpha/Research/voxblox/build/camera/build install --record /home/alpha/Research/voxblox/build/camera/install.log --single-version-externally-managed install_data
[0.892s] Level 1:colcon.colcon_core.environment:checking '/home/alpha/Research/voxblox/install/camera' for CMake config files
[0.892s] Level 1:colcon.colcon_core.environment:checking '/home/alpha/Research/voxblox/install/camera/lib'
[0.892s] Level 1:colcon.colcon_core.environment:checking '/home/alpha/Research/voxblox/install/camera/bin'
[0.892s] Level 1:colcon.colcon_core.environment:checking '/home/alpha/Research/voxblox/install/camera/lib/pkgconfig/camera.pc'
[0.892s] Level 1:colcon.colcon_core.environment:checking '/home/alpha/Research/voxblox/install/camera/lib/python3.10/site-packages'
[0.892s] Level 1:colcon.colcon_core.shell:create_environment_hook('camera', 'pythonpath')
[0.893s] INFO:colcon.colcon_core.shell:Creating environment hook '/home/alpha/Research/voxblox/install/camera/share/camera/hook/pythonpath.ps1'
[0.893s] INFO:colcon.colcon_core.shell:Creating environment descriptor '/home/alpha/Research/voxblox/install/camera/share/camera/hook/pythonpath.dsv'
[0.893s] INFO:colcon.colcon_core.shell:Creating environment hook '/home/alpha/Research/voxblox/install/camera/share/camera/hook/pythonpath.sh'
[0.894s] Level 1:colcon.colcon_core.environment:checking '/home/alpha/Research/voxblox/install/camera/bin'
[0.894s] Level 1:colcon.colcon_core.environment:create_environment_scripts_only(camera)
[0.894s] INFO:colcon.colcon_core.shell:Creating package script '/home/alpha/Research/voxblox/install/camera/share/camera/package.ps1'
[0.894s] INFO:colcon.colcon_core.shell:Creating package descriptor '/home/alpha/Research/voxblox/install/camera/share/camera/package.dsv'
[0.894s] INFO:colcon.colcon_core.shell:Creating package script '/home/alpha/Research/voxblox/install/camera/share/camera/package.sh'
[0.895s] INFO:colcon.colcon_core.shell:Creating package script '/home/alpha/Research/voxblox/install/camera/share/camera/package.bash'
[0.895s] INFO:colcon.colcon_core.shell:Creating package script '/home/alpha/Research/voxblox/install/camera/share/camera/package.zsh'
[0.895s] Level 1:colcon.colcon_core.environment:create_file_with_runtime_dependencies(/home/alpha/Research/voxblox/install/camera/share/colcon-core/packages/camera)
[0.895s] DEBUG:colcon.colcon_parallel_executor.executor.parallel:closing loop
[0.896s] DEBUG:colcon.colcon_parallel_executor.executor.parallel:loop closed
[0.896s] DEBUG:colcon.colcon_parallel_executor.executor.parallel:run_until_complete finished with '0'
[0.896s] DEBUG:colcon.colcon_core.event_reactor:joining thread
[0.900s] INFO:colcon.colcon_core.plugin_system:Skipping extension 'colcon_notification.desktop_notification.notify2': 'notify2' not found
[0.900s] INFO:colcon.colcon_core.plugin_system:Skipping extension 'colcon_notification.desktop_notification.terminal_notifier': Not used on non-Darwin systems
[0.901s] INFO:colcon.colcon_core.plugin_system:Skipping extension 'colcon_notification.desktop_notification.win32': Not used on non-Windows systems
[0.901s] INFO:colcon.colcon_notification.desktop_notification:Sending desktop notification using 'notify_send'
[0.918s] DEBUG:colcon.colcon_core.event_reactor:joined thread
[0.918s] INFO:colcon.colcon_core.shell:Creating prefix script '/home/alpha/Research/voxblox/install/local_setup.ps1'
[0.919s] INFO:colcon.colcon_core.shell:Creating prefix util module '/home/alpha/Research/voxblox/install/_local_setup_util_ps1.py'
[0.921s] INFO:colcon.colcon_core.shell:Creating prefix chain script '/home/alpha/Research/voxblox/install/setup.ps1'
[0.922s] INFO:colcon.colcon_core.shell:Creating prefix script '/home/alpha/Research/voxblox/install/local_setup.sh'
[0.923s] INFO:colcon.colcon_core.shell:Creating prefix util module '/home/alpha/Research/voxblox/install/_local_setup_util_sh.py'
[0.923s] INFO:colcon.colcon_core.shell:Creating prefix chain script '/home/alpha/Research/voxblox/install/setup.sh'
[0.925s] INFO:colcon.colcon_core.shell:Creating prefix script '/home/alpha/Research/voxblox/install/local_setup.bash'
[0.925s] INFO:colcon.colcon_core.shell:Creating prefix chain script '/home/alpha/Research/voxblox/install/setup.bash'
[0.926s] INFO:colcon.colcon_core.shell:Creating prefix script '/home/alpha/Research/voxblox/install/local_setup.zsh'
[0.927s] INFO:colcon.colcon_core.shell:Creating prefix chain script '/home/alpha/Research/voxblox/install/setup.zsh'
