[0.509s] Invoking command in '/home/alpha/Research/voxblox/src/mask_rcnn_ros2': CONDA_PROMPT_MODIFIER=(voxblox) PYTHONPATH=/home/alpha/Research/voxblox/build/mask_rcnn_ros2/prefix_override:/home/alpha/anaconda3/envs/voxblox/lib/python3.10/site-packages/colcon_core/task/python/colcon_distutils_commands:/home/alpha/Research/voxblox/install/mask_rcnn_ros2/lib/python3.10/site-packages:${PYTHONPATH} /home/alpha/anaconda3/envs/voxblox/bin/python -W ignore:setup.py install is deprecated setup.py egg_info --egg-base ../../build/mask_rcnn_ros2 build --build-base /home/alpha/Research/voxblox/build/mask_rcnn_ros2/build install --record /home/alpha/Research/voxblox/build/mask_rcnn_ros2/install.log --single-version-externally-managed install_data
[0.636s] running egg_info
[0.641s] writing ../../build/mask_rcnn_ros2/mask_rcnn_ros2.egg-info/PKG-INFO
[0.642s] writing dependency_links to ../../build/mask_rcnn_ros2/mask_rcnn_ros2.egg-info/dependency_links.txt
[0.642s] writing entry points to ../../build/mask_rcnn_ros2/mask_rcnn_ros2.egg-info/entry_points.txt
[0.642s] writing requirements to ../../build/mask_rcnn_ros2/mask_rcnn_ros2.egg-info/requires.txt
[0.642s] writing top-level names to ../../build/mask_rcnn_ros2/mask_rcnn_ros2.egg-info/top_level.txt
[0.654s] reading manifest file '../../build/mask_rcnn_ros2/mask_rcnn_ros2.egg-info/SOURCES.txt'
[0.655s] adding license file 'LICENSE'
[0.655s] writing manifest file '../../build/mask_rcnn_ros2/mask_rcnn_ros2.egg-info/SOURCES.txt'
[0.656s] running build
[0.656s] running build_py
[0.656s] copying mask_rcnn_ros2/__init__.py -> /home/alpha/Research/voxblox/build/mask_rcnn_ros2/build/lib/mask_rcnn_ros2
[0.656s] copying mask_rcnn_ros2/mask_rcnn_ros2_node.py -> /home/alpha/Research/voxblox/build/mask_rcnn_ros2/build/lib/mask_rcnn_ros2
[0.657s] copying mask_rcnn_ros2/predictor.py -> /home/alpha/Research/voxblox/build/mask_rcnn_ros2/build/lib/mask_rcnn_ros2
[0.657s] running install
[0.657s] running install_lib
[0.663s] copying /home/alpha/Research/voxblox/build/mask_rcnn_ros2/build/lib/mask_rcnn_ros2/mask_rcnn_ros2_node.py -> /home/alpha/Research/voxblox/install/mask_rcnn_ros2/lib/python3.10/site-packages/mask_rcnn_ros2
[0.664s] byte-compiling /home/alpha/Research/voxblox/install/mask_rcnn_ros2/lib/python3.10/site-packages/mask_rcnn_ros2/mask_rcnn_ros2_node.py to mask_rcnn_ros2_node.cpython-310.pyc
[0.664s] running install_data
[0.665s] copying resource/mask_rcnn_ros2 -> /home/alpha/Research/voxblox/install/mask_rcnn_ros2/share/ament_index/resource_index/packages
[0.666s] copying package.xml -> /home/alpha/Research/voxblox/install/mask_rcnn_ros2/share/mask_rcnn_ros2
[0.666s] running install_egg_info
[0.671s] removing '/home/alpha/Research/voxblox/install/mask_rcnn_ros2/lib/python3.10/site-packages/mask_rcnn_ros2-0.0.0-py3.10.egg-info' (and everything under it)
[0.671s] Copying ../../build/mask_rcnn_ros2/mask_rcnn_ros2.egg-info to /home/alpha/Research/voxblox/install/mask_rcnn_ros2/lib/python3.10/site-packages/mask_rcnn_ros2-0.0.0-py3.10.egg-info
[0.671s] running install_scripts
[0.717s] Installing mask_rcnn script to /home/alpha/Research/voxblox/install/mask_rcnn_ros2/lib/mask_rcnn_ros2
[0.717s] Installing predictor script to /home/alpha/Research/voxblox/install/mask_rcnn_ros2/lib/mask_rcnn_ros2
[0.717s] writing list of installed files to '/home/alpha/Research/voxblox/build/mask_rcnn_ros2/install.log'
[0.734s] Invoked command in '/home/alpha/Research/voxblox/src/mask_rcnn_ros2' returned '0': CONDA_PROMPT_MODIFIER=(voxblox) PYTHONPATH=/home/alpha/Research/voxblox/build/mask_rcnn_ros2/prefix_override:/home/alpha/anaconda3/envs/voxblox/lib/python3.10/site-packages/colcon_core/task/python/colcon_distutils_commands:/home/alpha/Research/voxblox/install/mask_rcnn_ros2/lib/python3.10/site-packages:${PYTHONPATH} /home/alpha/anaconda3/envs/voxblox/bin/python -W ignore:setup.py install is deprecated setup.py egg_info --egg-base ../../build/mask_rcnn_ros2 build --build-base /home/alpha/Research/voxblox/build/mask_rcnn_ros2/build install --record /home/alpha/Research/voxblox/build/mask_rcnn_ros2/install.log --single-version-externally-managed install_data
