[0.252s] Invoking command in '/home/alpha/Research/voxblox/build/vpp_interfaces': CMAKE_PREFIX_PATH=${CMAKE_PREFIX_PATH}:/home/alpha/Research/voxblox/install/mask_rcnn_ros2:/home/alpha/Research/voxblox/install/camera:/opt/ros/humble CONDA_PROMPT_MODIFIER=(voxblox) /home/alpha/anaconda3/envs/voxblox/bin/cmake --build /home/alpha/Research/voxblox/build/vpp_interfaces -- -j22 -l22
[0.289s] [  0%] Built target ament_cmake_python_copy_vpp_interfaces
[0.291s] [  3%] Built target vpp_interfaces__cpp
[0.294s] [ 12%] Built target vpp_interfaces__rosidl_generator_c
[0.300s] [ 22%] Built target vpp_interfaces__rosidl_typesupport_fastrtps_cpp
[0.306s] [ 32%] Built target vpp_interfaces__rosidl_typesupport_fastrtps_c
[0.309s] [ 41%] Built target vpp_interfaces__rosidl_typesupport_c
[0.309s] [ 51%] Built target vpp_interfaces__rosidl_typesupport_introspection_c
[0.310s] [ 61%] Built target vpp_interfaces__rosidl_typesupport_cpp
[0.319s] [ 70%] Built target vpp_interfaces__rosidl_typesupport_introspection_cpp
[0.329s] [ 70%] Built target vpp_interfaces
[0.339s] [ 74%] Built target vpp_interfaces__py
[0.352s] [ 80%] Built target vpp_interfaces__rosidl_generator_py
[0.364s] [ 87%] Built target vpp_interfaces__rosidl_typesupport_c__pyext
[0.365s] [ 93%] Built target vpp_interfaces__rosidl_typesupport_fastrtps_c__pyext
[0.368s] [100%] Built target vpp_interfaces__rosidl_typesupport_introspection_c__pyext
[0.403s] running egg_info
[0.410s] writing vpp_interfaces.egg-info/PKG-INFO
[0.411s] writing dependency_links to vpp_interfaces.egg-info/dependency_links.txt
[0.411s] writing top-level names to vpp_interfaces.egg-info/top_level.txt
[0.431s] reading manifest file 'vpp_interfaces.egg-info/SOURCES.txt'
[0.431s] writing manifest file 'vpp_interfaces.egg-info/SOURCES.txt'
[0.449s] [100%] Built target ament_cmake_python_build_vpp_interfaces_egg
[0.458s] Invoked command in '/home/alpha/Research/voxblox/build/vpp_interfaces' returned '0': CMAKE_PREFIX_PATH=${CMAKE_PREFIX_PATH}:/home/alpha/Research/voxblox/install/mask_rcnn_ros2:/home/alpha/Research/voxblox/install/camera:/opt/ros/humble CONDA_PROMPT_MODIFIER=(voxblox) /home/alpha/anaconda3/envs/voxblox/bin/cmake --build /home/alpha/Research/voxblox/build/vpp_interfaces -- -j22 -l22
[0.528s] Invoking command in '/home/alpha/Research/voxblox/build/vpp_interfaces': CMAKE_PREFIX_PATH=${CMAKE_PREFIX_PATH}:/home/alpha/Research/voxblox/install/mask_rcnn_ros2:/home/alpha/Research/voxblox/install/camera:/opt/ros/humble CONDA_PROMPT_MODIFIER=(voxblox) /home/alpha/anaconda3/envs/voxblox/bin/cmake --install /home/alpha/Research/voxblox/build/vpp_interfaces
[0.536s] -- Install configuration: ""
[0.536s] -- Up-to-date: /home/alpha/Research/voxblox/install/vpp_interfaces/share/ament_index/resource_index/rosidl_interfaces/vpp_interfaces
[0.536s] -- Up-to-date: /home/alpha/Research/voxblox/install/vpp_interfaces/include/vpp_interfaces/vpp_interfaces
[0.537s] -- Up-to-date: /home/alpha/Research/voxblox/install/vpp_interfaces/include/vpp_interfaces/vpp_interfaces/msg
[0.537s] -- Up-to-date: /home/alpha/Research/voxblox/install/vpp_interfaces/include/vpp_interfaces/vpp_interfaces/msg/detail
[0.537s] -- Up-to-date: /home/alpha/Research/voxblox/install/vpp_interfaces/include/vpp_interfaces/vpp_interfaces/msg/detail/result__functions.c
[0.537s] -- Up-to-date: /home/alpha/Research/voxblox/install/vpp_interfaces/include/vpp_interfaces/vpp_interfaces/msg/detail/result__type_support.h
[0.537s] -- Up-to-date: /home/alpha/Research/voxblox/install/vpp_interfaces/include/vpp_interfaces/vpp_interfaces/msg/detail/result__struct.h
[0.538s] -- Up-to-date: /home/alpha/Research/voxblox/install/vpp_interfaces/include/vpp_interfaces/vpp_interfaces/msg/detail/result__functions.h
[0.538s] -- Up-to-date: /home/alpha/Research/voxblox/install/vpp_interfaces/include/vpp_interfaces/vpp_interfaces/msg/rosidl_generator_c__visibility_control.h
[0.538s] -- Up-to-date: /home/alpha/Research/voxblox/install/vpp_interfaces/include/vpp_interfaces/vpp_interfaces/msg/result.h
[0.538s] -- Up-to-date: /home/alpha/Research/voxblox/install/vpp_interfaces/share/vpp_interfaces/environment/library_path.sh
[0.538s] -- Up-to-date: /home/alpha/Research/voxblox/install/vpp_interfaces/share/vpp_interfaces/environment/library_path.dsv
[0.538s] -- Up-to-date: /home/alpha/Research/voxblox/install/vpp_interfaces/lib/libvpp_interfaces__rosidl_generator_c.so
[0.539s] -- Up-to-date: /home/alpha/Research/voxblox/install/vpp_interfaces/include/vpp_interfaces/vpp_interfaces
[0.539s] -- Up-to-date: /home/alpha/Research/voxblox/install/vpp_interfaces/include/vpp_interfaces/vpp_interfaces/msg
[0.539s] -- Up-to-date: /home/alpha/Research/voxblox/install/vpp_interfaces/include/vpp_interfaces/vpp_interfaces/msg/detail
[0.539s] -- Up-to-date: /home/alpha/Research/voxblox/install/vpp_interfaces/include/vpp_interfaces/vpp_interfaces/msg/detail/result__rosidl_typesupport_fastrtps_c.h
[0.539s] -- Up-to-date: /home/alpha/Research/voxblox/install/vpp_interfaces/include/vpp_interfaces/vpp_interfaces/msg/rosidl_typesupport_fastrtps_c__visibility_control.h
[0.539s] -- Up-to-date: /home/alpha/Research/voxblox/install/vpp_interfaces/lib/libvpp_interfaces__rosidl_typesupport_fastrtps_c.so
[0.540s] -- Up-to-date: /home/alpha/Research/voxblox/install/vpp_interfaces/include/vpp_interfaces/vpp_interfaces
[0.540s] -- Up-to-date: /home/alpha/Research/voxblox/install/vpp_interfaces/include/vpp_interfaces/vpp_interfaces/msg
[0.540s] -- Up-to-date: /home/alpha/Research/voxblox/install/vpp_interfaces/include/vpp_interfaces/vpp_interfaces/msg/result.hpp
[0.540s] -- Up-to-date: /home/alpha/Research/voxblox/install/vpp_interfaces/include/vpp_interfaces/vpp_interfaces/msg/detail
[0.540s] -- Up-to-date: /home/alpha/Research/voxblox/install/vpp_interfaces/include/vpp_interfaces/vpp_interfaces/msg/detail/result__struct.hpp
[0.540s] -- Up-to-date: /home/alpha/Research/voxblox/install/vpp_interfaces/include/vpp_interfaces/vpp_interfaces/msg/detail/result__builder.hpp
[0.541s] -- Up-to-date: /home/alpha/Research/voxblox/install/vpp_interfaces/include/vpp_interfaces/vpp_interfaces/msg/detail/result__traits.hpp
[0.541s] -- Up-to-date: /home/alpha/Research/voxblox/install/vpp_interfaces/include/vpp_interfaces/vpp_interfaces
[0.541s] -- Up-to-date: /home/alpha/Research/voxblox/install/vpp_interfaces/include/vpp_interfaces/vpp_interfaces/msg
[0.541s] -- Up-to-date: /home/alpha/Research/voxblox/install/vpp_interfaces/include/vpp_interfaces/vpp_interfaces/msg/detail
[0.541s] -- Up-to-date: /home/alpha/Research/voxblox/install/vpp_interfaces/include/vpp_interfaces/vpp_interfaces/msg/detail/dds_fastrtps
[0.541s] -- Up-to-date: /home/alpha/Research/voxblox/install/vpp_interfaces/include/vpp_interfaces/vpp_interfaces/msg/detail/result__rosidl_typesupport_fastrtps_cpp.hpp
[0.541s] -- Up-to-date: /home/alpha/Research/voxblox/install/vpp_interfaces/include/vpp_interfaces/vpp_interfaces/msg/rosidl_typesupport_fastrtps_cpp__visibility_control.h
[0.541s] -- Up-to-date: /home/alpha/Research/voxblox/install/vpp_interfaces/lib/libvpp_interfaces__rosidl_typesupport_fastrtps_cpp.so
[0.542s] -- Up-to-date: /home/alpha/Research/voxblox/install/vpp_interfaces/include/vpp_interfaces/vpp_interfaces
[0.542s] -- Up-to-date: /home/alpha/Research/voxblox/install/vpp_interfaces/include/vpp_interfaces/vpp_interfaces/msg
[0.542s] -- Up-to-date: /home/alpha/Research/voxblox/install/vpp_interfaces/include/vpp_interfaces/vpp_interfaces/msg/rosidl_typesupport_introspection_c__visibility_control.h
[0.542s] -- Up-to-date: /home/alpha/Research/voxblox/install/vpp_interfaces/include/vpp_interfaces/vpp_interfaces/msg/detail
[0.542s] -- Up-to-date: /home/alpha/Research/voxblox/install/vpp_interfaces/include/vpp_interfaces/vpp_interfaces/msg/detail/result__type_support.c
[0.542s] -- Up-to-date: /home/alpha/Research/voxblox/install/vpp_interfaces/include/vpp_interfaces/vpp_interfaces/msg/detail/result__rosidl_typesupport_introspection_c.h
[0.542s] -- Up-to-date: /home/alpha/Research/voxblox/install/vpp_interfaces/lib/libvpp_interfaces__rosidl_typesupport_introspection_c.so
[0.542s] -- Up-to-date: /home/alpha/Research/voxblox/install/vpp_interfaces/lib/libvpp_interfaces__rosidl_typesupport_c.so
[0.543s] -- Up-to-date: /home/alpha/Research/voxblox/install/vpp_interfaces/include/vpp_interfaces/vpp_interfaces
[0.543s] -- Up-to-date: /home/alpha/Research/voxblox/install/vpp_interfaces/include/vpp_interfaces/vpp_interfaces/msg
[0.543s] -- Up-to-date: /home/alpha/Research/voxblox/install/vpp_interfaces/include/vpp_interfaces/vpp_interfaces/msg/detail
[0.543s] -- Up-to-date: /home/alpha/Research/voxblox/install/vpp_interfaces/include/vpp_interfaces/vpp_interfaces/msg/detail/result__rosidl_typesupport_introspection_cpp.hpp
[0.543s] -- Up-to-date: /home/alpha/Research/voxblox/install/vpp_interfaces/include/vpp_interfaces/vpp_interfaces/msg/detail/result__type_support.cpp
[0.543s] -- Up-to-date: /home/alpha/Research/voxblox/install/vpp_interfaces/lib/libvpp_interfaces__rosidl_typesupport_introspection_cpp.so
[0.543s] -- Up-to-date: /home/alpha/Research/voxblox/install/vpp_interfaces/lib/libvpp_interfaces__rosidl_typesupport_cpp.so
[0.543s] -- Up-to-date: /home/alpha/Research/voxblox/install/vpp_interfaces/share/vpp_interfaces/environment/pythonpath.sh
[0.543s] -- Up-to-date: /home/alpha/Research/voxblox/install/vpp_interfaces/share/vpp_interfaces/environment/pythonpath.dsv
[0.543s] -- Up-to-date: /home/alpha/Research/voxblox/install/vpp_interfaces/lib/python3.10/site-packages/vpp_interfaces-0.0.0-py3.10.egg-info
[0.543s] -- Installing: /home/alpha/Research/voxblox/install/vpp_interfaces/lib/python3.10/site-packages/vpp_interfaces-0.0.0-py3.10.egg-info/SOURCES.txt
[0.543s] -- Installing: /home/alpha/Research/voxblox/install/vpp_interfaces/lib/python3.10/site-packages/vpp_interfaces-0.0.0-py3.10.egg-info/PKG-INFO
[0.544s] -- Installing: /home/alpha/Research/voxblox/install/vpp_interfaces/lib/python3.10/site-packages/vpp_interfaces-0.0.0-py3.10.egg-info/top_level.txt
[0.544s] -- Installing: /home/alpha/Research/voxblox/install/vpp_interfaces/lib/python3.10/site-packages/vpp_interfaces-0.0.0-py3.10.egg-info/dependency_links.txt
[0.544s] -- Up-to-date: /home/alpha/Research/voxblox/install/vpp_interfaces/lib/python3.10/site-packages/vpp_interfaces
[0.544s] -- Up-to-date: /home/alpha/Research/voxblox/install/vpp_interfaces/lib/python3.10/site-packages/vpp_interfaces/_vpp_interfaces_s.ep.rosidl_typesupport_c.c
[0.544s] -- Up-to-date: /home/alpha/Research/voxblox/install/vpp_interfaces/lib/python3.10/site-packages/vpp_interfaces/_vpp_interfaces_s.ep.rosidl_typesupport_introspection_c.c
[0.544s] -- Up-to-date: /home/alpha/Research/voxblox/install/vpp_interfaces/lib/python3.10/site-packages/vpp_interfaces/vpp_interfaces_s__rosidl_typesupport_introspection_c.cpython-310-x86_64-linux-gnu.so
[0.544s] -- Up-to-date: /home/alpha/Research/voxblox/install/vpp_interfaces/lib/python3.10/site-packages/vpp_interfaces/libvpp_interfaces__rosidl_generator_py.so
[0.544s] -- Up-to-date: /home/alpha/Research/voxblox/install/vpp_interfaces/lib/python3.10/site-packages/vpp_interfaces/__init__.py
[0.544s] -- Up-to-date: /home/alpha/Research/voxblox/install/vpp_interfaces/lib/python3.10/site-packages/vpp_interfaces/msg
[0.544s] -- Up-to-date: /home/alpha/Research/voxblox/install/vpp_interfaces/lib/python3.10/site-packages/vpp_interfaces/msg/__init__.py
[0.544s] -- Up-to-date: /home/alpha/Research/voxblox/install/vpp_interfaces/lib/python3.10/site-packages/vpp_interfaces/msg/_result.py
[0.544s] -- Up-to-date: /home/alpha/Research/voxblox/install/vpp_interfaces/lib/python3.10/site-packages/vpp_interfaces/msg/_result_s.c
[0.544s] -- Up-to-date: /home/alpha/Research/voxblox/install/vpp_interfaces/lib/python3.10/site-packages/vpp_interfaces/vpp_interfaces_s__rosidl_typesupport_fastrtps_c.cpython-310-x86_64-linux-gnu.so
[0.545s] -- Up-to-date: /home/alpha/Research/voxblox/install/vpp_interfaces/lib/python3.10/site-packages/vpp_interfaces/_vpp_interfaces_s.ep.rosidl_typesupport_fastrtps_c.c
[0.545s] -- Up-to-date: /home/alpha/Research/voxblox/install/vpp_interfaces/lib/python3.10/site-packages/vpp_interfaces/vpp_interfaces_s__rosidl_typesupport_c.cpython-310-x86_64-linux-gnu.so
[0.552s] Listing '/home/alpha/Research/voxblox/install/vpp_interfaces/lib/python3.10/site-packages/vpp_interfaces'...
[0.552s] Listing '/home/alpha/Research/voxblox/install/vpp_interfaces/lib/python3.10/site-packages/vpp_interfaces/msg'...
[0.554s] -- Up-to-date: /home/alpha/Research/voxblox/install/vpp_interfaces/lib/python3.10/site-packages/vpp_interfaces/vpp_interfaces_s__rosidl_typesupport_fastrtps_c.cpython-310-x86_64-linux-gnu.so
[0.554s] -- Up-to-date: /home/alpha/Research/voxblox/install/vpp_interfaces/lib/python3.10/site-packages/vpp_interfaces/vpp_interfaces_s__rosidl_typesupport_introspection_c.cpython-310-x86_64-linux-gnu.so
[0.555s] -- Up-to-date: /home/alpha/Research/voxblox/install/vpp_interfaces/lib/python3.10/site-packages/vpp_interfaces/vpp_interfaces_s__rosidl_typesupport_c.cpython-310-x86_64-linux-gnu.so
[0.555s] -- Up-to-date: /home/alpha/Research/voxblox/install/vpp_interfaces/lib/libvpp_interfaces__rosidl_generator_py.so
[0.555s] -- Up-to-date: /home/alpha/Research/voxblox/install/vpp_interfaces/share/vpp_interfaces/msg/Result.idl
[0.555s] -- Up-to-date: /home/alpha/Research/voxblox/install/vpp_interfaces/share/vpp_interfaces/msg/Result.msg
[0.555s] -- Up-to-date: /home/alpha/Research/voxblox/install/vpp_interfaces/share/ament_index/resource_index/package_run_dependencies/vpp_interfaces
[0.555s] -- Up-to-date: /home/alpha/Research/voxblox/install/vpp_interfaces/share/ament_index/resource_index/parent_prefix_path/vpp_interfaces
[0.555s] -- Up-to-date: /home/alpha/Research/voxblox/install/vpp_interfaces/share/vpp_interfaces/environment/ament_prefix_path.sh
[0.555s] -- Up-to-date: /home/alpha/Research/voxblox/install/vpp_interfaces/share/vpp_interfaces/environment/ament_prefix_path.dsv
[0.556s] -- Up-to-date: /home/alpha/Research/voxblox/install/vpp_interfaces/share/vpp_interfaces/environment/path.sh
[0.556s] -- Up-to-date: /home/alpha/Research/voxblox/install/vpp_interfaces/share/vpp_interfaces/environment/path.dsv
[0.556s] -- Up-to-date: /home/alpha/Research/voxblox/install/vpp_interfaces/share/vpp_interfaces/local_setup.bash
[0.556s] -- Up-to-date: /home/alpha/Research/voxblox/install/vpp_interfaces/share/vpp_interfaces/local_setup.sh
[0.556s] -- Up-to-date: /home/alpha/Research/voxblox/install/vpp_interfaces/share/vpp_interfaces/local_setup.zsh
[0.556s] -- Up-to-date: /home/alpha/Research/voxblox/install/vpp_interfaces/share/vpp_interfaces/local_setup.dsv
[0.556s] -- Installing: /home/alpha/Research/voxblox/install/vpp_interfaces/share/vpp_interfaces/package.dsv
[0.556s] -- Up-to-date: /home/alpha/Research/voxblox/install/vpp_interfaces/share/ament_index/resource_index/packages/vpp_interfaces
[0.556s] -- Up-to-date: /home/alpha/Research/voxblox/install/vpp_interfaces/share/vpp_interfaces/cmake/export_vpp_interfaces__rosidl_generator_cExport.cmake
[0.556s] -- Up-to-date: /home/alpha/Research/voxblox/install/vpp_interfaces/share/vpp_interfaces/cmake/export_vpp_interfaces__rosidl_generator_cExport-noconfig.cmake
[0.556s] -- Up-to-date: /home/alpha/Research/voxblox/install/vpp_interfaces/share/vpp_interfaces/cmake/export_vpp_interfaces__rosidl_typesupport_fastrtps_cExport.cmake
[0.556s] -- Up-to-date: /home/alpha/Research/voxblox/install/vpp_interfaces/share/vpp_interfaces/cmake/export_vpp_interfaces__rosidl_typesupport_fastrtps_cExport-noconfig.cmake
[0.556s] -- Up-to-date: /home/alpha/Research/voxblox/install/vpp_interfaces/share/vpp_interfaces/cmake/export_vpp_interfaces__rosidl_generator_cppExport.cmake
[0.556s] -- Up-to-date: /home/alpha/Research/voxblox/install/vpp_interfaces/share/vpp_interfaces/cmake/export_vpp_interfaces__rosidl_typesupport_fastrtps_cppExport.cmake
[0.556s] -- Up-to-date: /home/alpha/Research/voxblox/install/vpp_interfaces/share/vpp_interfaces/cmake/export_vpp_interfaces__rosidl_typesupport_fastrtps_cppExport-noconfig.cmake
[0.557s] -- Up-to-date: /home/alpha/Research/voxblox/install/vpp_interfaces/share/vpp_interfaces/cmake/vpp_interfaces__rosidl_typesupport_introspection_cExport.cmake
[0.557s] -- Up-to-date: /home/alpha/Research/voxblox/install/vpp_interfaces/share/vpp_interfaces/cmake/vpp_interfaces__rosidl_typesupport_introspection_cExport-noconfig.cmake
[0.557s] -- Up-to-date: /home/alpha/Research/voxblox/install/vpp_interfaces/share/vpp_interfaces/cmake/vpp_interfaces__rosidl_typesupport_cExport.cmake
[0.557s] -- Up-to-date: /home/alpha/Research/voxblox/install/vpp_interfaces/share/vpp_interfaces/cmake/vpp_interfaces__rosidl_typesupport_cExport-noconfig.cmake
[0.557s] -- Up-to-date: /home/alpha/Research/voxblox/install/vpp_interfaces/share/vpp_interfaces/cmake/vpp_interfaces__rosidl_typesupport_introspection_cppExport.cmake
[0.557s] -- Up-to-date: /home/alpha/Research/voxblox/install/vpp_interfaces/share/vpp_interfaces/cmake/vpp_interfaces__rosidl_typesupport_introspection_cppExport-noconfig.cmake
[0.557s] -- Up-to-date: /home/alpha/Research/voxblox/install/vpp_interfaces/share/vpp_interfaces/cmake/vpp_interfaces__rosidl_typesupport_cppExport.cmake
[0.557s] -- Up-to-date: /home/alpha/Research/voxblox/install/vpp_interfaces/share/vpp_interfaces/cmake/vpp_interfaces__rosidl_typesupport_cppExport-noconfig.cmake
[0.557s] -- Up-to-date: /home/alpha/Research/voxblox/install/vpp_interfaces/share/vpp_interfaces/cmake/export_vpp_interfaces__rosidl_generator_pyExport.cmake
[0.557s] -- Up-to-date: /home/alpha/Research/voxblox/install/vpp_interfaces/share/vpp_interfaces/cmake/export_vpp_interfaces__rosidl_generator_pyExport-noconfig.cmake
[0.558s] -- Up-to-date: /home/alpha/Research/voxblox/install/vpp_interfaces/share/vpp_interfaces/cmake/rosidl_cmake-extras.cmake
[0.558s] -- Up-to-date: /home/alpha/Research/voxblox/install/vpp_interfaces/share/vpp_interfaces/cmake/ament_cmake_export_dependencies-extras.cmake
[0.558s] -- Up-to-date: /home/alpha/Research/voxblox/install/vpp_interfaces/share/vpp_interfaces/cmake/ament_cmake_export_include_directories-extras.cmake
[0.558s] -- Up-to-date: /home/alpha/Research/voxblox/install/vpp_interfaces/share/vpp_interfaces/cmake/ament_cmake_export_libraries-extras.cmake
[0.558s] -- Up-to-date: /home/alpha/Research/voxblox/install/vpp_interfaces/share/vpp_interfaces/cmake/ament_cmake_export_targets-extras.cmake
[0.558s] -- Up-to-date: /home/alpha/Research/voxblox/install/vpp_interfaces/share/vpp_interfaces/cmake/rosidl_cmake_export_typesupport_targets-extras.cmake
[0.558s] -- Up-to-date: /home/alpha/Research/voxblox/install/vpp_interfaces/share/vpp_interfaces/cmake/rosidl_cmake_export_typesupport_libraries-extras.cmake
[0.558s] -- Up-to-date: /home/alpha/Research/voxblox/install/vpp_interfaces/share/vpp_interfaces/cmake/vpp_interfacesConfig.cmake
[0.558s] -- Up-to-date: /home/alpha/Research/voxblox/install/vpp_interfaces/share/vpp_interfaces/cmake/vpp_interfacesConfig-version.cmake
[0.559s] -- Up-to-date: /home/alpha/Research/voxblox/install/vpp_interfaces/share/vpp_interfaces/package.xml
[0.561s] Invoked command in '/home/alpha/Research/voxblox/build/vpp_interfaces' returned '0': CMAKE_PREFIX_PATH=${CMAKE_PREFIX_PATH}:/home/alpha/Research/voxblox/install/mask_rcnn_ros2:/home/alpha/Research/voxblox/install/camera:/opt/ros/humble CONDA_PROMPT_MODIFIER=(voxblox) /home/alpha/anaconda3/envs/voxblox/bin/cmake --install /home/alpha/Research/voxblox/build/vpp_interfaces
